2021-01-27 17:26:22,639 Expected runtime: 3.3 hrs
2021-01-27 17:26:23,242 
Data loading runtime: 0.602 s
2021-01-27 17:26:30,445 Initialization runtime: 7.198 s

2021-01-27 17:28:15,261 Epoch: 1/500, runtime: 104.815 s
2021-01-27 17:29:52,503 Expected runtime: 3.3 hrs
2021-01-27 17:29:52,754 
Data loading runtime: 0.250 s
2021-01-27 17:29:55,056 Initialization runtime: 2.297 s

2021-01-27 17:30:22,710 Epoch: 1/500, runtime: 27.654 s
2021-01-27 17:30:50,716 Epoch: 2/500, runtime: 28.005 s
2021-01-27 17:31:18,942 Epoch: 3/500, runtime: 28.227 s
2021-01-27 17:31:47,005 Epoch: 4/500, runtime: 28.062 s
2021-01-27 17:32:14,932 Epoch: 5/500, runtime: 27.927 s
2021-01-27 17:32:42,944 Epoch: 6/500, runtime: 28.012 s
2021-01-27 17:33:11,347 Epoch: 7/500, runtime: 28.403 s
2021-01-27 17:33:39,436 Epoch: 8/500, runtime: 28.088 s
2021-01-27 17:34:07,747 Epoch: 9/500, runtime: 28.311 s
2021-01-27 17:34:35,180 Epoch: 10/500, runtime: 27.433 s
2021-01-27 17:35:02,878 Epoch: 11/500, runtime: 27.698 s
2021-01-27 17:35:30,781 Epoch: 12/500, runtime: 27.902 s
2021-01-27 17:35:58,394 Epoch: 13/500, runtime: 27.612 s
2021-01-27 17:36:26,395 Epoch: 14/500, runtime: 28.001 s
2021-01-27 17:36:54,755 Epoch: 15/500, runtime: 28.359 s
2021-01-27 17:37:22,615 Epoch: 16/500, runtime: 27.860 s
2021-01-27 17:37:50,509 Epoch: 17/500, runtime: 27.894 s
2021-01-27 17:38:18,394 Epoch: 18/500, runtime: 27.884 s
2021-01-27 17:38:46,441 Epoch: 19/500, runtime: 28.047 s
2021-01-27 17:39:14,505 Epoch: 20/500, runtime: 28.063 s
2021-01-27 17:39:42,653 Epoch: 21/500, runtime: 28.148 s
2021-01-27 17:40:10,693 Epoch: 22/500, runtime: 28.040 s
2021-01-27 17:40:38,467 Epoch: 23/500, runtime: 27.773 s
2021-01-27 17:41:06,301 Epoch: 24/500, runtime: 27.834 s
2021-01-27 17:41:34,310 Epoch: 25/500, runtime: 28.009 s
2021-01-27 17:42:02,463 Epoch: 26/500, runtime: 28.152 s
2021-01-27 17:42:30,583 Epoch: 27/500, runtime: 28.120 s
2021-01-27 17:42:58,414 Epoch: 28/500, runtime: 27.831 s
2021-01-27 17:43:26,274 Epoch: 29/500, runtime: 27.860 s
2021-01-27 17:43:54,023 Epoch: 30/500, runtime: 27.749 s
2021-01-27 17:44:21,954 Epoch: 31/500, runtime: 27.930 s
2021-01-27 17:44:50,028 Epoch: 32/500, runtime: 28.073 s
2021-01-27 17:45:18,189 Epoch: 33/500, runtime: 28.161 s
2021-01-27 17:45:45,828 Epoch: 34/500, runtime: 27.639 s
2021-01-27 17:46:13,978 Epoch: 35/500, runtime: 28.149 s
2021-01-27 17:46:41,981 Epoch: 36/500, runtime: 28.004 s
2021-01-27 17:47:10,201 Epoch: 37/500, runtime: 28.219 s
2021-01-27 17:47:38,040 Epoch: 38/500, runtime: 27.839 s
2021-01-27 17:48:06,260 Epoch: 39/500, runtime: 28.220 s
2021-01-27 17:48:34,183 Epoch: 40/500, runtime: 27.924 s
2021-01-27 17:49:02,256 Epoch: 41/500, runtime: 28.072 s
2021-01-27 17:49:30,242 Epoch: 42/500, runtime: 27.985 s
2021-01-27 17:49:58,053 Epoch: 43/500, runtime: 27.811 s
2021-01-27 17:50:26,048 Epoch: 44/500, runtime: 27.996 s
2021-01-27 17:50:54,236 Epoch: 45/500, runtime: 28.187 s
2021-01-27 17:51:22,078 Epoch: 46/500, runtime: 27.842 s
2021-01-27 17:51:49,888 Epoch: 47/500, runtime: 27.810 s
2021-01-27 17:52:17,720 Epoch: 48/500, runtime: 27.831 s
2021-01-27 17:52:45,628 Epoch: 49/500, runtime: 27.908 s
2021-01-27 17:53:13,463 Epoch: 50/500, runtime: 27.835 s
2021-01-27 17:53:41,372 Epoch: 51/500, runtime: 27.909 s
2021-01-27 17:54:09,164 Epoch: 52/500, runtime: 27.791 s
2021-01-27 17:54:37,015 Epoch: 53/500, runtime: 27.850 s
2021-01-27 17:55:05,228 Epoch: 54/500, runtime: 28.213 s
2021-01-27 17:55:33,219 Epoch: 55/500, runtime: 27.991 s
2021-01-27 17:56:00,977 Epoch: 56/500, runtime: 27.759 s
2021-01-27 17:56:29,088 Epoch: 57/500, runtime: 28.111 s
2021-01-27 17:56:56,895 Epoch: 58/500, runtime: 27.806 s
2021-01-27 17:57:24,849 Epoch: 59/500, runtime: 27.954 s
2021-01-27 17:57:52,939 Epoch: 60/500, runtime: 28.090 s
2021-01-27 17:58:20,846 Epoch: 61/500, runtime: 27.907 s
2021-01-27 17:58:48,755 Epoch: 62/500, runtime: 27.908 s
2021-01-27 17:59:16,468 Epoch: 63/500, runtime: 27.713 s
2021-01-27 17:59:44,218 Epoch: 64/500, runtime: 27.750 s
2021-01-27 18:00:12,520 Epoch: 65/500, runtime: 28.302 s
2021-01-27 18:00:40,438 Epoch: 66/500, runtime: 27.918 s
2021-01-27 18:01:07,931 Epoch: 67/500, runtime: 27.492 s
2021-01-27 18:01:35,845 Epoch: 68/500, runtime: 27.914 s
2021-01-27 18:02:03,503 Epoch: 69/500, runtime: 27.657 s
2021-01-27 18:02:31,357 Epoch: 70/500, runtime: 27.854 s
2021-01-27 18:02:59,386 Epoch: 71/500, runtime: 28.029 s
2021-01-27 18:03:27,389 Epoch: 72/500, runtime: 28.002 s
2021-01-27 18:03:55,605 Epoch: 73/500, runtime: 28.216 s
2021-01-27 18:04:23,582 Epoch: 74/500, runtime: 27.977 s
2021-01-27 18:04:51,447 Epoch: 75/500, runtime: 27.865 s
2021-01-27 18:05:19,063 Epoch: 76/500, runtime: 27.616 s
2021-01-27 18:05:46,947 Epoch: 77/500, runtime: 27.883 s
2021-01-27 18:06:14,814 Epoch: 78/500, runtime: 27.867 s
2021-01-27 18:06:42,851 Epoch: 79/500, runtime: 28.036 s
2021-01-27 18:07:10,766 Epoch: 80/500, runtime: 27.915 s
2021-01-27 18:07:38,865 Epoch: 81/500, runtime: 28.099 s
2021-01-27 18:08:07,038 Epoch: 82/500, runtime: 28.173 s
2021-01-27 18:08:35,174 Epoch: 83/500, runtime: 28.136 s
2021-01-27 18:09:03,174 Epoch: 84/500, runtime: 27.999 s
2021-01-27 18:09:31,089 Epoch: 85/500, runtime: 27.915 s
2021-01-27 18:09:59,213 Epoch: 86/500, runtime: 28.124 s
2021-01-27 18:10:27,197 Epoch: 87/500, runtime: 27.983 s
2021-01-27 18:10:54,812 Epoch: 88/500, runtime: 27.615 s
2021-01-27 18:11:22,460 Epoch: 89/500, runtime: 27.648 s
2021-01-27 18:11:50,532 Epoch: 90/500, runtime: 28.072 s
2021-01-27 18:12:18,520 Epoch: 91/500, runtime: 27.988 s
2021-01-27 18:12:46,711 Epoch: 92/500, runtime: 28.190 s
2021-01-27 18:13:15,161 Epoch: 93/500, runtime: 28.450 s
2021-01-27 18:13:43,057 Epoch: 94/500, runtime: 27.896 s
2021-01-27 18:14:11,270 Epoch: 95/500, runtime: 28.213 s
2021-01-27 18:14:39,690 Epoch: 96/500, runtime: 28.420 s
2021-01-27 18:15:07,930 Epoch: 97/500, runtime: 28.240 s
2021-01-27 18:15:36,350 Epoch: 98/500, runtime: 28.420 s
2021-01-27 18:16:04,575 Epoch: 99/500, runtime: 28.224 s
2021-01-27 18:16:32,642 Epoch: 100/500, runtime: 28.068 s
2021-01-27 18:17:00,547 Epoch: 101/500, runtime: 27.904 s
2021-01-27 18:17:28,677 Epoch: 102/500, runtime: 28.130 s
2021-01-27 18:17:56,956 Epoch: 103/500, runtime: 28.279 s
2021-01-27 18:18:25,186 Epoch: 104/500, runtime: 28.230 s
2021-01-27 18:18:53,589 Epoch: 105/500, runtime: 28.403 s
2021-01-27 18:19:21,420 Epoch: 106/500, runtime: 27.831 s
2021-01-27 18:19:49,723 Epoch: 107/500, runtime: 28.303 s
2021-01-27 18:20:18,028 Epoch: 108/500, runtime: 28.305 s
2021-01-27 18:20:46,500 Epoch: 109/500, runtime: 28.472 s
2021-01-27 18:21:14,300 Epoch: 110/500, runtime: 27.800 s
2021-01-27 18:21:42,407 Epoch: 111/500, runtime: 28.107 s
2021-01-27 18:22:10,425 Epoch: 112/500, runtime: 28.017 s
2021-01-27 18:22:38,245 Epoch: 113/500, runtime: 27.820 s
2021-01-27 18:23:06,089 Epoch: 114/500, runtime: 27.844 s
2021-01-27 18:23:33,943 Epoch: 115/500, runtime: 27.854 s
2021-01-27 18:24:01,532 Epoch: 116/500, runtime: 27.589 s
2021-01-27 18:24:29,154 Epoch: 117/500, runtime: 27.622 s
2021-01-27 18:24:57,422 Epoch: 118/500, runtime: 28.268 s
2021-01-27 18:25:25,667 Epoch: 119/500, runtime: 28.245 s
2021-01-27 18:25:53,499 Epoch: 120/500, runtime: 27.832 s
2021-01-27 18:26:21,474 Epoch: 121/500, runtime: 27.974 s
2021-01-27 18:26:49,258 Epoch: 122/500, runtime: 27.784 s
2021-01-27 18:27:16,907 Epoch: 123/500, runtime: 27.649 s
2021-01-27 18:27:44,932 Epoch: 124/500, runtime: 28.024 s
2021-01-27 18:28:13,234 Epoch: 125/500, runtime: 28.302 s
2021-01-27 18:28:41,008 Epoch: 126/500, runtime: 27.774 s
2021-01-27 18:29:08,793 Epoch: 127/500, runtime: 27.785 s
2021-01-27 18:29:36,687 Epoch: 128/500, runtime: 27.894 s
2021-01-27 18:30:04,576 Epoch: 129/500, runtime: 27.889 s
2021-01-27 18:30:32,419 Epoch: 130/500, runtime: 27.843 s
2021-01-27 18:31:00,639 Epoch: 131/500, runtime: 28.220 s
2021-01-27 18:31:28,482 Epoch: 132/500, runtime: 27.843 s
2021-01-27 18:31:56,601 Epoch: 133/500, runtime: 28.118 s
2021-01-27 18:32:24,924 Epoch: 134/500, runtime: 28.323 s
2021-01-27 18:32:52,700 Epoch: 135/500, runtime: 27.776 s
2021-01-27 18:33:20,247 Epoch: 136/500, runtime: 27.547 s
2021-01-27 18:33:48,115 Epoch: 137/500, runtime: 27.867 s
2021-01-27 18:34:16,464 Epoch: 138/500, runtime: 28.349 s
2021-01-27 18:34:44,545 Epoch: 139/500, runtime: 28.081 s
2021-01-27 18:35:12,472 Epoch: 140/500, runtime: 27.927 s
2021-01-27 18:35:40,650 Epoch: 141/500, runtime: 28.176 s
2021-01-27 18:36:08,782 Epoch: 142/500, runtime: 28.132 s
2021-01-27 18:36:36,785 Epoch: 143/500, runtime: 28.003 s
2021-01-27 18:37:04,829 Epoch: 144/500, runtime: 28.044 s
2021-01-27 18:37:33,034 Epoch: 145/500, runtime: 28.200 s
2021-01-27 18:38:00,966 Epoch: 146/500, runtime: 27.933 s
2021-01-27 18:38:29,301 Epoch: 147/500, runtime: 28.334 s
2021-01-27 18:38:57,008 Epoch: 148/500, runtime: 27.707 s
2021-01-27 18:39:25,164 Epoch: 149/500, runtime: 28.156 s
2021-01-27 18:39:53,321 Epoch: 150/500, runtime: 28.157 s
2021-01-27 18:40:21,279 Epoch: 151/500, runtime: 27.958 s
2021-01-27 18:40:49,383 Epoch: 152/500, runtime: 28.104 s
2021-01-27 18:41:17,563 Epoch: 153/500, runtime: 28.180 s
2021-01-27 18:41:45,628 Epoch: 154/500, runtime: 28.064 s
2021-01-27 18:42:13,887 Epoch: 155/500, runtime: 28.259 s
2021-01-27 18:42:42,107 Epoch: 156/500, runtime: 28.220 s
2021-01-27 18:43:10,167 Epoch: 157/500, runtime: 28.059 s
2021-01-27 18:43:37,647 Epoch: 158/500, runtime: 27.480 s
2021-01-27 18:44:05,728 Epoch: 159/500, runtime: 28.080 s
2021-01-27 18:44:33,685 Epoch: 160/500, runtime: 27.957 s
2021-01-27 18:45:01,850 Epoch: 161/500, runtime: 28.165 s
2021-01-27 18:45:29,732 Epoch: 162/500, runtime: 27.882 s
2021-01-27 18:45:57,731 Epoch: 163/500, runtime: 27.999 s
2021-01-27 18:46:26,057 Epoch: 164/500, runtime: 28.326 s
2021-01-27 18:46:54,050 Epoch: 165/500, runtime: 27.993 s
2021-01-27 18:47:21,829 Epoch: 166/500, runtime: 27.779 s
2021-01-27 18:47:49,477 Epoch: 167/500, runtime: 27.647 s
2021-01-27 18:48:17,610 Epoch: 168/500, runtime: 28.134 s
2021-01-27 18:48:45,527 Epoch: 169/500, runtime: 27.917 s
2021-01-27 18:49:13,391 Epoch: 170/500, runtime: 27.864 s
2021-01-27 18:49:41,613 Epoch: 171/500, runtime: 28.221 s
2021-01-27 18:50:09,664 Epoch: 172/500, runtime: 28.051 s
2021-01-27 18:50:37,502 Epoch: 173/500, runtime: 27.837 s
2021-01-27 18:51:05,613 Epoch: 174/500, runtime: 28.111 s
2021-01-27 18:51:33,534 Epoch: 175/500, runtime: 27.921 s
2021-01-27 18:52:01,552 Epoch: 176/500, runtime: 28.018 s
2021-01-27 18:52:29,516 Epoch: 177/500, runtime: 27.963 s
2021-01-27 18:52:57,061 Epoch: 178/500, runtime: 27.545 s
2021-01-27 18:53:24,974 Epoch: 179/500, runtime: 27.913 s
2021-01-27 18:53:52,988 Epoch: 180/500, runtime: 28.014 s
2021-01-27 18:54:21,441 Epoch: 181/500, runtime: 28.452 s
2021-01-27 18:54:49,441 Epoch: 182/500, runtime: 28.000 s
2021-01-27 18:55:17,243 Epoch: 183/500, runtime: 27.802 s
2021-01-27 18:55:45,069 Epoch: 184/500, runtime: 27.826 s
2021-01-27 18:56:13,387 Epoch: 185/500, runtime: 28.318 s
2021-01-27 18:56:41,173 Epoch: 186/500, runtime: 27.785 s
2021-01-27 18:57:08,994 Epoch: 187/500, runtime: 27.821 s
2021-01-27 18:57:37,018 Epoch: 188/500, runtime: 28.024 s
2021-01-27 18:58:04,803 Epoch: 189/500, runtime: 27.785 s
2021-01-27 18:58:32,886 Epoch: 190/500, runtime: 28.083 s
2021-01-27 18:59:00,762 Epoch: 191/500, runtime: 27.875 s
2021-01-27 18:59:29,079 Epoch: 192/500, runtime: 28.317 s
2021-01-27 18:59:57,266 Epoch: 193/500, runtime: 28.187 s
2021-01-27 19:00:25,439 Epoch: 194/500, runtime: 28.173 s
2021-01-27 19:00:53,094 Epoch: 195/500, runtime: 27.654 s
2021-01-27 19:01:21,013 Epoch: 196/500, runtime: 27.919 s
2021-01-27 19:01:49,527 Epoch: 197/500, runtime: 28.513 s
2021-01-27 19:02:17,356 Epoch: 198/500, runtime: 27.829 s
2021-01-27 19:02:45,542 Epoch: 199/500, runtime: 28.186 s
2021-01-27 19:03:13,811 Epoch: 200/500, runtime: 28.269 s
2021-01-27 19:03:41,922 Epoch: 201/500, runtime: 28.110 s
2021-01-27 19:04:09,891 Epoch: 202/500, runtime: 27.969 s
2021-01-27 19:04:37,773 Epoch: 203/500, runtime: 27.882 s
2021-01-27 19:05:05,717 Epoch: 204/500, runtime: 27.944 s
2021-01-27 19:05:33,645 Epoch: 205/500, runtime: 27.928 s
2021-01-27 19:06:01,475 Epoch: 206/500, runtime: 27.830 s
2021-01-27 19:06:29,913 Epoch: 207/500, runtime: 28.438 s
2021-01-27 19:06:57,831 Epoch: 208/500, runtime: 27.918 s
2021-01-27 19:07:25,822 Epoch: 209/500, runtime: 27.990 s
2021-01-27 19:07:53,669 Epoch: 210/500, runtime: 27.847 s
2021-01-27 19:08:22,086 Epoch: 211/500, runtime: 28.417 s
2021-01-27 19:08:50,224 Epoch: 212/500, runtime: 28.137 s
2021-01-27 19:09:18,156 Epoch: 213/500, runtime: 27.932 s
2021-01-27 19:09:46,306 Epoch: 214/500, runtime: 28.150 s
2021-01-27 19:10:14,525 Epoch: 215/500, runtime: 28.219 s
2021-01-27 19:10:42,694 Epoch: 216/500, runtime: 28.169 s
2021-01-27 19:11:10,721 Epoch: 217/500, runtime: 28.026 s
2021-01-27 19:11:38,780 Epoch: 218/500, runtime: 28.059 s
2021-01-27 19:12:07,025 Epoch: 219/500, runtime: 28.244 s
2021-01-27 19:12:34,816 Epoch: 220/500, runtime: 27.791 s
2021-01-27 19:13:02,752 Epoch: 221/500, runtime: 27.936 s
2021-01-27 19:13:30,668 Epoch: 222/500, runtime: 27.916 s
2021-01-27 19:13:58,472 Epoch: 223/500, runtime: 27.804 s
2021-01-27 19:14:26,484 Epoch: 224/500, runtime: 28.012 s
2021-01-27 19:14:54,487 Epoch: 225/500, runtime: 28.003 s
2021-01-27 19:15:21,955 Epoch: 226/500, runtime: 27.468 s
2021-01-27 19:15:50,348 Epoch: 227/500, runtime: 28.392 s
2021-01-27 19:16:18,287 Epoch: 228/500, runtime: 27.940 s
2021-01-27 19:16:46,210 Epoch: 229/500, runtime: 27.923 s
2021-01-27 19:17:14,269 Epoch: 230/500, runtime: 28.058 s
2021-01-27 19:17:42,483 Epoch: 231/500, runtime: 28.214 s
2021-01-27 19:18:10,407 Epoch: 232/500, runtime: 27.924 s
2021-01-27 19:18:38,462 Epoch: 233/500, runtime: 28.054 s
2021-01-27 19:19:06,160 Epoch: 234/500, runtime: 27.699 s
2021-01-27 19:19:34,410 Epoch: 235/500, runtime: 28.250 s
2021-01-27 19:20:02,942 Epoch: 236/500, runtime: 28.532 s
2021-01-27 19:20:30,940 Epoch: 237/500, runtime: 27.998 s
2021-01-27 19:20:58,873 Epoch: 238/500, runtime: 27.933 s
2021-01-27 19:21:26,885 Epoch: 239/500, runtime: 28.012 s
2021-01-27 19:21:54,980 Epoch: 240/500, runtime: 28.095 s
2021-01-27 19:22:23,202 Epoch: 241/500, runtime: 28.221 s
2021-01-27 19:22:51,153 Epoch: 242/500, runtime: 27.951 s
2021-01-27 19:23:19,448 Epoch: 243/500, runtime: 28.295 s
2021-01-27 19:23:47,149 Epoch: 244/500, runtime: 27.701 s
2021-01-27 19:24:15,001 Epoch: 245/500, runtime: 27.852 s
2021-01-27 19:24:43,322 Epoch: 246/500, runtime: 28.320 s
2021-01-27 19:25:11,032 Epoch: 247/500, runtime: 27.711 s
2021-01-27 19:25:38,867 Epoch: 248/500, runtime: 27.834 s
2021-01-27 19:26:06,961 Epoch: 249/500, runtime: 28.094 s
2021-01-27 19:26:35,284 Epoch: 250/500, runtime: 28.324 s
2021-01-27 19:27:03,463 Epoch: 251/500, runtime: 28.178 s
2021-01-27 19:27:31,357 Epoch: 252/500, runtime: 27.894 s
2021-01-27 19:27:58,998 Epoch: 253/500, runtime: 27.641 s
2021-01-27 19:28:26,747 Epoch: 254/500, runtime: 27.749 s
2021-01-27 19:28:54,827 Epoch: 255/500, runtime: 28.080 s
2021-01-27 19:29:22,922 Epoch: 256/500, runtime: 28.094 s
2021-01-27 19:29:50,635 Epoch: 257/500, runtime: 27.713 s
2021-01-27 19:30:18,992 Epoch: 258/500, runtime: 28.357 s
2021-01-27 19:30:47,023 Epoch: 259/500, runtime: 28.031 s
2021-01-27 19:31:14,750 Epoch: 260/500, runtime: 27.726 s
2021-01-27 19:31:42,817 Epoch: 261/500, runtime: 28.067 s
2021-01-27 19:32:10,506 Epoch: 262/500, runtime: 27.689 s
2021-01-27 19:32:38,673 Epoch: 263/500, runtime: 28.166 s
2021-01-27 19:33:06,588 Epoch: 264/500, runtime: 27.915 s
2021-01-27 19:33:34,747 Epoch: 265/500, runtime: 28.159 s
2021-01-27 19:34:02,885 Epoch: 266/500, runtime: 28.138 s
2021-01-27 19:34:30,985 Epoch: 267/500, runtime: 28.100 s
2021-01-27 19:34:58,892 Epoch: 268/500, runtime: 27.907 s
2021-01-27 19:35:26,687 Epoch: 269/500, runtime: 27.795 s
2021-01-27 19:35:54,729 Epoch: 270/500, runtime: 28.041 s
2021-01-27 19:36:22,400 Epoch: 271/500, runtime: 27.671 s
2021-01-27 19:36:50,046 Epoch: 272/500, runtime: 27.646 s
2021-01-27 19:37:18,364 Epoch: 273/500, runtime: 28.318 s
2021-01-27 19:37:46,592 Epoch: 274/500, runtime: 28.228 s
2021-01-27 19:38:14,612 Epoch: 275/500, runtime: 28.020 s
2021-01-27 19:38:42,628 Epoch: 276/500, runtime: 28.015 s
2021-01-27 19:39:10,297 Epoch: 277/500, runtime: 27.669 s
2021-01-27 19:39:38,234 Epoch: 278/500, runtime: 27.936 s
2021-01-27 19:40:06,535 Epoch: 279/500, runtime: 28.301 s
2021-01-27 19:40:34,395 Epoch: 280/500, runtime: 27.860 s
2021-01-27 19:41:02,361 Epoch: 281/500, runtime: 27.965 s
2021-01-27 19:41:30,518 Epoch: 282/500, runtime: 28.157 s
2021-01-27 19:41:58,673 Epoch: 283/500, runtime: 28.155 s
2021-01-27 19:42:26,763 Epoch: 284/500, runtime: 28.090 s
2021-01-27 19:42:54,664 Epoch: 285/500, runtime: 27.900 s
2021-01-27 19:43:22,816 Epoch: 286/500, runtime: 28.152 s
2021-01-27 19:43:50,882 Epoch: 287/500, runtime: 28.066 s
2021-01-27 19:44:19,001 Epoch: 288/500, runtime: 28.119 s
2021-01-27 19:44:46,744 Epoch: 289/500, runtime: 27.742 s
2021-01-27 19:45:14,378 Epoch: 290/500, runtime: 27.634 s
2021-01-27 19:45:42,320 Epoch: 291/500, runtime: 27.942 s
2021-01-27 19:46:10,497 Epoch: 292/500, runtime: 28.176 s
2021-01-27 19:46:38,178 Epoch: 293/500, runtime: 27.682 s
2021-01-27 19:47:06,710 Epoch: 294/500, runtime: 28.531 s
2021-01-27 19:47:34,783 Epoch: 295/500, runtime: 28.073 s
2021-01-27 19:48:02,594 Epoch: 296/500, runtime: 27.811 s
2021-01-27 19:48:30,649 Epoch: 297/500, runtime: 28.055 s
2021-01-27 19:48:58,468 Epoch: 298/500, runtime: 27.818 s
2021-01-27 19:49:26,456 Epoch: 299/500, runtime: 27.989 s
2021-01-27 19:49:54,407 Epoch: 300/500, runtime: 27.950 s
2021-01-27 19:50:22,219 Epoch: 301/500, runtime: 27.812 s
2021-01-27 19:50:50,212 Epoch: 302/500, runtime: 27.993 s
2021-01-27 19:51:18,224 Epoch: 303/500, runtime: 28.012 s
2021-01-27 19:51:46,308 Epoch: 304/500, runtime: 28.084 s
2021-01-27 19:52:14,198 Epoch: 305/500, runtime: 27.890 s
2021-01-27 19:52:42,301 Epoch: 306/500, runtime: 28.103 s
2021-01-27 19:53:10,251 Epoch: 307/500, runtime: 27.950 s
2021-01-27 19:53:38,274 Epoch: 308/500, runtime: 28.023 s
2021-01-27 19:54:06,237 Epoch: 309/500, runtime: 27.963 s
2021-01-27 19:54:33,978 Epoch: 310/500, runtime: 27.740 s
2021-01-27 19:55:01,536 Epoch: 311/500, runtime: 27.558 s
2021-01-27 19:55:29,448 Epoch: 312/500, runtime: 27.912 s
2021-01-27 19:55:57,323 Epoch: 313/500, runtime: 27.874 s
2021-01-27 19:56:25,493 Epoch: 314/500, runtime: 28.170 s
2021-01-27 19:56:53,945 Epoch: 315/500, runtime: 28.452 s
2021-01-27 19:57:21,941 Epoch: 316/500, runtime: 27.996 s
2021-01-27 19:57:49,860 Epoch: 317/500, runtime: 27.919 s
2021-01-27 19:58:17,889 Epoch: 318/500, runtime: 28.029 s
2021-01-27 19:58:45,590 Epoch: 319/500, runtime: 27.701 s
2021-01-27 19:59:13,274 Epoch: 320/500, runtime: 27.683 s
2021-01-27 19:59:41,830 Epoch: 321/500, runtime: 28.556 s
2021-01-27 20:00:09,844 Epoch: 322/500, runtime: 28.014 s
2021-01-27 20:00:37,357 Epoch: 323/500, runtime: 27.513 s
2021-01-27 20:01:04,961 Epoch: 324/500, runtime: 27.604 s
2021-01-27 20:01:33,272 Epoch: 325/500, runtime: 28.310 s
2021-01-27 20:02:01,338 Epoch: 326/500, runtime: 28.065 s
2021-01-27 20:02:29,495 Epoch: 327/500, runtime: 28.157 s
2021-01-27 20:02:57,374 Epoch: 328/500, runtime: 27.879 s
2021-01-27 20:03:25,022 Epoch: 329/500, runtime: 27.648 s
2021-01-27 20:03:53,084 Epoch: 330/500, runtime: 28.061 s
2021-01-27 20:04:21,179 Epoch: 331/500, runtime: 28.096 s
2021-01-27 20:04:49,044 Epoch: 332/500, runtime: 27.864 s
2021-01-27 20:05:16,781 Epoch: 333/500, runtime: 27.737 s
2021-01-27 20:05:44,625 Epoch: 334/500, runtime: 27.844 s
2021-01-27 20:06:12,360 Epoch: 335/500, runtime: 27.735 s
2021-01-27 20:06:40,512 Epoch: 336/500, runtime: 28.151 s
2021-01-27 20:07:08,575 Epoch: 337/500, runtime: 28.063 s
2021-01-27 20:07:36,520 Epoch: 338/500, runtime: 27.944 s
2021-01-27 20:08:04,952 Epoch: 339/500, runtime: 28.432 s
2021-01-27 20:08:32,870 Epoch: 340/500, runtime: 27.918 s
2021-01-27 20:09:01,085 Epoch: 341/500, runtime: 28.215 s
2021-01-27 20:09:28,724 Epoch: 342/500, runtime: 27.639 s
2021-01-27 20:09:56,476 Epoch: 343/500, runtime: 27.751 s
2021-01-27 20:10:24,219 Epoch: 344/500, runtime: 27.743 s
2021-01-27 20:10:52,539 Epoch: 345/500, runtime: 28.320 s
2021-01-27 20:11:20,559 Epoch: 346/500, runtime: 28.020 s
2021-01-27 20:11:49,005 Epoch: 347/500, runtime: 28.445 s
2021-01-27 20:12:17,356 Epoch: 348/500, runtime: 28.351 s
2021-01-27 20:12:45,195 Epoch: 349/500, runtime: 27.839 s
2021-01-27 20:13:13,400 Epoch: 350/500, runtime: 28.205 s
2021-01-27 20:13:41,230 Epoch: 351/500, runtime: 27.830 s
2021-01-27 20:14:08,951 Epoch: 352/500, runtime: 27.721 s
2021-01-27 20:14:37,069 Epoch: 353/500, runtime: 28.117 s
2021-01-27 20:15:05,112 Epoch: 354/500, runtime: 28.043 s
2021-01-27 20:15:33,359 Epoch: 355/500, runtime: 28.247 s
2021-01-27 20:16:01,450 Epoch: 356/500, runtime: 28.091 s
2021-01-27 20:16:29,689 Epoch: 357/500, runtime: 28.239 s
2021-01-27 20:16:57,783 Epoch: 358/500, runtime: 28.094 s
2021-01-27 20:17:25,854 Epoch: 359/500, runtime: 28.070 s
2021-01-27 20:17:53,747 Epoch: 360/500, runtime: 27.893 s
2021-01-27 20:18:21,519 Epoch: 361/500, runtime: 27.772 s
2021-01-27 20:18:49,209 Epoch: 362/500, runtime: 27.690 s
2021-01-27 20:19:17,112 Epoch: 363/500, runtime: 27.902 s
2021-01-27 20:19:45,199 Epoch: 364/500, runtime: 28.086 s
2021-01-27 20:20:13,270 Epoch: 365/500, runtime: 28.071 s
2021-01-27 20:20:41,257 Epoch: 366/500, runtime: 27.988 s
2021-01-27 20:21:09,646 Epoch: 367/500, runtime: 28.389 s
2021-01-27 20:21:37,752 Epoch: 368/500, runtime: 28.105 s
2021-01-27 20:22:05,501 Epoch: 369/500, runtime: 27.749 s
2021-01-27 20:22:33,417 Epoch: 370/500, runtime: 27.916 s
2021-01-27 20:23:01,221 Epoch: 371/500, runtime: 27.804 s
2021-01-27 20:23:29,109 Epoch: 372/500, runtime: 27.888 s
2021-01-27 20:23:56,800 Epoch: 373/500, runtime: 27.691 s
2021-01-27 20:24:25,113 Epoch: 374/500, runtime: 28.312 s
2021-01-27 20:24:53,442 Epoch: 375/500, runtime: 28.329 s
2021-01-27 20:25:21,622 Epoch: 376/500, runtime: 28.179 s
2021-01-27 20:25:49,370 Epoch: 377/500, runtime: 27.748 s
2021-01-27 20:26:17,225 Epoch: 378/500, runtime: 27.855 s
2021-01-27 20:26:45,526 Epoch: 379/500, runtime: 28.300 s
2021-01-27 20:27:13,145 Epoch: 380/500, runtime: 27.619 s
2021-01-27 20:27:40,886 Epoch: 381/500, runtime: 27.740 s
2021-01-27 20:28:09,087 Epoch: 382/500, runtime: 28.201 s
2021-01-27 20:28:36,833 Epoch: 383/500, runtime: 27.746 s
2021-01-27 20:29:04,969 Epoch: 384/500, runtime: 28.136 s
2021-01-27 20:29:32,817 Epoch: 385/500, runtime: 27.848 s
2021-01-27 20:30:01,186 Epoch: 386/500, runtime: 28.368 s
2021-01-27 20:30:28,664 Epoch: 387/500, runtime: 27.478 s
2021-01-27 20:30:56,813 Epoch: 388/500, runtime: 28.149 s
2021-01-27 20:31:24,472 Epoch: 389/500, runtime: 27.659 s
2021-01-27 20:31:52,252 Epoch: 390/500, runtime: 27.780 s
2021-01-27 20:32:19,794 Epoch: 391/500, runtime: 27.542 s
2021-01-27 20:32:47,590 Epoch: 392/500, runtime: 27.796 s
2021-01-27 20:33:15,369 Epoch: 393/500, runtime: 27.779 s
2021-01-27 20:33:43,193 Epoch: 394/500, runtime: 27.824 s
2021-01-27 20:34:10,989 Epoch: 395/500, runtime: 27.795 s
2021-01-27 20:34:39,080 Epoch: 396/500, runtime: 28.092 s
2021-01-27 20:35:07,226 Epoch: 397/500, runtime: 28.146 s
2021-01-27 20:35:35,182 Epoch: 398/500, runtime: 27.955 s
2021-01-27 20:36:03,524 Epoch: 399/500, runtime: 28.342 s
2021-01-27 20:36:31,516 Epoch: 400/500, runtime: 27.992 s
2021-01-27 20:36:59,845 Epoch: 401/500, runtime: 28.329 s
2021-01-27 20:37:27,693 Epoch: 402/500, runtime: 27.848 s
2021-01-27 20:37:55,908 Epoch: 403/500, runtime: 28.214 s
2021-01-27 20:38:23,904 Epoch: 404/500, runtime: 27.996 s
2021-01-27 20:38:51,758 Epoch: 405/500, runtime: 27.854 s
2021-01-27 20:39:19,387 Epoch: 406/500, runtime: 27.629 s
2021-01-27 20:39:47,323 Epoch: 407/500, runtime: 27.936 s
2021-01-27 20:40:15,025 Epoch: 408/500, runtime: 27.701 s
2021-01-27 20:40:43,347 Epoch: 409/500, runtime: 28.322 s
2021-01-27 20:41:11,319 Epoch: 410/500, runtime: 27.971 s
2021-01-27 20:41:39,152 Epoch: 411/500, runtime: 27.833 s
2021-01-27 20:42:07,014 Epoch: 412/500, runtime: 27.862 s
2021-01-27 20:42:35,461 Epoch: 413/500, runtime: 28.447 s
2021-01-27 20:43:03,697 Epoch: 414/500, runtime: 28.236 s
2021-01-27 20:43:31,949 Epoch: 415/500, runtime: 28.252 s
2021-01-27 20:43:59,525 Epoch: 416/500, runtime: 27.576 s
2021-01-27 20:44:27,321 Epoch: 417/500, runtime: 27.796 s
2021-01-27 20:44:55,239 Epoch: 418/500, runtime: 27.918 s
2021-01-27 20:45:23,188 Epoch: 419/500, runtime: 27.949 s
2021-01-27 20:45:51,624 Epoch: 420/500, runtime: 28.436 s
2021-01-27 20:46:19,869 Epoch: 421/500, runtime: 28.244 s
2021-01-27 20:46:47,667 Epoch: 422/500, runtime: 27.798 s
2021-01-27 20:47:15,743 Epoch: 423/500, runtime: 28.076 s
2021-01-27 20:47:43,625 Epoch: 424/500, runtime: 27.882 s
2021-01-27 20:48:11,814 Epoch: 425/500, runtime: 28.189 s
2021-01-27 20:48:39,937 Epoch: 426/500, runtime: 28.122 s
2021-01-27 20:49:07,702 Epoch: 427/500, runtime: 27.765 s
2021-01-27 20:49:35,345 Epoch: 428/500, runtime: 27.643 s
2021-01-27 20:50:03,183 Epoch: 429/500, runtime: 27.837 s
2021-01-27 20:50:30,927 Epoch: 430/500, runtime: 27.744 s
2021-01-27 20:50:58,861 Epoch: 431/500, runtime: 27.934 s
2021-01-27 20:51:26,759 Epoch: 432/500, runtime: 27.898 s
2021-01-27 20:51:54,955 Epoch: 433/500, runtime: 28.195 s
2021-01-27 20:52:22,665 Epoch: 434/500, runtime: 27.710 s
2021-01-27 20:52:50,889 Epoch: 435/500, runtime: 28.224 s
2021-01-27 20:53:18,873 Epoch: 436/500, runtime: 27.984 s
2021-01-27 20:53:46,677 Epoch: 437/500, runtime: 27.803 s
2021-01-27 20:54:13,952 Epoch: 438/500, runtime: 27.275 s
2021-01-27 20:54:41,929 Epoch: 439/500, runtime: 27.977 s
2021-01-27 20:55:10,051 Epoch: 440/500, runtime: 28.122 s
2021-01-27 20:55:38,038 Epoch: 441/500, runtime: 27.988 s
2021-01-27 20:56:05,549 Epoch: 442/500, runtime: 27.510 s
2021-01-27 20:56:33,416 Epoch: 443/500, runtime: 27.866 s
2021-01-27 20:57:01,371 Epoch: 444/500, runtime: 27.955 s
2021-01-27 20:57:29,421 Epoch: 445/500, runtime: 28.050 s
2021-01-27 20:57:57,581 Epoch: 446/500, runtime: 28.160 s
2021-01-27 20:58:25,606 Epoch: 447/500, runtime: 28.025 s
2021-01-27 20:58:53,703 Epoch: 448/500, runtime: 28.097 s
2021-01-27 20:59:21,812 Epoch: 449/500, runtime: 28.108 s
2021-01-27 20:59:50,243 Epoch: 450/500, runtime: 28.431 s
2021-01-27 21:00:18,128 Epoch: 451/500, runtime: 27.885 s
2021-01-27 21:00:46,421 Epoch: 452/500, runtime: 28.292 s
2021-01-27 21:01:14,678 Epoch: 453/500, runtime: 28.257 s
2021-01-27 21:01:43,052 Epoch: 454/500, runtime: 28.374 s
2021-01-27 21:02:11,336 Epoch: 455/500, runtime: 28.284 s
2021-01-27 21:02:39,410 Epoch: 456/500, runtime: 28.074 s
2021-01-27 21:03:07,289 Epoch: 457/500, runtime: 27.878 s
2021-01-27 21:03:35,132 Epoch: 458/500, runtime: 27.843 s
2021-01-27 21:04:03,083 Epoch: 459/500, runtime: 27.951 s
2021-01-27 21:04:31,209 Epoch: 460/500, runtime: 28.126 s
2021-01-27 21:04:59,179 Epoch: 461/500, runtime: 27.970 s
2021-01-27 21:05:27,418 Epoch: 462/500, runtime: 28.238 s
2021-01-27 21:05:55,384 Epoch: 463/500, runtime: 27.966 s
2021-01-27 21:06:23,255 Epoch: 464/500, runtime: 27.871 s
2021-01-27 21:06:51,040 Epoch: 465/500, runtime: 27.785 s
2021-01-27 21:07:19,388 Epoch: 466/500, runtime: 28.348 s
2021-01-27 21:07:47,333 Epoch: 467/500, runtime: 27.945 s
2021-01-27 21:08:15,331 Epoch: 468/500, runtime: 27.998 s
2021-01-27 21:08:43,442 Epoch: 469/500, runtime: 28.111 s
2021-01-27 21:09:11,517 Epoch: 470/500, runtime: 28.074 s
2021-01-27 21:09:39,280 Epoch: 471/500, runtime: 27.764 s
2021-01-27 21:10:07,321 Epoch: 472/500, runtime: 28.041 s
2021-01-27 21:10:35,475 Epoch: 473/500, runtime: 28.153 s
2021-01-27 21:11:03,484 Epoch: 474/500, runtime: 28.009 s
2021-01-27 21:11:31,593 Epoch: 475/500, runtime: 28.108 s
2021-01-27 21:11:59,593 Epoch: 476/500, runtime: 28.000 s
2021-01-27 21:12:27,972 Epoch: 477/500, runtime: 28.378 s
2021-01-27 21:12:55,684 Epoch: 478/500, runtime: 27.712 s
2021-01-27 21:13:23,529 Epoch: 479/500, runtime: 27.844 s
2021-01-27 21:13:51,394 Epoch: 480/500, runtime: 27.865 s
2021-01-27 21:14:19,467 Epoch: 481/500, runtime: 28.073 s
2021-01-27 21:14:47,384 Epoch: 482/500, runtime: 27.916 s
2021-01-27 21:15:15,092 Epoch: 483/500, runtime: 27.709 s
2021-01-27 21:15:42,916 Epoch: 484/500, runtime: 27.823 s
2021-01-27 21:16:11,295 Epoch: 485/500, runtime: 28.379 s
2021-01-27 21:16:39,596 Epoch: 486/500, runtime: 28.301 s
2021-01-27 21:17:07,305 Epoch: 487/500, runtime: 27.709 s
2021-01-27 21:17:35,284 Epoch: 488/500, runtime: 27.978 s
2021-01-27 21:18:03,437 Epoch: 489/500, runtime: 28.154 s
2021-01-27 21:18:31,750 Epoch: 490/500, runtime: 28.312 s
2021-01-27 21:18:59,738 Epoch: 491/500, runtime: 27.988 s
2021-01-27 21:19:28,349 Epoch: 492/500, runtime: 28.610 s
2021-01-27 21:19:56,413 Epoch: 493/500, runtime: 28.064 s
2021-01-27 21:20:24,525 Epoch: 494/500, runtime: 28.112 s
2021-01-27 21:20:52,878 Epoch: 495/500, runtime: 28.352 s
2021-01-27 21:21:20,606 Epoch: 496/500, runtime: 27.728 s
2021-01-27 21:21:48,627 Epoch: 497/500, runtime: 28.020 s
2021-01-27 21:22:16,111 Epoch: 498/500, runtime: 27.484 s
2021-01-27 21:22:43,371 Epoch: 499/500, runtime: 27.259 s
2021-01-27 21:23:10,767 Epoch: 500/500, runtime: 27.396 s
2021-01-27 21:23:11,077 Total runtime: 3.888 hrs.
2021-01-27 21:23:11,077 Results saved to:: /lnet/spec/work/people/sagar/temp/ass-5/results3/topicwise_words.txt
2021-01-27 21:23:11,077 -- Done --
