2021-01-28 20:38:46,004 Expected runtime: 3.3 hrs
2021-01-28 20:38:46,172 
Data loading runtime: 0.169 s
2021-01-28 20:38:49,508 Initialization runtime: 3.327 s

2021-01-28 20:39:15,138 Epoch: 1/500, runtime: 25.630 s
2021-01-28 20:39:40,833 Epoch: 2/500, runtime: 25.695 s
2021-01-28 20:40:06,367 Epoch: 3/500, runtime: 25.534 s
2021-01-28 20:40:32,133 Epoch: 4/500, runtime: 25.766 s
2021-01-28 20:40:56,781 Epoch: 5/500, runtime: 24.647 s
2021-01-28 20:41:21,754 Epoch: 6/500, runtime: 24.973 s
2021-01-28 20:41:46,087 Epoch: 7/500, runtime: 24.333 s
2021-01-28 20:42:10,356 Epoch: 8/500, runtime: 24.269 s
2021-01-28 20:42:34,639 Epoch: 9/500, runtime: 24.283 s
2021-01-28 20:42:58,974 Epoch: 10/500, runtime: 24.334 s
2021-01-28 20:43:23,326 Epoch: 11/500, runtime: 24.351 s
2021-01-28 20:43:47,582 Epoch: 12/500, runtime: 24.257 s
2021-01-28 20:44:11,868 Epoch: 13/500, runtime: 24.285 s
2021-01-28 20:44:37,197 Epoch: 14/500, runtime: 25.329 s
2021-01-28 20:45:01,537 Epoch: 15/500, runtime: 24.339 s
2021-01-28 20:45:26,212 Epoch: 16/500, runtime: 24.675 s
2021-01-28 20:45:50,726 Epoch: 17/500, runtime: 24.514 s
2021-01-28 20:46:15,600 Epoch: 18/500, runtime: 24.874 s
2021-01-28 20:46:40,194 Epoch: 19/500, runtime: 24.594 s
2021-01-28 20:47:05,082 Epoch: 20/500, runtime: 24.887 s
2021-01-28 20:47:30,612 Epoch: 21/500, runtime: 25.530 s
2021-01-28 20:47:55,025 Epoch: 22/500, runtime: 24.413 s
2021-01-28 20:48:20,356 Epoch: 23/500, runtime: 25.331 s
2021-01-28 20:48:45,446 Epoch: 24/500, runtime: 25.090 s
2021-01-28 20:49:10,541 Epoch: 25/500, runtime: 25.095 s
2021-01-28 20:49:35,996 Epoch: 26/500, runtime: 25.454 s
2021-01-28 20:50:00,786 Epoch: 27/500, runtime: 24.790 s
2021-01-28 20:50:25,684 Epoch: 28/500, runtime: 24.898 s
2021-01-28 20:50:50,475 Epoch: 29/500, runtime: 24.790 s
2021-01-28 20:51:16,253 Epoch: 30/500, runtime: 25.778 s
2021-01-28 20:51:41,611 Epoch: 31/500, runtime: 25.358 s
2021-01-28 20:52:06,905 Epoch: 32/500, runtime: 25.293 s
2021-01-28 20:52:32,740 Epoch: 33/500, runtime: 25.835 s
2021-01-28 20:52:57,820 Epoch: 34/500, runtime: 25.079 s
2021-01-28 20:53:23,170 Epoch: 35/500, runtime: 25.350 s
2021-01-28 20:53:48,685 Epoch: 36/500, runtime: 25.515 s
2021-01-28 20:54:14,128 Epoch: 37/500, runtime: 25.442 s
2021-01-28 20:54:39,432 Epoch: 38/500, runtime: 25.304 s
2021-01-28 20:55:04,419 Epoch: 39/500, runtime: 24.987 s
2021-01-28 20:55:29,711 Epoch: 40/500, runtime: 25.292 s
2021-01-28 20:55:54,847 Epoch: 41/500, runtime: 25.135 s
2021-01-28 20:56:20,614 Epoch: 42/500, runtime: 25.767 s
2021-01-28 20:56:46,068 Epoch: 43/500, runtime: 25.454 s
2021-01-28 20:57:11,793 Epoch: 44/500, runtime: 25.724 s
2021-01-28 20:57:37,396 Epoch: 45/500, runtime: 25.604 s
2021-01-28 20:58:03,823 Epoch: 46/500, runtime: 26.427 s
2021-01-28 20:58:30,265 Epoch: 47/500, runtime: 26.442 s
2021-01-28 20:58:56,770 Epoch: 48/500, runtime: 26.505 s
2021-01-28 20:59:23,164 Epoch: 49/500, runtime: 26.393 s
2021-01-28 20:59:49,697 Epoch: 50/500, runtime: 26.534 s
2021-01-28 21:00:16,134 Epoch: 51/500, runtime: 26.437 s
2021-01-28 21:00:42,590 Epoch: 52/500, runtime: 26.455 s
2021-01-28 21:01:08,985 Epoch: 53/500, runtime: 26.394 s
2021-01-28 21:01:34,149 Epoch: 54/500, runtime: 25.164 s
2021-01-28 21:01:58,684 Epoch: 55/500, runtime: 24.535 s
2021-01-28 21:02:22,895 Epoch: 56/500, runtime: 24.211 s
2021-01-28 21:02:47,276 Epoch: 57/500, runtime: 24.381 s
2021-01-28 21:03:11,720 Epoch: 58/500, runtime: 24.444 s
2021-01-28 21:03:36,134 Epoch: 59/500, runtime: 24.414 s
2021-01-28 21:04:00,303 Epoch: 60/500, runtime: 24.169 s
2021-01-28 21:04:24,360 Epoch: 61/500, runtime: 24.057 s
2021-01-28 21:04:48,958 Epoch: 62/500, runtime: 24.598 s
2021-01-28 21:05:13,197 Epoch: 63/500, runtime: 24.239 s
2021-01-28 21:05:37,895 Epoch: 64/500, runtime: 24.698 s
2021-01-28 21:06:03,376 Epoch: 65/500, runtime: 25.480 s
2021-01-28 21:06:27,817 Epoch: 66/500, runtime: 24.441 s
2021-01-28 21:06:52,200 Epoch: 67/500, runtime: 24.383 s
2021-01-28 21:07:16,462 Epoch: 68/500, runtime: 24.262 s
2021-01-28 21:07:41,195 Epoch: 69/500, runtime: 24.732 s
2021-01-28 21:08:07,170 Epoch: 70/500, runtime: 25.975 s
2021-01-28 21:08:32,692 Epoch: 71/500, runtime: 25.522 s
2021-01-28 21:08:58,080 Epoch: 72/500, runtime: 25.387 s
2021-01-28 21:09:22,590 Epoch: 73/500, runtime: 24.510 s
2021-01-28 21:09:47,181 Epoch: 74/500, runtime: 24.591 s
2021-01-28 21:10:11,805 Epoch: 75/500, runtime: 24.624 s
2021-01-28 21:10:36,534 Epoch: 76/500, runtime: 24.729 s
2021-01-28 21:11:01,281 Epoch: 77/500, runtime: 24.747 s
2021-01-28 21:11:27,439 Epoch: 78/500, runtime: 26.158 s
2021-01-28 21:11:53,424 Epoch: 79/500, runtime: 25.985 s
2021-01-28 21:12:19,434 Epoch: 80/500, runtime: 26.010 s
2021-01-28 21:12:44,270 Epoch: 81/500, runtime: 24.836 s
2021-01-28 21:13:08,524 Epoch: 82/500, runtime: 24.253 s
2021-01-28 21:13:33,116 Epoch: 83/500, runtime: 24.592 s
2021-01-28 21:13:57,390 Epoch: 84/500, runtime: 24.274 s
2021-01-28 21:14:22,002 Epoch: 85/500, runtime: 24.612 s
2021-01-28 21:14:46,256 Epoch: 86/500, runtime: 24.254 s
2021-01-28 21:15:10,527 Epoch: 87/500, runtime: 24.271 s
2021-01-28 21:15:35,079 Epoch: 88/500, runtime: 24.552 s
2021-01-28 21:15:59,559 Epoch: 89/500, runtime: 24.480 s
2021-01-28 21:16:23,884 Epoch: 90/500, runtime: 24.324 s
2021-01-28 21:16:49,416 Epoch: 91/500, runtime: 25.532 s
2021-01-28 21:17:15,428 Epoch: 92/500, runtime: 26.012 s
2021-01-28 21:17:40,233 Epoch: 93/500, runtime: 24.805 s
2021-01-28 21:18:04,820 Epoch: 94/500, runtime: 24.586 s
2021-01-28 21:18:29,638 Epoch: 95/500, runtime: 24.818 s
2021-01-28 21:18:54,911 Epoch: 96/500, runtime: 25.273 s
2021-01-28 21:19:20,625 Epoch: 97/500, runtime: 25.714 s
2021-01-28 21:19:45,399 Epoch: 98/500, runtime: 24.774 s
2021-01-28 21:20:09,943 Epoch: 99/500, runtime: 24.544 s
2021-01-28 21:20:34,715 Epoch: 100/500, runtime: 24.771 s
2021-01-28 21:20:59,689 Epoch: 101/500, runtime: 24.974 s
2021-01-28 21:21:24,771 Epoch: 102/500, runtime: 25.082 s
2021-01-28 21:21:50,202 Epoch: 103/500, runtime: 25.431 s
2021-01-28 21:22:15,935 Epoch: 104/500, runtime: 25.733 s
2021-01-28 21:22:42,048 Epoch: 105/500, runtime: 26.113 s
2021-01-28 21:23:08,501 Epoch: 106/500, runtime: 26.453 s
2021-01-28 21:23:34,936 Epoch: 107/500, runtime: 26.435 s
2021-01-28 21:24:01,486 Epoch: 108/500, runtime: 26.550 s
2021-01-28 21:24:27,846 Epoch: 109/500, runtime: 26.359 s
2021-01-28 21:24:53,295 Epoch: 110/500, runtime: 25.449 s
2021-01-28 21:25:18,948 Epoch: 111/500, runtime: 25.653 s
2021-01-28 21:25:45,267 Epoch: 112/500, runtime: 25.861 s
2021-01-28 21:26:10,383 Epoch: 113/500, runtime: 25.116 s
2021-01-28 21:26:35,458 Epoch: 114/500, runtime: 25.074 s
2021-01-28 21:27:00,660 Epoch: 115/500, runtime: 25.202 s
2021-01-28 21:27:28,067 Epoch: 116/500, runtime: 24.457 s
2021-01-28 21:27:53,701 Epoch: 117/500, runtime: 25.634 s
2021-01-28 21:28:18,969 Epoch: 118/500, runtime: 25.267 s
2021-01-28 21:28:43,995 Epoch: 119/500, runtime: 25.026 s
2021-01-28 21:29:08,520 Epoch: 120/500, runtime: 24.525 s
2021-01-28 21:29:34,946 Epoch: 121/500, runtime: 26.426 s
2021-01-28 21:29:59,406 Epoch: 122/500, runtime: 24.460 s
2021-01-28 21:30:24,202 Epoch: 123/500, runtime: 24.796 s
2021-01-28 21:30:48,889 Epoch: 124/500, runtime: 24.686 s
2021-01-28 21:31:14,143 Epoch: 125/500, runtime: 25.254 s
2021-01-28 21:31:39,058 Epoch: 126/500, runtime: 24.915 s
2021-01-28 21:32:03,564 Epoch: 127/500, runtime: 24.506 s
2021-01-28 21:32:28,445 Epoch: 128/500, runtime: 24.880 s
2021-01-28 21:32:53,451 Epoch: 129/500, runtime: 25.006 s
2021-01-28 21:33:18,258 Epoch: 130/500, runtime: 24.807 s
2021-01-28 21:33:43,189 Epoch: 131/500, runtime: 24.931 s
2021-01-28 21:34:08,016 Epoch: 132/500, runtime: 24.827 s
2021-01-28 21:34:32,806 Epoch: 133/500, runtime: 24.790 s
2021-01-28 21:34:57,443 Epoch: 134/500, runtime: 24.636 s
2021-01-28 21:35:22,173 Epoch: 135/500, runtime: 24.730 s
2021-01-28 21:35:46,672 Epoch: 136/500, runtime: 24.498 s
2021-01-28 21:36:11,454 Epoch: 137/500, runtime: 24.782 s
2021-01-28 21:36:35,846 Epoch: 138/500, runtime: 24.393 s
2021-01-28 21:37:00,305 Epoch: 139/500, runtime: 24.458 s
2021-01-28 21:37:24,853 Epoch: 140/500, runtime: 24.548 s
2021-01-28 21:37:49,450 Epoch: 141/500, runtime: 24.598 s
2021-01-28 21:38:14,217 Epoch: 142/500, runtime: 24.766 s
2021-01-28 21:38:39,221 Epoch: 143/500, runtime: 25.004 s
2021-01-28 21:39:04,452 Epoch: 144/500, runtime: 25.230 s
2021-01-28 21:39:29,566 Epoch: 145/500, runtime: 25.114 s
2021-01-28 21:39:54,242 Epoch: 146/500, runtime: 24.676 s
2021-01-28 21:40:18,781 Epoch: 147/500, runtime: 24.539 s
2021-01-28 21:40:43,404 Epoch: 148/500, runtime: 24.622 s
2021-01-28 21:41:08,045 Epoch: 149/500, runtime: 24.642 s
2021-01-28 21:41:32,741 Epoch: 150/500, runtime: 24.696 s
2021-01-28 21:41:58,104 Epoch: 151/500, runtime: 25.363 s
2021-01-28 21:42:23,677 Epoch: 152/500, runtime: 25.573 s
2021-01-28 21:42:49,471 Epoch: 153/500, runtime: 25.794 s
2021-01-28 21:43:15,211 Epoch: 154/500, runtime: 25.740 s
2021-01-28 21:43:40,101 Epoch: 155/500, runtime: 24.890 s
2021-01-28 21:44:04,691 Epoch: 156/500, runtime: 24.589 s
2021-01-28 21:44:29,055 Epoch: 157/500, runtime: 24.364 s
2021-01-28 21:44:53,973 Epoch: 158/500, runtime: 24.918 s
2021-01-28 21:45:19,378 Epoch: 159/500, runtime: 25.405 s
2021-01-28 21:45:44,517 Epoch: 160/500, runtime: 25.138 s
2021-01-28 21:46:09,322 Epoch: 161/500, runtime: 24.805 s
2021-01-28 21:46:34,101 Epoch: 162/500, runtime: 24.778 s
2021-01-28 21:46:58,815 Epoch: 163/500, runtime: 24.714 s
2021-01-28 21:47:23,001 Epoch: 164/500, runtime: 24.186 s
2021-01-28 21:47:47,574 Epoch: 165/500, runtime: 24.573 s
2021-01-28 21:48:13,083 Epoch: 166/500, runtime: 25.509 s
2021-01-28 21:48:37,786 Epoch: 167/500, runtime: 24.703 s
2021-01-28 21:49:02,557 Epoch: 168/500, runtime: 24.771 s
2021-01-28 21:49:26,967 Epoch: 169/500, runtime: 24.410 s
2021-01-28 21:49:51,349 Epoch: 170/500, runtime: 24.382 s
2021-01-28 21:50:15,836 Epoch: 171/500, runtime: 24.486 s
2021-01-28 21:50:40,783 Epoch: 172/500, runtime: 24.947 s
2021-01-28 21:51:06,264 Epoch: 173/500, runtime: 25.481 s
2021-01-28 21:51:30,817 Epoch: 174/500, runtime: 24.553 s
2021-01-28 21:51:55,879 Epoch: 175/500, runtime: 25.061 s
2021-01-28 21:52:20,686 Epoch: 176/500, runtime: 24.807 s
2021-01-28 21:52:45,219 Epoch: 177/500, runtime: 24.533 s
2021-01-28 21:53:09,534 Epoch: 178/500, runtime: 24.315 s
2021-01-28 21:53:34,252 Epoch: 179/500, runtime: 24.718 s
2021-01-28 21:53:58,761 Epoch: 180/500, runtime: 24.509 s
2021-01-28 21:54:23,256 Epoch: 181/500, runtime: 24.495 s
2021-01-28 21:54:48,035 Epoch: 182/500, runtime: 24.778 s
2021-01-28 21:55:12,508 Epoch: 183/500, runtime: 24.473 s
2021-01-28 21:55:37,433 Epoch: 184/500, runtime: 24.925 s
2021-01-28 21:56:03,090 Epoch: 185/500, runtime: 25.657 s
2021-01-28 21:56:28,027 Epoch: 186/500, runtime: 24.936 s
2021-01-28 21:56:53,519 Epoch: 187/500, runtime: 25.492 s
2021-01-28 21:57:18,978 Epoch: 188/500, runtime: 25.458 s
2021-01-28 21:57:45,186 Epoch: 189/500, runtime: 26.208 s
2021-01-28 21:58:11,714 Epoch: 190/500, runtime: 26.529 s
2021-01-28 21:58:37,129 Epoch: 191/500, runtime: 25.415 s
2021-01-28 21:59:02,137 Epoch: 192/500, runtime: 25.007 s
2021-01-28 21:59:28,110 Epoch: 193/500, runtime: 25.973 s
2021-01-28 21:59:54,496 Epoch: 194/500, runtime: 26.386 s
2021-01-28 22:00:19,005 Epoch: 195/500, runtime: 24.509 s
2021-01-28 22:00:44,379 Epoch: 196/500, runtime: 25.374 s
2021-01-28 22:01:09,200 Epoch: 197/500, runtime: 24.821 s
2021-01-28 22:01:34,009 Epoch: 198/500, runtime: 24.809 s
2021-01-28 22:01:58,652 Epoch: 199/500, runtime: 24.642 s
2021-01-28 22:02:23,330 Epoch: 200/500, runtime: 24.678 s
2021-01-28 22:02:47,805 Epoch: 201/500, runtime: 24.475 s
2021-01-28 22:03:12,249 Epoch: 202/500, runtime: 24.444 s
2021-01-28 22:03:37,120 Epoch: 203/500, runtime: 24.871 s
2021-01-28 22:04:02,915 Epoch: 204/500, runtime: 25.794 s
2021-01-28 22:04:28,514 Epoch: 205/500, runtime: 25.599 s
2021-01-28 22:04:52,848 Epoch: 206/500, runtime: 24.333 s
2021-01-28 22:05:17,314 Epoch: 207/500, runtime: 24.466 s
2021-01-28 22:05:41,889 Epoch: 208/500, runtime: 24.575 s
2021-01-28 22:06:06,387 Epoch: 209/500, runtime: 24.498 s
2021-01-28 22:06:31,043 Epoch: 210/500, runtime: 24.655 s
2021-01-28 22:06:56,818 Epoch: 211/500, runtime: 25.775 s
2021-01-28 22:07:21,126 Epoch: 212/500, runtime: 24.309 s
2021-01-28 22:07:45,517 Epoch: 213/500, runtime: 24.390 s
2021-01-28 22:08:10,242 Epoch: 214/500, runtime: 24.726 s
2021-01-28 22:08:35,092 Epoch: 215/500, runtime: 24.850 s
2021-01-28 22:08:59,468 Epoch: 216/500, runtime: 24.375 s
2021-01-28 22:09:24,006 Epoch: 217/500, runtime: 24.538 s
2021-01-28 22:09:48,637 Epoch: 218/500, runtime: 24.630 s
2021-01-28 22:10:12,910 Epoch: 219/500, runtime: 24.273 s
2021-01-28 22:10:37,088 Epoch: 220/500, runtime: 24.177 s
2021-01-28 22:11:01,891 Epoch: 221/500, runtime: 24.803 s
2021-01-28 22:11:26,755 Epoch: 222/500, runtime: 24.864 s
2021-01-28 22:11:52,243 Epoch: 223/500, runtime: 25.487 s
2021-01-28 22:12:17,207 Epoch: 224/500, runtime: 24.964 s
2021-01-28 22:12:42,505 Epoch: 225/500, runtime: 25.298 s
2021-01-28 22:13:08,176 Epoch: 226/500, runtime: 25.671 s
2021-01-28 22:13:33,458 Epoch: 227/500, runtime: 25.282 s
2021-01-28 22:13:58,627 Epoch: 228/500, runtime: 25.169 s
2021-01-28 22:14:23,193 Epoch: 229/500, runtime: 24.566 s
2021-01-28 22:14:49,516 Epoch: 230/500, runtime: 26.322 s
2021-01-28 22:15:15,079 Epoch: 231/500, runtime: 25.563 s
2021-01-28 22:15:39,595 Epoch: 232/500, runtime: 24.516 s
2021-01-28 22:16:04,303 Epoch: 233/500, runtime: 24.709 s
2021-01-28 22:16:28,693 Epoch: 234/500, runtime: 24.389 s
2021-01-28 22:16:53,077 Epoch: 235/500, runtime: 24.384 s
2021-01-28 22:17:17,707 Epoch: 236/500, runtime: 24.630 s
2021-01-28 22:17:43,064 Epoch: 237/500, runtime: 25.357 s
2021-01-28 22:18:08,081 Epoch: 238/500, runtime: 25.017 s
2021-01-28 22:18:32,510 Epoch: 239/500, runtime: 24.430 s
2021-01-28 22:18:57,117 Epoch: 240/500, runtime: 24.606 s
2021-01-28 22:19:21,717 Epoch: 241/500, runtime: 24.599 s
2021-01-28 22:19:46,091 Epoch: 242/500, runtime: 24.374 s
2021-01-28 22:20:10,393 Epoch: 243/500, runtime: 24.302 s
2021-01-28 22:20:35,033 Epoch: 244/500, runtime: 24.640 s
2021-01-28 22:21:00,244 Epoch: 245/500, runtime: 25.211 s
2021-01-28 22:21:25,749 Epoch: 246/500, runtime: 25.504 s
2021-01-28 22:21:51,165 Epoch: 247/500, runtime: 25.416 s
2021-01-28 22:22:16,547 Epoch: 248/500, runtime: 25.382 s
2021-01-28 22:22:42,230 Epoch: 249/500, runtime: 25.683 s
2021-01-28 22:23:06,910 Epoch: 250/500, runtime: 24.679 s
2021-01-28 22:23:31,430 Epoch: 251/500, runtime: 24.520 s
2021-01-28 22:23:56,098 Epoch: 252/500, runtime: 24.668 s
2021-01-28 22:24:21,081 Epoch: 253/500, runtime: 24.982 s
2021-01-28 22:24:45,567 Epoch: 254/500, runtime: 24.487 s
2021-01-28 22:25:09,947 Epoch: 255/500, runtime: 24.380 s
2021-01-28 22:25:34,492 Epoch: 256/500, runtime: 24.545 s
2021-01-28 22:25:59,290 Epoch: 257/500, runtime: 24.797 s
2021-01-28 22:26:23,727 Epoch: 258/500, runtime: 24.437 s
2021-01-28 22:26:47,933 Epoch: 259/500, runtime: 24.206 s
2021-01-28 22:27:13,291 Epoch: 260/500, runtime: 25.358 s
2021-01-28 22:27:38,148 Epoch: 261/500, runtime: 24.856 s
2021-01-28 22:28:02,512 Epoch: 262/500, runtime: 24.364 s
2021-01-28 22:28:27,108 Epoch: 263/500, runtime: 24.596 s
2021-01-28 22:28:51,626 Epoch: 264/500, runtime: 24.518 s
2021-01-28 22:29:16,853 Epoch: 265/500, runtime: 25.227 s
2021-01-28 22:29:41,801 Epoch: 266/500, runtime: 24.948 s
2021-01-28 22:30:06,825 Epoch: 267/500, runtime: 25.024 s
2021-01-28 22:30:31,294 Epoch: 268/500, runtime: 24.469 s
2021-01-28 22:30:56,028 Epoch: 269/500, runtime: 24.734 s
2021-01-28 22:31:21,394 Epoch: 270/500, runtime: 25.366 s
2021-01-28 22:31:46,455 Epoch: 271/500, runtime: 25.060 s
2021-01-28 22:32:10,699 Epoch: 272/500, runtime: 24.244 s
2021-01-28 22:32:34,984 Epoch: 273/500, runtime: 24.285 s
2021-01-28 22:32:59,115 Epoch: 274/500, runtime: 24.131 s
2021-01-28 22:33:23,524 Epoch: 275/500, runtime: 24.409 s
2021-01-28 22:33:48,171 Epoch: 276/500, runtime: 24.646 s
2021-01-28 22:34:13,175 Epoch: 277/500, runtime: 25.003 s
2021-01-28 22:34:39,537 Epoch: 278/500, runtime: 26.362 s
2021-01-28 22:35:05,464 Epoch: 279/500, runtime: 25.927 s
2021-01-28 22:35:30,724 Epoch: 280/500, runtime: 25.260 s
2021-01-28 22:35:56,425 Epoch: 281/500, runtime: 25.700 s
2021-01-28 22:36:21,622 Epoch: 282/500, runtime: 25.197 s
2021-01-28 22:36:45,900 Epoch: 283/500, runtime: 24.278 s
2021-01-28 22:37:10,517 Epoch: 284/500, runtime: 24.616 s
2021-01-28 22:37:34,588 Epoch: 285/500, runtime: 24.072 s
2021-01-28 22:37:58,634 Epoch: 286/500, runtime: 24.046 s
2021-01-28 22:38:22,680 Epoch: 287/500, runtime: 24.045 s
2021-01-28 22:38:47,056 Epoch: 288/500, runtime: 24.376 s
2021-01-28 22:39:11,116 Epoch: 289/500, runtime: 24.059 s
2021-01-28 22:39:35,178 Epoch: 290/500, runtime: 24.062 s
2021-01-28 22:39:59,080 Epoch: 291/500, runtime: 23.902 s
2021-01-28 22:40:23,656 Epoch: 292/500, runtime: 24.576 s
2021-01-28 22:40:47,415 Epoch: 293/500, runtime: 23.759 s
2021-01-28 22:41:11,532 Epoch: 294/500, runtime: 24.117 s
2021-01-28 22:41:35,288 Epoch: 295/500, runtime: 23.756 s
2021-01-28 22:41:59,370 Epoch: 296/500, runtime: 24.082 s
2021-01-28 22:42:23,565 Epoch: 297/500, runtime: 24.195 s
2021-01-28 22:42:47,521 Epoch: 298/500, runtime: 23.955 s
2021-01-28 22:43:11,335 Epoch: 299/500, runtime: 23.815 s
2021-01-28 22:43:35,371 Epoch: 300/500, runtime: 24.035 s
2021-01-28 22:43:59,571 Epoch: 301/500, runtime: 24.200 s
2021-01-28 22:44:23,548 Epoch: 302/500, runtime: 23.976 s
2021-01-28 22:44:47,613 Epoch: 303/500, runtime: 24.065 s
2021-01-28 22:45:12,102 Epoch: 304/500, runtime: 24.489 s
2021-01-28 22:45:36,673 Epoch: 305/500, runtime: 24.571 s
2021-01-28 22:46:00,675 Epoch: 306/500, runtime: 24.002 s
2021-01-28 22:46:24,532 Epoch: 307/500, runtime: 23.857 s
2021-01-28 22:46:48,601 Epoch: 308/500, runtime: 24.069 s
2021-01-28 22:47:13,080 Epoch: 309/500, runtime: 24.479 s
2021-01-28 22:47:37,096 Epoch: 310/500, runtime: 24.016 s
2021-01-28 22:48:00,996 Epoch: 311/500, runtime: 23.899 s
2021-01-28 22:48:24,825 Epoch: 312/500, runtime: 23.830 s
2021-01-28 22:48:48,804 Epoch: 313/500, runtime: 23.978 s
2021-01-28 22:49:12,990 Epoch: 314/500, runtime: 24.186 s
2021-01-28 22:49:38,659 Epoch: 315/500, runtime: 25.669 s
2021-01-28 22:50:03,020 Epoch: 316/500, runtime: 24.361 s
2021-01-28 22:50:27,086 Epoch: 317/500, runtime: 24.066 s
2021-01-28 22:50:51,350 Epoch: 318/500, runtime: 24.263 s
2021-01-28 22:51:16,119 Epoch: 319/500, runtime: 24.769 s
2021-01-28 22:51:40,276 Epoch: 320/500, runtime: 24.157 s
2021-01-28 22:52:04,132 Epoch: 321/500, runtime: 23.856 s
2021-01-28 22:52:27,967 Epoch: 322/500, runtime: 23.834 s
2021-01-28 22:52:51,973 Epoch: 323/500, runtime: 24.006 s
2021-01-28 22:53:15,907 Epoch: 324/500, runtime: 23.933 s
2021-01-28 22:53:39,870 Epoch: 325/500, runtime: 23.963 s
2021-01-28 22:54:03,911 Epoch: 326/500, runtime: 24.041 s
2021-01-28 22:54:29,316 Epoch: 327/500, runtime: 25.405 s
2021-01-28 22:54:53,507 Epoch: 328/500, runtime: 24.192 s
2021-01-28 22:55:17,827 Epoch: 329/500, runtime: 24.319 s
2021-01-28 22:55:41,635 Epoch: 330/500, runtime: 23.808 s
2021-01-28 22:56:05,361 Epoch: 331/500, runtime: 23.726 s
2021-01-28 22:56:29,302 Epoch: 332/500, runtime: 23.940 s
2021-01-28 22:56:54,231 Epoch: 333/500, runtime: 24.929 s
2021-01-28 22:57:18,830 Epoch: 334/500, runtime: 24.599 s
2021-01-28 22:57:44,367 Epoch: 335/500, runtime: 25.536 s
2021-01-28 22:58:09,716 Epoch: 336/500, runtime: 25.349 s
2021-01-28 22:58:34,871 Epoch: 337/500, runtime: 25.154 s
2021-01-28 22:58:59,049 Epoch: 338/500, runtime: 24.178 s
2021-01-28 22:59:23,732 Epoch: 339/500, runtime: 24.683 s
2021-01-28 22:59:48,295 Epoch: 340/500, runtime: 24.562 s
2021-01-28 23:00:13,185 Epoch: 341/500, runtime: 24.890 s
2021-01-28 23:00:37,629 Epoch: 342/500, runtime: 24.443 s
2021-01-28 23:01:01,861 Epoch: 343/500, runtime: 24.232 s
2021-01-28 23:01:26,328 Epoch: 344/500, runtime: 24.468 s
2021-01-28 23:01:50,532 Epoch: 345/500, runtime: 24.203 s
2021-01-28 23:02:15,151 Epoch: 346/500, runtime: 24.619 s
2021-01-28 23:02:39,437 Epoch: 347/500, runtime: 24.285 s
2021-01-28 23:03:03,957 Epoch: 348/500, runtime: 24.520 s
2021-01-28 23:03:29,107 Epoch: 349/500, runtime: 25.150 s
2021-01-28 23:03:53,349 Epoch: 350/500, runtime: 24.242 s
2021-01-28 23:04:17,096 Epoch: 351/500, runtime: 23.747 s
2021-01-28 23:04:40,992 Epoch: 352/500, runtime: 23.896 s
2021-01-28 23:05:05,229 Epoch: 353/500, runtime: 24.237 s
2021-01-28 23:05:29,465 Epoch: 354/500, runtime: 24.235 s
2021-01-28 23:05:54,174 Epoch: 355/500, runtime: 24.710 s
2021-01-28 23:06:18,772 Epoch: 356/500, runtime: 24.597 s
2021-01-28 23:06:44,408 Epoch: 357/500, runtime: 25.637 s
2021-01-28 23:07:09,701 Epoch: 358/500, runtime: 25.293 s
2021-01-28 23:07:35,192 Epoch: 359/500, runtime: 25.491 s
2021-01-28 23:07:59,690 Epoch: 360/500, runtime: 24.498 s
2021-01-28 23:08:24,446 Epoch: 361/500, runtime: 24.756 s
2021-01-28 23:08:48,842 Epoch: 362/500, runtime: 24.395 s
2021-01-28 23:09:13,755 Epoch: 363/500, runtime: 24.913 s
2021-01-28 23:09:38,624 Epoch: 364/500, runtime: 24.869 s
2021-01-28 23:10:03,396 Epoch: 365/500, runtime: 24.771 s
2021-01-28 23:10:28,199 Epoch: 366/500, runtime: 24.804 s
2021-01-28 23:10:52,171 Epoch: 367/500, runtime: 23.972 s
2021-01-28 23:11:16,098 Epoch: 368/500, runtime: 23.927 s
2021-01-28 23:11:40,577 Epoch: 369/500, runtime: 24.479 s
2021-01-28 23:12:04,762 Epoch: 370/500, runtime: 24.185 s
2021-01-28 23:12:29,073 Epoch: 371/500, runtime: 24.311 s
2021-01-28 23:12:54,532 Epoch: 372/500, runtime: 25.458 s
2021-01-28 23:13:20,557 Epoch: 373/500, runtime: 26.025 s
2021-01-28 23:13:45,461 Epoch: 374/500, runtime: 24.904 s
2021-01-28 23:14:11,290 Epoch: 375/500, runtime: 25.829 s
2021-01-28 23:14:36,748 Epoch: 376/500, runtime: 25.458 s
2021-01-28 23:15:01,363 Epoch: 377/500, runtime: 24.615 s
2021-01-28 23:15:25,908 Epoch: 378/500, runtime: 24.545 s
2021-01-28 23:15:50,421 Epoch: 379/500, runtime: 24.512 s
2021-01-28 23:16:14,582 Epoch: 380/500, runtime: 24.161 s
2021-01-28 23:16:38,679 Epoch: 381/500, runtime: 24.097 s
2021-01-28 23:17:02,577 Epoch: 382/500, runtime: 23.897 s
2021-01-28 23:17:26,870 Epoch: 383/500, runtime: 24.293 s
2021-01-28 23:17:51,638 Epoch: 384/500, runtime: 24.767 s
2021-01-28 23:18:16,457 Epoch: 385/500, runtime: 24.819 s
2021-01-28 23:18:40,572 Epoch: 386/500, runtime: 24.114 s
2021-01-28 23:19:04,622 Epoch: 387/500, runtime: 24.050 s
2021-01-28 23:19:29,049 Epoch: 388/500, runtime: 24.426 s
2021-01-28 23:19:53,910 Epoch: 389/500, runtime: 24.860 s
2021-01-28 23:20:19,258 Epoch: 390/500, runtime: 25.348 s
2021-01-28 23:20:44,660 Epoch: 391/500, runtime: 25.403 s
2021-01-28 23:21:09,009 Epoch: 392/500, runtime: 24.348 s
2021-01-28 23:21:33,085 Epoch: 393/500, runtime: 24.076 s
2021-01-28 23:21:57,019 Epoch: 394/500, runtime: 23.935 s
2021-01-28 23:22:20,755 Epoch: 395/500, runtime: 23.736 s
2021-01-28 23:22:44,646 Epoch: 396/500, runtime: 23.891 s
2021-01-28 23:23:08,915 Epoch: 397/500, runtime: 24.268 s
2021-01-28 23:23:33,671 Epoch: 398/500, runtime: 24.756 s
2021-01-28 23:23:57,988 Epoch: 399/500, runtime: 24.317 s
2021-01-28 23:24:22,226 Epoch: 400/500, runtime: 24.238 s
2021-01-28 23:24:46,107 Epoch: 401/500, runtime: 23.880 s
2021-01-28 23:25:10,024 Epoch: 402/500, runtime: 23.917 s
2021-01-28 23:25:33,786 Epoch: 403/500, runtime: 23.761 s
2021-01-28 23:25:57,480 Epoch: 404/500, runtime: 23.694 s
2021-01-28 23:26:21,375 Epoch: 405/500, runtime: 23.894 s
2021-01-28 23:26:45,065 Epoch: 406/500, runtime: 23.691 s
2021-01-28 23:27:08,785 Epoch: 407/500, runtime: 23.719 s
2021-01-28 23:27:32,555 Epoch: 408/500, runtime: 23.770 s
2021-01-28 23:27:56,294 Epoch: 409/500, runtime: 23.739 s
2021-01-28 23:28:20,657 Epoch: 410/500, runtime: 24.363 s
2021-01-28 23:28:44,908 Epoch: 411/500, runtime: 24.251 s
2021-01-28 23:29:09,273 Epoch: 412/500, runtime: 24.364 s
2021-01-28 23:29:33,334 Epoch: 413/500, runtime: 24.061 s
2021-01-28 23:29:57,063 Epoch: 414/500, runtime: 23.730 s
2021-01-28 23:30:20,898 Epoch: 415/500, runtime: 23.835 s
2021-01-28 23:30:44,664 Epoch: 416/500, runtime: 23.765 s
2021-01-28 23:31:08,419 Epoch: 417/500, runtime: 23.755 s
2021-01-28 23:31:32,552 Epoch: 418/500, runtime: 24.133 s
2021-01-28 23:31:56,458 Epoch: 419/500, runtime: 23.906 s
2021-01-28 23:32:20,254 Epoch: 420/500, runtime: 23.796 s
2021-01-28 23:32:43,975 Epoch: 421/500, runtime: 23.721 s
2021-01-28 23:33:07,773 Epoch: 422/500, runtime: 23.798 s
2021-01-28 23:33:31,376 Epoch: 423/500, runtime: 23.603 s
2021-01-28 23:33:55,142 Epoch: 424/500, runtime: 23.765 s
2021-01-28 23:34:18,899 Epoch: 425/500, runtime: 23.757 s
2021-01-28 23:34:42,709 Epoch: 426/500, runtime: 23.810 s
2021-01-28 23:35:06,877 Epoch: 427/500, runtime: 24.168 s
2021-01-28 23:35:32,440 Epoch: 428/500, runtime: 25.562 s
2021-01-28 23:35:58,085 Epoch: 429/500, runtime: 25.645 s
2021-01-28 23:36:24,244 Epoch: 430/500, runtime: 26.158 s
2021-01-28 23:36:49,171 Epoch: 431/500, runtime: 24.927 s
2021-01-28 23:37:13,613 Epoch: 432/500, runtime: 24.441 s
2021-01-28 23:37:37,697 Epoch: 433/500, runtime: 24.084 s
2021-01-28 23:38:01,749 Epoch: 434/500, runtime: 24.051 s
2021-01-28 23:38:25,728 Epoch: 435/500, runtime: 23.979 s
2021-01-28 23:38:50,356 Epoch: 436/500, runtime: 24.628 s
2021-01-28 23:39:16,262 Epoch: 437/500, runtime: 25.906 s
2021-01-28 23:39:40,732 Epoch: 438/500, runtime: 24.470 s
2021-01-28 23:40:04,868 Epoch: 439/500, runtime: 24.136 s
2021-01-28 23:40:28,639 Epoch: 440/500, runtime: 23.770 s
2021-01-28 23:40:52,434 Epoch: 441/500, runtime: 23.795 s
2021-01-28 23:41:16,363 Epoch: 442/500, runtime: 23.929 s
2021-01-28 23:41:40,234 Epoch: 443/500, runtime: 23.871 s
2021-01-28 23:42:04,372 Epoch: 444/500, runtime: 24.137 s
2021-01-28 23:42:28,915 Epoch: 445/500, runtime: 24.543 s
2021-01-28 23:42:54,258 Epoch: 446/500, runtime: 25.344 s
2021-01-28 23:43:18,176 Epoch: 447/500, runtime: 23.917 s
2021-01-28 23:43:42,160 Epoch: 448/500, runtime: 23.984 s
2021-01-28 23:44:06,477 Epoch: 449/500, runtime: 24.317 s
2021-01-28 23:44:30,545 Epoch: 450/500, runtime: 24.068 s
2021-01-28 23:44:54,334 Epoch: 451/500, runtime: 23.789 s
2021-01-28 23:45:18,164 Epoch: 452/500, runtime: 23.830 s
2021-01-28 23:45:42,191 Epoch: 453/500, runtime: 24.027 s
2021-01-28 23:46:06,082 Epoch: 454/500, runtime: 23.890 s
2021-01-28 23:46:29,900 Epoch: 455/500, runtime: 23.818 s
2021-01-28 23:46:54,063 Epoch: 456/500, runtime: 24.164 s
2021-01-28 23:47:20,034 Epoch: 457/500, runtime: 25.971 s
2021-01-28 23:47:46,188 Epoch: 458/500, runtime: 26.154 s
2021-01-28 23:48:12,238 Epoch: 459/500, runtime: 26.049 s
2021-01-28 23:48:38,323 Epoch: 460/500, runtime: 26.085 s
2021-01-28 23:49:04,243 Epoch: 461/500, runtime: 25.920 s
2021-01-28 23:49:28,982 Epoch: 462/500, runtime: 24.739 s
2021-01-28 23:49:53,658 Epoch: 463/500, runtime: 24.676 s
2021-01-28 23:50:17,685 Epoch: 464/500, runtime: 24.027 s
2021-01-28 23:50:41,659 Epoch: 465/500, runtime: 23.974 s
2021-01-28 23:51:06,181 Epoch: 466/500, runtime: 24.522 s
2021-01-28 23:51:30,787 Epoch: 467/500, runtime: 24.606 s
2021-01-28 23:51:55,193 Epoch: 468/500, runtime: 24.405 s
2021-01-28 23:52:19,982 Epoch: 469/500, runtime: 24.789 s
2021-01-28 23:52:44,029 Epoch: 470/500, runtime: 24.046 s
2021-01-28 23:53:07,980 Epoch: 471/500, runtime: 23.951 s
2021-01-28 23:53:32,371 Epoch: 472/500, runtime: 24.391 s
2021-01-28 23:53:56,682 Epoch: 473/500, runtime: 24.311 s
2021-01-28 23:54:21,212 Epoch: 474/500, runtime: 24.530 s
2021-01-28 23:54:45,518 Epoch: 475/500, runtime: 24.306 s
2021-01-28 23:55:09,426 Epoch: 476/500, runtime: 23.908 s
2021-01-28 23:55:33,032 Epoch: 477/500, runtime: 23.606 s
2021-01-28 23:55:56,631 Epoch: 478/500, runtime: 23.599 s
2021-01-28 23:56:20,916 Epoch: 479/500, runtime: 24.285 s
2021-01-28 23:56:44,991 Epoch: 480/500, runtime: 24.074 s
2021-01-28 23:57:09,110 Epoch: 481/500, runtime: 24.119 s
2021-01-28 23:57:33,385 Epoch: 482/500, runtime: 24.274 s
2021-01-28 23:57:59,497 Epoch: 483/500, runtime: 26.112 s
2021-01-28 23:58:25,590 Epoch: 484/500, runtime: 26.092 s
2021-01-28 23:58:49,692 Epoch: 485/500, runtime: 24.103 s
2021-01-28 23:59:13,616 Epoch: 486/500, runtime: 23.923 s
2021-01-28 23:59:37,665 Epoch: 487/500, runtime: 24.049 s
2021-01-29 00:00:01,777 Epoch: 488/500, runtime: 24.112 s
2021-01-29 00:00:26,118 Epoch: 489/500, runtime: 24.341 s
2021-01-29 00:00:50,562 Epoch: 490/500, runtime: 24.444 s
2021-01-29 00:01:15,847 Epoch: 491/500, runtime: 25.285 s
2021-01-29 00:01:41,431 Epoch: 492/500, runtime: 25.584 s
2021-01-29 00:02:05,201 Epoch: 493/500, runtime: 23.770 s
2021-01-29 00:02:29,046 Epoch: 494/500, runtime: 23.844 s
2021-01-29 00:02:53,094 Epoch: 495/500, runtime: 24.047 s
2021-01-29 00:03:16,966 Epoch: 496/500, runtime: 23.872 s
2021-01-29 00:03:41,136 Epoch: 497/500, runtime: 24.170 s
2021-01-29 00:04:05,163 Epoch: 498/500, runtime: 24.026 s
2021-01-29 00:04:29,610 Epoch: 499/500, runtime: 24.447 s
2021-01-29 00:04:53,614 Epoch: 500/500, runtime: 24.004 s
2021-01-29 00:04:53,636 Total runtime: 3.435 hrs.
2021-01-29 00:04:53,636 Results saved to:: results5//topicwise_words.txt
2021-01-29 00:04:53,636 -- Done --
