2021-01-28 19:12:13,520 Expected runtime: 3.3 hrs
2021-01-28 19:12:13,680 
Data loading runtime: 0.160 s
2021-01-28 19:12:17,024 Initialization runtime: 3.340 s

2021-01-28 19:12:41,006 Epoch: 1/500, runtime: 23.982 s
2021-01-28 19:13:05,560 Epoch: 2/500, runtime: 24.554 s
2021-01-28 19:13:29,999 Epoch: 3/500, runtime: 24.439 s
2021-01-28 19:13:53,813 Epoch: 4/500, runtime: 23.814 s
2021-01-28 19:14:18,072 Epoch: 5/500, runtime: 24.259 s
2021-01-28 19:14:41,922 Epoch: 6/500, runtime: 23.850 s
2021-01-28 19:15:05,852 Epoch: 7/500, runtime: 23.929 s
2021-01-28 19:15:29,916 Epoch: 8/500, runtime: 24.064 s
2021-01-28 19:15:54,065 Epoch: 9/500, runtime: 24.149 s
2021-01-28 19:16:18,410 Epoch: 10/500, runtime: 24.344 s
2021-01-28 19:16:42,703 Epoch: 11/500, runtime: 24.293 s
2021-01-28 19:17:07,103 Epoch: 12/500, runtime: 24.400 s
2021-01-28 19:17:31,006 Epoch: 13/500, runtime: 23.903 s
2021-01-28 19:17:54,978 Epoch: 14/500, runtime: 23.971 s
2021-01-28 19:18:19,170 Epoch: 15/500, runtime: 24.192 s
2021-01-28 19:18:43,243 Epoch: 16/500, runtime: 24.073 s
2021-01-28 19:19:07,551 Epoch: 17/500, runtime: 24.308 s
2021-01-28 19:19:31,824 Epoch: 18/500, runtime: 24.273 s
2021-01-28 19:19:55,683 Epoch: 19/500, runtime: 23.859 s
2021-01-28 19:20:19,106 Epoch: 20/500, runtime: 23.422 s
2021-01-28 19:20:43,053 Epoch: 21/500, runtime: 23.946 s
2021-01-28 19:21:07,042 Epoch: 22/500, runtime: 23.990 s
2021-01-28 19:21:30,682 Epoch: 23/500, runtime: 23.640 s
2021-01-28 19:21:54,645 Epoch: 24/500, runtime: 23.962 s
2021-01-28 19:22:18,746 Epoch: 25/500, runtime: 24.101 s
2021-01-28 19:22:43,107 Epoch: 26/500, runtime: 24.360 s
2021-01-28 19:23:07,417 Epoch: 27/500, runtime: 24.310 s
2021-01-28 19:23:31,567 Epoch: 28/500, runtime: 24.151 s
2021-01-28 19:23:55,867 Epoch: 29/500, runtime: 24.300 s
2021-01-28 19:24:19,792 Epoch: 30/500, runtime: 23.925 s
2021-01-28 19:24:43,555 Epoch: 31/500, runtime: 23.762 s
2021-01-28 19:25:06,800 Epoch: 32/500, runtime: 23.245 s
2021-01-28 19:25:30,501 Epoch: 33/500, runtime: 23.700 s
2021-01-28 19:25:54,556 Epoch: 34/500, runtime: 24.055 s
2021-01-28 19:26:18,745 Epoch: 35/500, runtime: 24.189 s
2021-01-28 19:26:43,505 Epoch: 36/500, runtime: 24.760 s
2021-01-28 19:27:07,906 Epoch: 37/500, runtime: 24.401 s
2021-01-28 19:27:32,346 Epoch: 38/500, runtime: 24.439 s
2021-01-28 19:27:56,410 Epoch: 39/500, runtime: 24.064 s
2021-01-28 19:28:20,282 Epoch: 40/500, runtime: 23.871 s
2021-01-28 19:28:44,985 Epoch: 41/500, runtime: 24.703 s
2021-01-28 19:29:09,411 Epoch: 42/500, runtime: 24.425 s
2021-01-28 19:29:33,824 Epoch: 43/500, runtime: 24.413 s
2021-01-28 19:29:58,134 Epoch: 44/500, runtime: 24.310 s
2021-01-28 19:30:22,126 Epoch: 45/500, runtime: 23.992 s
2021-01-28 19:30:46,061 Epoch: 46/500, runtime: 23.934 s
2021-01-28 19:31:11,075 Epoch: 47/500, runtime: 25.014 s
2021-01-28 19:31:35,660 Epoch: 48/500, runtime: 24.584 s
2021-01-28 19:32:00,145 Epoch: 49/500, runtime: 24.485 s
2021-01-28 19:32:24,821 Epoch: 50/500, runtime: 24.676 s
2021-01-28 19:32:49,088 Epoch: 51/500, runtime: 24.267 s
2021-01-28 19:33:13,793 Epoch: 52/500, runtime: 24.705 s
2021-01-28 19:33:38,166 Epoch: 53/500, runtime: 24.372 s
2021-01-28 19:34:02,250 Epoch: 54/500, runtime: 24.084 s
2021-01-28 19:34:26,578 Epoch: 55/500, runtime: 24.328 s
2021-01-28 19:34:51,105 Epoch: 56/500, runtime: 24.527 s
2021-01-28 19:35:15,792 Epoch: 57/500, runtime: 24.687 s
2021-01-28 19:35:40,224 Epoch: 58/500, runtime: 24.432 s
2021-01-28 19:36:04,563 Epoch: 59/500, runtime: 24.338 s
2021-01-28 19:36:28,712 Epoch: 60/500, runtime: 24.149 s
2021-01-28 19:36:53,360 Epoch: 61/500, runtime: 24.648 s
2021-01-28 19:37:18,510 Epoch: 62/500, runtime: 25.149 s
2021-01-28 19:37:44,050 Epoch: 63/500, runtime: 25.540 s
2021-01-28 19:38:08,328 Epoch: 64/500, runtime: 24.278 s
2021-01-28 19:38:33,122 Epoch: 65/500, runtime: 24.793 s
2021-01-28 19:38:58,199 Epoch: 66/500, runtime: 25.077 s
2021-01-28 19:39:23,253 Epoch: 67/500, runtime: 25.055 s
2021-01-28 19:39:47,842 Epoch: 68/500, runtime: 24.589 s
2021-01-28 19:40:13,478 Epoch: 69/500, runtime: 25.636 s
2021-01-28 19:40:37,802 Epoch: 70/500, runtime: 24.323 s
2021-01-28 19:41:01,722 Epoch: 71/500, runtime: 23.919 s
2021-01-28 19:41:26,023 Epoch: 72/500, runtime: 24.302 s
2021-01-28 19:41:50,079 Epoch: 73/500, runtime: 24.055 s
2021-01-28 19:42:14,852 Epoch: 74/500, runtime: 24.773 s
2021-01-28 19:42:40,547 Epoch: 75/500, runtime: 25.694 s
2021-01-28 19:43:06,342 Epoch: 76/500, runtime: 25.796 s
2021-01-28 19:43:30,214 Epoch: 77/500, runtime: 23.871 s
2021-01-28 19:43:54,712 Epoch: 78/500, runtime: 24.498 s
2021-01-28 19:44:19,090 Epoch: 79/500, runtime: 24.378 s
2021-01-28 19:44:43,102 Epoch: 80/500, runtime: 24.012 s
2021-01-28 19:45:07,040 Epoch: 81/500, runtime: 23.937 s
2021-01-28 19:45:31,223 Epoch: 82/500, runtime: 24.183 s
2021-01-28 19:45:55,632 Epoch: 83/500, runtime: 24.409 s
2021-01-28 19:46:19,797 Epoch: 84/500, runtime: 24.164 s
2021-01-28 19:46:44,399 Epoch: 85/500, runtime: 24.602 s
2021-01-28 19:47:08,525 Epoch: 86/500, runtime: 24.126 s
2021-01-28 19:47:32,548 Epoch: 87/500, runtime: 24.023 s
2021-01-28 19:47:57,922 Epoch: 88/500, runtime: 25.374 s
2021-01-28 19:48:23,286 Epoch: 89/500, runtime: 25.364 s
2021-01-28 19:48:48,059 Epoch: 90/500, runtime: 24.772 s
2021-01-28 19:49:12,836 Epoch: 91/500, runtime: 24.777 s
2021-01-28 19:49:37,861 Epoch: 92/500, runtime: 25.024 s
2021-01-28 19:50:03,327 Epoch: 93/500, runtime: 25.465 s
2021-01-28 19:50:27,927 Epoch: 94/500, runtime: 24.601 s
2021-01-28 19:50:51,984 Epoch: 95/500, runtime: 24.057 s
2021-01-28 19:51:16,179 Epoch: 96/500, runtime: 24.194 s
2021-01-28 19:51:39,897 Epoch: 97/500, runtime: 23.718 s
2021-01-28 19:52:03,994 Epoch: 98/500, runtime: 24.097 s
2021-01-28 19:52:28,659 Epoch: 99/500, runtime: 24.664 s
2021-01-28 19:52:53,511 Epoch: 100/500, runtime: 24.852 s
2021-01-28 19:53:18,129 Epoch: 101/500, runtime: 24.618 s
2021-01-28 19:53:42,163 Epoch: 102/500, runtime: 24.033 s
2021-01-28 19:54:05,878 Epoch: 103/500, runtime: 23.716 s
2021-01-28 19:54:29,688 Epoch: 104/500, runtime: 23.809 s
2021-01-28 19:54:54,062 Epoch: 105/500, runtime: 24.374 s
2021-01-28 19:55:18,662 Epoch: 106/500, runtime: 24.600 s
2021-01-28 19:55:42,514 Epoch: 107/500, runtime: 23.852 s
2021-01-28 19:56:06,628 Epoch: 108/500, runtime: 24.113 s
2021-01-28 19:56:31,216 Epoch: 109/500, runtime: 24.588 s
2021-01-28 19:56:55,357 Epoch: 110/500, runtime: 24.141 s
2021-01-28 19:57:19,560 Epoch: 111/500, runtime: 24.203 s
2021-01-28 19:57:44,279 Epoch: 112/500, runtime: 24.719 s
2021-01-28 19:58:08,683 Epoch: 113/500, runtime: 24.404 s
2021-01-28 19:58:32,767 Epoch: 114/500, runtime: 24.084 s
2021-01-28 19:58:56,716 Epoch: 115/500, runtime: 23.949 s
2021-01-28 19:59:20,667 Epoch: 116/500, runtime: 23.951 s
2021-01-28 19:59:44,787 Epoch: 117/500, runtime: 24.120 s
2021-01-28 20:00:09,149 Epoch: 118/500, runtime: 24.361 s
2021-01-28 20:00:33,412 Epoch: 119/500, runtime: 24.263 s
2021-01-28 20:00:58,197 Epoch: 120/500, runtime: 24.785 s
2021-01-28 20:01:22,556 Epoch: 121/500, runtime: 24.359 s
2021-01-28 20:01:46,481 Epoch: 122/500, runtime: 23.925 s
2021-01-28 20:02:10,732 Epoch: 123/500, runtime: 24.250 s
2021-01-28 20:02:34,895 Epoch: 124/500, runtime: 24.163 s
2021-01-28 20:02:59,041 Epoch: 125/500, runtime: 24.146 s
2021-01-28 20:03:22,828 Epoch: 126/500, runtime: 23.786 s
2021-01-28 20:03:46,568 Epoch: 127/500, runtime: 23.740 s
2021-01-28 20:04:10,709 Epoch: 128/500, runtime: 24.142 s
2021-01-28 20:04:34,252 Epoch: 129/500, runtime: 23.543 s
2021-01-28 20:04:57,879 Epoch: 130/500, runtime: 23.626 s
2021-01-28 20:05:22,292 Epoch: 131/500, runtime: 24.414 s
2021-01-28 20:05:46,618 Epoch: 132/500, runtime: 24.325 s
2021-01-28 20:06:10,704 Epoch: 133/500, runtime: 24.086 s
2021-01-28 20:06:35,586 Epoch: 134/500, runtime: 24.882 s
2021-01-28 20:07:00,777 Epoch: 135/500, runtime: 25.191 s
2021-01-28 20:07:25,763 Epoch: 136/500, runtime: 24.986 s
2021-01-28 20:07:50,562 Epoch: 137/500, runtime: 24.799 s
2021-01-28 20:08:15,949 Epoch: 138/500, runtime: 25.387 s
2021-01-28 20:08:40,152 Epoch: 139/500, runtime: 24.203 s
2021-01-28 20:09:04,188 Epoch: 140/500, runtime: 24.035 s
2021-01-28 20:09:28,069 Epoch: 141/500, runtime: 23.881 s
2021-01-28 20:09:52,044 Epoch: 142/500, runtime: 23.975 s
2021-01-28 20:10:16,069 Epoch: 143/500, runtime: 24.025 s
2021-01-28 20:10:40,023 Epoch: 144/500, runtime: 23.953 s
2021-01-28 20:11:03,892 Epoch: 145/500, runtime: 23.869 s
2021-01-28 20:11:27,330 Epoch: 146/500, runtime: 23.438 s
2021-01-28 20:11:50,530 Epoch: 147/500, runtime: 23.200 s
2021-01-28 20:12:14,502 Epoch: 148/500, runtime: 23.972 s
2021-01-28 20:12:39,115 Epoch: 149/500, runtime: 24.613 s
2021-01-28 20:13:03,313 Epoch: 150/500, runtime: 24.198 s
2021-01-28 20:13:27,757 Epoch: 151/500, runtime: 24.444 s
2021-01-28 20:13:52,266 Epoch: 152/500, runtime: 24.509 s
2021-01-28 20:14:16,889 Epoch: 153/500, runtime: 24.623 s
2021-01-28 20:14:41,970 Epoch: 154/500, runtime: 25.081 s
2021-01-28 20:15:06,631 Epoch: 155/500, runtime: 24.660 s
2021-01-28 20:15:31,223 Epoch: 156/500, runtime: 24.592 s
2021-01-28 20:15:56,068 Epoch: 157/500, runtime: 24.845 s
2021-01-28 20:16:21,034 Epoch: 158/500, runtime: 24.966 s
2021-01-28 20:16:45,573 Epoch: 159/500, runtime: 24.539 s
2021-01-28 20:17:09,607 Epoch: 160/500, runtime: 24.033 s
2021-01-28 20:17:34,381 Epoch: 161/500, runtime: 24.774 s
2021-01-28 20:17:59,261 Epoch: 162/500, runtime: 24.880 s
2021-01-28 20:18:24,417 Epoch: 163/500, runtime: 25.156 s
2021-01-28 20:18:48,293 Epoch: 164/500, runtime: 23.875 s
2021-01-28 20:19:12,208 Epoch: 165/500, runtime: 23.915 s
2021-01-28 20:19:35,983 Epoch: 166/500, runtime: 23.776 s
2021-01-28 20:20:00,660 Epoch: 167/500, runtime: 24.676 s
2021-01-28 20:20:25,349 Epoch: 168/500, runtime: 24.689 s
2021-01-28 20:20:49,330 Epoch: 169/500, runtime: 23.980 s
2021-01-28 20:21:13,407 Epoch: 170/500, runtime: 24.078 s
2021-01-28 20:21:38,184 Epoch: 171/500, runtime: 24.776 s
2021-01-28 20:22:03,474 Epoch: 172/500, runtime: 25.290 s
2021-01-28 20:22:28,895 Epoch: 173/500, runtime: 25.421 s
2021-01-28 20:22:54,136 Epoch: 174/500, runtime: 25.240 s
2021-01-28 20:23:19,170 Epoch: 175/500, runtime: 25.034 s
2021-01-28 20:23:44,272 Epoch: 176/500, runtime: 25.102 s
2021-01-28 20:24:09,179 Epoch: 177/500, runtime: 24.907 s
2021-01-28 20:24:33,753 Epoch: 178/500, runtime: 24.574 s
2021-01-28 20:24:58,260 Epoch: 179/500, runtime: 24.507 s
2021-01-28 20:25:22,223 Epoch: 180/500, runtime: 23.963 s
2021-01-28 20:25:46,981 Epoch: 181/500, runtime: 24.758 s
2021-01-28 20:26:12,109 Epoch: 182/500, runtime: 25.128 s
2021-01-28 20:26:36,047 Epoch: 183/500, runtime: 23.938 s
2021-01-28 20:27:00,536 Epoch: 184/500, runtime: 24.489 s
2021-01-28 20:27:25,129 Epoch: 185/500, runtime: 24.592 s
2021-01-28 20:27:49,656 Epoch: 186/500, runtime: 24.528 s
2021-01-28 20:28:14,126 Epoch: 187/500, runtime: 24.469 s
2021-01-28 20:28:38,782 Epoch: 188/500, runtime: 24.656 s
2021-01-28 20:29:03,178 Epoch: 189/500, runtime: 24.396 s
2021-01-28 20:29:27,572 Epoch: 190/500, runtime: 24.394 s
2021-01-28 20:29:52,055 Epoch: 191/500, runtime: 24.483 s
2021-01-28 20:30:16,556 Epoch: 192/500, runtime: 24.501 s
2021-01-28 20:30:41,026 Epoch: 193/500, runtime: 24.470 s
2021-01-28 20:31:05,408 Epoch: 194/500, runtime: 24.381 s
2021-01-28 20:31:29,760 Epoch: 195/500, runtime: 24.351 s
2021-01-28 20:31:54,381 Epoch: 196/500, runtime: 24.621 s
2021-01-28 20:32:18,640 Epoch: 197/500, runtime: 24.259 s
2021-01-28 20:32:42,528 Epoch: 198/500, runtime: 23.888 s
2021-01-28 20:33:06,597 Epoch: 199/500, runtime: 24.069 s
2021-01-28 20:33:30,481 Epoch: 200/500, runtime: 23.885 s
2021-01-28 20:33:54,315 Epoch: 201/500, runtime: 23.833 s
2021-01-28 20:34:18,065 Epoch: 202/500, runtime: 23.750 s
2021-01-28 20:34:43,535 Epoch: 203/500, runtime: 25.469 s
2021-01-28 20:35:09,366 Epoch: 204/500, runtime: 25.832 s
2021-01-28 20:35:34,668 Epoch: 205/500, runtime: 25.301 s
2021-01-28 20:36:00,284 Epoch: 206/500, runtime: 25.616 s
2021-01-28 20:36:24,911 Epoch: 207/500, runtime: 24.627 s
2021-01-28 20:36:49,104 Epoch: 208/500, runtime: 24.192 s
2021-01-28 20:37:13,599 Epoch: 209/500, runtime: 24.495 s
2021-01-28 20:37:38,219 Epoch: 210/500, runtime: 24.620 s
2021-01-28 20:38:02,650 Epoch: 211/500, runtime: 24.431 s
2021-01-28 20:38:27,055 Epoch: 212/500, runtime: 24.404 s
2021-01-28 20:38:51,784 Epoch: 213/500, runtime: 24.729 s
2021-01-28 20:39:17,227 Epoch: 214/500, runtime: 25.443 s
2021-01-28 20:39:42,368 Epoch: 215/500, runtime: 25.141 s
2021-01-28 20:40:07,388 Epoch: 216/500, runtime: 25.020 s
2021-01-28 20:40:32,160 Epoch: 217/500, runtime: 24.772 s
2021-01-28 20:40:56,922 Epoch: 218/500, runtime: 24.762 s
2021-01-28 20:41:21,835 Epoch: 219/500, runtime: 24.913 s
2021-01-28 20:41:46,966 Epoch: 220/500, runtime: 25.131 s
2021-01-28 20:42:11,793 Epoch: 221/500, runtime: 24.827 s
2021-01-28 20:42:36,614 Epoch: 222/500, runtime: 24.821 s
2021-01-28 20:43:02,133 Epoch: 223/500, runtime: 25.518 s
2021-01-28 20:43:27,712 Epoch: 224/500, runtime: 25.580 s
2021-01-28 20:43:53,132 Epoch: 225/500, runtime: 25.420 s
2021-01-28 20:44:19,177 Epoch: 226/500, runtime: 26.044 s
2021-01-28 20:44:45,387 Epoch: 227/500, runtime: 26.210 s
2021-01-28 20:45:11,621 Epoch: 228/500, runtime: 26.233 s
2021-01-28 20:45:37,924 Epoch: 229/500, runtime: 26.303 s
2021-01-28 20:46:03,756 Epoch: 230/500, runtime: 25.832 s
2021-01-28 20:46:28,684 Epoch: 231/500, runtime: 24.928 s
2021-01-28 20:46:54,221 Epoch: 232/500, runtime: 25.537 s
2021-01-28 20:47:19,251 Epoch: 233/500, runtime: 25.030 s
2021-01-28 20:47:43,953 Epoch: 234/500, runtime: 24.701 s
2021-01-28 20:48:08,558 Epoch: 235/500, runtime: 24.605 s
2021-01-28 20:48:33,577 Epoch: 236/500, runtime: 25.019 s
2021-01-28 20:48:59,267 Epoch: 237/500, runtime: 25.690 s
2021-01-28 20:49:24,881 Epoch: 238/500, runtime: 25.614 s
2021-01-28 20:49:49,841 Epoch: 239/500, runtime: 24.960 s
2021-01-28 20:50:14,566 Epoch: 240/500, runtime: 24.724 s
2021-01-28 20:50:39,235 Epoch: 241/500, runtime: 24.670 s
2021-01-28 20:51:03,971 Epoch: 242/500, runtime: 24.735 s
2021-01-28 20:51:28,834 Epoch: 243/500, runtime: 24.863 s
2021-01-28 20:51:54,208 Epoch: 244/500, runtime: 25.375 s
2021-01-28 20:52:19,456 Epoch: 245/500, runtime: 25.247 s
2021-01-28 20:52:44,229 Epoch: 246/500, runtime: 24.773 s
2021-01-28 20:53:09,027 Epoch: 247/500, runtime: 24.797 s
2021-01-28 20:53:33,821 Epoch: 248/500, runtime: 24.794 s
2021-01-28 20:53:59,238 Epoch: 249/500, runtime: 25.417 s
2021-01-28 20:54:23,906 Epoch: 250/500, runtime: 24.668 s
2021-01-28 20:54:48,613 Epoch: 251/500, runtime: 24.707 s
2021-01-28 20:55:13,276 Epoch: 252/500, runtime: 24.663 s
2021-01-28 20:55:38,033 Epoch: 253/500, runtime: 24.756 s
2021-01-28 20:56:02,744 Epoch: 254/500, runtime: 24.710 s
2021-01-28 20:56:27,493 Epoch: 255/500, runtime: 24.749 s
2021-01-28 20:56:52,213 Epoch: 256/500, runtime: 24.720 s
2021-01-28 20:57:16,878 Epoch: 257/500, runtime: 24.665 s
2021-01-28 20:57:41,606 Epoch: 258/500, runtime: 24.728 s
2021-01-28 20:58:06,415 Epoch: 259/500, runtime: 24.809 s
2021-01-28 20:58:31,854 Epoch: 260/500, runtime: 25.438 s
2021-01-28 20:58:57,788 Epoch: 261/500, runtime: 25.934 s
2021-01-28 20:59:22,957 Epoch: 262/500, runtime: 25.169 s
2021-01-28 20:59:48,099 Epoch: 263/500, runtime: 25.142 s
2021-01-28 21:00:13,872 Epoch: 264/500, runtime: 25.773 s
2021-01-28 21:00:39,064 Epoch: 265/500, runtime: 25.192 s
2021-01-28 21:01:04,438 Epoch: 266/500, runtime: 25.374 s
2021-01-28 21:01:29,011 Epoch: 267/500, runtime: 24.573 s
2021-01-28 21:01:53,524 Epoch: 268/500, runtime: 24.512 s
2021-01-28 21:02:18,168 Epoch: 269/500, runtime: 24.644 s
2021-01-28 21:02:42,841 Epoch: 270/500, runtime: 24.672 s
2021-01-28 21:03:07,627 Epoch: 271/500, runtime: 24.786 s
2021-01-28 21:03:32,656 Epoch: 272/500, runtime: 25.029 s
2021-01-28 21:03:57,323 Epoch: 273/500, runtime: 24.666 s
2021-01-28 21:04:21,893 Epoch: 274/500, runtime: 24.570 s
2021-01-28 21:04:46,764 Epoch: 275/500, runtime: 24.871 s
2021-01-28 21:05:11,607 Epoch: 276/500, runtime: 24.843 s
2021-01-28 21:05:36,686 Epoch: 277/500, runtime: 25.079 s
2021-01-28 21:06:01,746 Epoch: 278/500, runtime: 25.059 s
2021-01-28 21:06:26,642 Epoch: 279/500, runtime: 24.897 s
2021-01-28 21:06:51,683 Epoch: 280/500, runtime: 25.040 s
2021-01-28 21:07:16,558 Epoch: 281/500, runtime: 24.875 s
2021-01-28 21:07:41,820 Epoch: 282/500, runtime: 25.262 s
2021-01-28 21:08:06,430 Epoch: 283/500, runtime: 24.610 s
2021-01-28 21:08:31,071 Epoch: 284/500, runtime: 24.640 s
2021-01-28 21:08:55,780 Epoch: 285/500, runtime: 24.709 s
2021-01-28 21:09:20,599 Epoch: 286/500, runtime: 24.819 s
2021-01-28 21:09:45,403 Epoch: 287/500, runtime: 24.804 s
2021-01-28 21:10:10,171 Epoch: 288/500, runtime: 24.767 s
2021-01-28 21:10:34,895 Epoch: 289/500, runtime: 24.724 s
2021-01-28 21:10:59,768 Epoch: 290/500, runtime: 24.872 s
2021-01-28 21:11:24,620 Epoch: 291/500, runtime: 24.852 s
2021-01-28 21:11:49,386 Epoch: 292/500, runtime: 24.765 s
2021-01-28 21:12:14,206 Epoch: 293/500, runtime: 24.820 s
2021-01-28 21:12:39,009 Epoch: 294/500, runtime: 24.803 s
2021-01-28 21:13:03,802 Epoch: 295/500, runtime: 24.793 s
2021-01-28 21:13:28,596 Epoch: 296/500, runtime: 24.794 s
2021-01-28 21:13:53,384 Epoch: 297/500, runtime: 24.787 s
2021-01-28 21:14:18,132 Epoch: 298/500, runtime: 24.748 s
2021-01-28 21:14:42,765 Epoch: 299/500, runtime: 24.632 s
2021-01-28 21:15:07,406 Epoch: 300/500, runtime: 24.641 s
2021-01-28 21:15:32,060 Epoch: 301/500, runtime: 24.653 s
2021-01-28 21:15:56,679 Epoch: 302/500, runtime: 24.619 s
2021-01-28 21:16:21,300 Epoch: 303/500, runtime: 24.621 s
2021-01-28 21:16:46,585 Epoch: 304/500, runtime: 25.285 s
2021-01-28 21:17:12,181 Epoch: 305/500, runtime: 25.596 s
2021-01-28 21:17:38,385 Epoch: 306/500, runtime: 26.203 s
2021-01-28 21:18:04,586 Epoch: 307/500, runtime: 26.201 s
2021-01-28 21:18:30,656 Epoch: 308/500, runtime: 26.070 s
2021-01-28 21:18:56,835 Epoch: 309/500, runtime: 26.179 s
2021-01-28 21:19:23,008 Epoch: 310/500, runtime: 26.172 s
2021-01-28 21:19:48,695 Epoch: 311/500, runtime: 25.688 s
2021-01-28 21:20:14,812 Epoch: 312/500, runtime: 26.116 s
2021-01-28 21:20:40,894 Epoch: 313/500, runtime: 26.082 s
2021-01-28 21:21:06,684 Epoch: 314/500, runtime: 25.790 s
2021-01-28 21:21:32,437 Epoch: 315/500, runtime: 25.753 s
2021-01-28 21:21:58,418 Epoch: 316/500, runtime: 25.980 s
2021-01-28 21:22:24,229 Epoch: 317/500, runtime: 25.811 s
2021-01-28 21:22:49,641 Epoch: 318/500, runtime: 25.412 s
2021-01-28 21:23:15,015 Epoch: 319/500, runtime: 25.373 s
2021-01-28 21:23:40,431 Epoch: 320/500, runtime: 25.416 s
2021-01-28 21:24:05,627 Epoch: 321/500, runtime: 25.195 s
2021-01-28 21:24:30,891 Epoch: 322/500, runtime: 25.264 s
2021-01-28 21:24:56,648 Epoch: 323/500, runtime: 25.757 s
2021-01-28 21:25:22,158 Epoch: 324/500, runtime: 25.510 s
2021-01-28 21:25:48,350 Epoch: 325/500, runtime: 25.736 s
2021-01-28 21:26:14,423 Epoch: 326/500, runtime: 26.073 s
2021-01-28 21:26:40,312 Epoch: 327/500, runtime: 25.889 s
2021-01-28 21:27:05,944 Epoch: 328/500, runtime: 25.602 s
2021-01-28 21:27:31,505 Epoch: 329/500, runtime: 25.536 s
2021-01-28 21:27:57,643 Epoch: 330/500, runtime: 26.138 s
2021-01-28 21:28:23,839 Epoch: 331/500, runtime: 26.197 s
2021-01-28 21:28:49,465 Epoch: 332/500, runtime: 25.625 s
2021-01-28 21:29:15,560 Epoch: 333/500, runtime: 26.095 s
2021-01-28 21:29:41,486 Epoch: 334/500, runtime: 25.925 s
2021-01-28 21:30:07,153 Epoch: 335/500, runtime: 25.667 s
2021-01-28 21:30:32,197 Epoch: 336/500, runtime: 25.044 s
2021-01-28 21:30:57,770 Epoch: 337/500, runtime: 25.572 s
2021-01-28 21:31:23,052 Epoch: 338/500, runtime: 25.282 s
2021-01-28 21:31:48,210 Epoch: 339/500, runtime: 25.157 s
2021-01-28 21:32:13,944 Epoch: 340/500, runtime: 25.734 s
2021-01-28 21:32:39,833 Epoch: 341/500, runtime: 25.889 s
2021-01-28 21:33:06,131 Epoch: 342/500, runtime: 26.298 s
2021-01-28 21:33:32,305 Epoch: 343/500, runtime: 26.173 s
2021-01-28 21:33:58,446 Epoch: 344/500, runtime: 26.141 s
2021-01-28 21:34:23,686 Epoch: 345/500, runtime: 25.240 s
2021-01-28 21:34:49,215 Epoch: 346/500, runtime: 25.529 s
2021-01-28 21:35:14,488 Epoch: 347/500, runtime: 25.273 s
2021-01-28 21:35:40,505 Epoch: 348/500, runtime: 26.017 s
2021-01-28 21:36:06,167 Epoch: 349/500, runtime: 25.661 s
2021-01-28 21:36:31,877 Epoch: 350/500, runtime: 25.709 s
2021-01-28 21:36:57,457 Epoch: 351/500, runtime: 25.580 s
2021-01-28 21:37:22,497 Epoch: 352/500, runtime: 25.041 s
2021-01-28 21:37:47,621 Epoch: 353/500, runtime: 25.124 s
2021-01-28 21:38:13,424 Epoch: 354/500, runtime: 25.802 s
2021-01-28 21:38:39,461 Epoch: 355/500, runtime: 26.037 s
2021-01-28 21:39:05,046 Epoch: 356/500, runtime: 25.584 s
2021-01-28 21:39:31,243 Epoch: 357/500, runtime: 26.197 s
2021-01-28 21:39:56,914 Epoch: 358/500, runtime: 25.671 s
2021-01-28 21:40:22,729 Epoch: 359/500, runtime: 25.814 s
2021-01-28 21:40:48,149 Epoch: 360/500, runtime: 25.420 s
2021-01-28 21:41:13,400 Epoch: 361/500, runtime: 25.251 s
2021-01-28 21:41:39,352 Epoch: 362/500, runtime: 25.952 s
2021-01-28 21:42:04,624 Epoch: 363/500, runtime: 25.272 s
2021-01-28 21:42:29,495 Epoch: 364/500, runtime: 24.870 s
2021-01-28 21:42:54,770 Epoch: 365/500, runtime: 25.275 s
2021-01-28 21:43:20,063 Epoch: 366/500, runtime: 25.294 s
2021-01-28 21:43:46,050 Epoch: 367/500, runtime: 25.987 s
2021-01-28 21:44:12,219 Epoch: 368/500, runtime: 26.169 s
2021-01-28 21:44:37,511 Epoch: 369/500, runtime: 25.292 s
2021-01-28 21:45:02,896 Epoch: 370/500, runtime: 25.385 s
2021-01-28 21:45:28,113 Epoch: 371/500, runtime: 25.217 s
2021-01-28 21:45:52,818 Epoch: 372/500, runtime: 24.705 s
2021-01-28 21:46:17,421 Epoch: 373/500, runtime: 24.603 s
2021-01-28 21:46:42,050 Epoch: 374/500, runtime: 24.629 s
2021-01-28 21:47:06,730 Epoch: 375/500, runtime: 24.679 s
2021-01-28 21:47:31,726 Epoch: 376/500, runtime: 24.996 s
2021-01-28 21:47:57,197 Epoch: 377/500, runtime: 25.471 s
2021-01-28 21:48:22,911 Epoch: 378/500, runtime: 25.714 s
2021-01-28 21:48:49,300 Epoch: 379/500, runtime: 26.389 s
2021-01-28 21:49:15,308 Epoch: 380/500, runtime: 26.007 s
2021-01-28 21:49:40,817 Epoch: 381/500, runtime: 25.509 s
2021-01-28 21:50:06,555 Epoch: 382/500, runtime: 25.737 s
2021-01-28 21:50:32,241 Epoch: 383/500, runtime: 25.686 s
2021-01-28 21:50:57,412 Epoch: 384/500, runtime: 25.171 s
2021-01-28 21:51:23,374 Epoch: 385/500, runtime: 25.962 s
2021-01-28 21:51:49,339 Epoch: 386/500, runtime: 25.965 s
2021-01-28 21:52:15,121 Epoch: 387/500, runtime: 25.782 s
2021-01-28 21:52:40,699 Epoch: 388/500, runtime: 25.578 s
2021-01-28 21:53:06,712 Epoch: 389/500, runtime: 26.013 s
2021-01-28 21:53:32,558 Epoch: 390/500, runtime: 25.846 s
2021-01-28 21:53:58,000 Epoch: 391/500, runtime: 25.442 s
2021-01-28 21:54:23,559 Epoch: 392/500, runtime: 25.559 s
2021-01-28 21:54:48,833 Epoch: 393/500, runtime: 25.273 s
2021-01-28 21:55:13,696 Epoch: 394/500, runtime: 24.863 s
2021-01-28 21:55:39,363 Epoch: 395/500, runtime: 25.666 s
2021-01-28 21:56:05,000 Epoch: 396/500, runtime: 25.637 s
2021-01-28 21:56:29,591 Epoch: 397/500, runtime: 24.591 s
2021-01-28 21:56:54,120 Epoch: 398/500, runtime: 24.529 s
2021-01-28 21:57:18,697 Epoch: 399/500, runtime: 24.576 s
2021-01-28 21:57:43,501 Epoch: 400/500, runtime: 24.804 s
2021-01-28 21:58:08,732 Epoch: 401/500, runtime: 25.231 s
2021-01-28 21:58:34,245 Epoch: 402/500, runtime: 25.513 s
2021-01-28 21:58:59,528 Epoch: 403/500, runtime: 25.282 s
2021-01-28 21:59:25,178 Epoch: 404/500, runtime: 25.650 s
2021-01-28 21:59:50,918 Epoch: 405/500, runtime: 25.740 s
2021-01-28 22:00:16,508 Epoch: 406/500, runtime: 25.590 s
2021-01-28 22:00:41,416 Epoch: 407/500, runtime: 24.907 s
2021-01-28 22:01:06,178 Epoch: 408/500, runtime: 24.762 s
2021-01-28 22:01:30,720 Epoch: 409/500, runtime: 24.541 s
2021-01-28 22:01:55,217 Epoch: 410/500, runtime: 24.497 s
2021-01-28 22:02:20,390 Epoch: 411/500, runtime: 25.173 s
2021-01-28 22:02:45,966 Epoch: 412/500, runtime: 25.577 s
2021-01-28 22:03:10,687 Epoch: 413/500, runtime: 24.721 s
2021-01-28 22:03:35,742 Epoch: 414/500, runtime: 25.054 s
2021-01-28 22:04:01,591 Epoch: 415/500, runtime: 25.849 s
2021-01-28 22:04:27,003 Epoch: 416/500, runtime: 25.412 s
2021-01-28 22:04:52,107 Epoch: 417/500, runtime: 25.104 s
2021-01-28 22:05:17,489 Epoch: 418/500, runtime: 25.382 s
2021-01-28 22:05:43,334 Epoch: 419/500, runtime: 25.845 s
2021-01-28 22:06:09,007 Epoch: 420/500, runtime: 25.673 s
2021-01-28 22:06:34,439 Epoch: 421/500, runtime: 25.432 s
2021-01-28 22:07:00,118 Epoch: 422/500, runtime: 25.679 s
2021-01-28 22:07:26,078 Epoch: 423/500, runtime: 25.960 s
2021-01-28 22:07:51,180 Epoch: 424/500, runtime: 25.101 s
2021-01-28 22:08:16,472 Epoch: 425/500, runtime: 25.292 s
2021-01-28 22:08:41,538 Epoch: 426/500, runtime: 25.066 s
2021-01-28 22:09:06,176 Epoch: 427/500, runtime: 24.638 s
2021-01-28 22:09:31,454 Epoch: 428/500, runtime: 25.278 s
2021-01-28 22:09:56,708 Epoch: 429/500, runtime: 25.253 s
2021-01-28 22:10:21,424 Epoch: 430/500, runtime: 24.716 s
2021-01-28 22:10:46,522 Epoch: 431/500, runtime: 25.098 s
2021-01-28 22:11:11,215 Epoch: 432/500, runtime: 24.693 s
2021-01-28 22:11:36,292 Epoch: 433/500, runtime: 25.076 s
2021-01-28 22:12:01,846 Epoch: 434/500, runtime: 25.554 s
2021-01-28 22:12:27,237 Epoch: 435/500, runtime: 25.391 s
2021-01-28 22:12:51,998 Epoch: 436/500, runtime: 24.761 s
2021-01-28 22:13:17,116 Epoch: 437/500, runtime: 25.117 s
2021-01-28 22:13:42,470 Epoch: 438/500, runtime: 25.354 s
2021-01-28 22:14:07,727 Epoch: 439/500, runtime: 25.256 s
2021-01-28 22:14:33,206 Epoch: 440/500, runtime: 25.479 s
2021-01-28 22:14:58,536 Epoch: 441/500, runtime: 25.330 s
2021-01-28 22:15:23,586 Epoch: 442/500, runtime: 25.049 s
2021-01-28 22:15:48,349 Epoch: 443/500, runtime: 24.763 s
2021-01-28 22:16:13,901 Epoch: 444/500, runtime: 25.552 s
2021-01-28 22:16:39,207 Epoch: 445/500, runtime: 25.306 s
2021-01-28 22:17:04,253 Epoch: 446/500, runtime: 25.045 s
2021-01-28 22:17:29,625 Epoch: 447/500, runtime: 25.372 s
2021-01-28 22:17:55,230 Epoch: 448/500, runtime: 25.604 s
2021-01-28 22:18:21,239 Epoch: 449/500, runtime: 26.009 s
2021-01-28 22:18:47,385 Epoch: 450/500, runtime: 26.146 s
2021-01-28 22:19:13,509 Epoch: 451/500, runtime: 26.124 s
2021-01-28 22:19:39,171 Epoch: 452/500, runtime: 25.662 s
2021-01-28 22:20:05,063 Epoch: 453/500, runtime: 25.892 s
2021-01-28 22:20:31,311 Epoch: 454/500, runtime: 26.248 s
2021-01-28 22:20:56,374 Epoch: 455/500, runtime: 25.063 s
2021-01-28 22:21:21,432 Epoch: 456/500, runtime: 25.057 s
2021-01-28 22:21:47,183 Epoch: 457/500, runtime: 25.751 s
2021-01-28 22:22:12,074 Epoch: 458/500, runtime: 24.891 s
2021-01-28 22:22:38,479 Epoch: 459/500, runtime: 26.405 s
2021-01-28 22:23:04,754 Epoch: 460/500, runtime: 26.275 s
2021-01-28 22:23:30,461 Epoch: 461/500, runtime: 25.707 s
2021-01-28 22:23:55,804 Epoch: 462/500, runtime: 25.343 s
2021-01-28 22:24:21,695 Epoch: 463/500, runtime: 25.891 s
2021-01-28 22:24:46,905 Epoch: 464/500, runtime: 25.209 s
2021-01-28 22:25:12,241 Epoch: 465/500, runtime: 25.336 s
2021-01-28 22:25:37,011 Epoch: 466/500, runtime: 24.769 s
2021-01-28 22:26:01,963 Epoch: 467/500, runtime: 24.952 s
2021-01-28 22:26:27,048 Epoch: 468/500, runtime: 25.085 s
2021-01-28 22:26:51,841 Epoch: 469/500, runtime: 24.793 s
2021-01-28 22:27:17,251 Epoch: 470/500, runtime: 25.409 s
2021-01-28 22:27:42,347 Epoch: 471/500, runtime: 25.096 s
2021-01-28 22:28:07,519 Epoch: 472/500, runtime: 25.172 s
2021-01-28 22:28:32,699 Epoch: 473/500, runtime: 25.180 s
2021-01-28 22:28:57,539 Epoch: 474/500, runtime: 24.839 s
2021-01-28 22:29:22,381 Epoch: 475/500, runtime: 24.842 s
2021-01-28 22:29:48,316 Epoch: 476/500, runtime: 25.935 s
2021-01-28 22:30:14,061 Epoch: 477/500, runtime: 25.744 s
2021-01-28 22:30:39,099 Epoch: 478/500, runtime: 25.039 s
2021-01-28 22:31:04,066 Epoch: 479/500, runtime: 24.967 s
2021-01-28 22:31:29,738 Epoch: 480/500, runtime: 25.671 s
2021-01-28 22:31:55,492 Epoch: 481/500, runtime: 25.754 s
2021-01-28 22:32:20,498 Epoch: 482/500, runtime: 25.006 s
2021-01-28 22:32:45,680 Epoch: 483/500, runtime: 25.182 s
2021-01-28 22:33:10,929 Epoch: 484/500, runtime: 25.248 s
2021-01-28 22:33:36,416 Epoch: 485/500, runtime: 25.487 s
2021-01-28 22:34:02,602 Epoch: 486/500, runtime: 26.186 s
2021-01-28 22:34:28,158 Epoch: 487/500, runtime: 25.556 s
2021-01-28 22:34:53,921 Epoch: 488/500, runtime: 25.762 s
2021-01-28 22:35:19,765 Epoch: 489/500, runtime: 25.844 s
2021-01-28 22:35:45,251 Epoch: 490/500, runtime: 25.486 s
2021-01-28 22:36:11,318 Epoch: 491/500, runtime: 26.067 s
2021-01-28 22:36:36,683 Epoch: 492/500, runtime: 25.365 s
2021-01-28 22:37:02,572 Epoch: 493/500, runtime: 25.889 s
2021-01-28 22:37:28,523 Epoch: 494/500, runtime: 25.951 s
2021-01-28 22:37:54,610 Epoch: 495/500, runtime: 26.086 s
2021-01-28 22:38:20,341 Epoch: 496/500, runtime: 25.731 s
2021-01-28 22:38:46,148 Epoch: 497/500, runtime: 25.806 s
2021-01-28 22:39:12,095 Epoch: 498/500, runtime: 25.947 s
2021-01-28 22:39:37,592 Epoch: 499/500, runtime: 25.497 s
2021-01-28 22:40:02,570 Epoch: 500/500, runtime: 24.978 s
2021-01-28 22:40:02,595 Total runtime: 3.464 hrs.
2021-01-28 22:40:02,595 Results saved to:: results3//topicwise_words.txt
2021-01-28 22:40:02,595 -- Done --
