2021-01-28 20:39:39,304 Expected runtime: 3.3 hrs
2021-01-28 20:39:39,473 
Data loading runtime: 0.169 s
2021-01-28 20:39:42,919 Initialization runtime: 3.437 s

2021-01-28 20:40:07,318 Epoch: 1/500, runtime: 24.399 s
2021-01-28 20:40:31,772 Epoch: 2/500, runtime: 24.454 s
2021-01-28 20:40:56,622 Epoch: 3/500, runtime: 24.850 s
2021-01-28 20:41:21,061 Epoch: 4/500, runtime: 24.439 s
2021-01-28 20:41:45,629 Epoch: 5/500, runtime: 24.568 s
2021-01-28 20:42:10,280 Epoch: 6/500, runtime: 24.651 s
2021-01-28 20:42:34,704 Epoch: 7/500, runtime: 24.424 s
2021-01-28 20:42:59,170 Epoch: 8/500, runtime: 24.466 s
2021-01-28 20:43:24,419 Epoch: 9/500, runtime: 25.249 s
2021-01-28 20:43:49,473 Epoch: 10/500, runtime: 25.053 s
2021-01-28 20:44:14,255 Epoch: 11/500, runtime: 24.782 s
2021-01-28 20:44:38,498 Epoch: 12/500, runtime: 24.244 s
2021-01-28 20:45:03,913 Epoch: 13/500, runtime: 25.414 s
2021-01-28 20:45:28,297 Epoch: 14/500, runtime: 24.384 s
2021-01-28 20:45:52,611 Epoch: 15/500, runtime: 24.313 s
2021-01-28 20:46:16,967 Epoch: 16/500, runtime: 24.356 s
2021-01-28 20:46:41,415 Epoch: 17/500, runtime: 24.448 s
2021-01-28 20:47:05,821 Epoch: 18/500, runtime: 24.406 s
2021-01-28 20:47:30,178 Epoch: 19/500, runtime: 24.357 s
2021-01-28 20:47:54,633 Epoch: 20/500, runtime: 24.455 s
2021-01-28 20:48:18,841 Epoch: 21/500, runtime: 24.207 s
2021-01-28 20:48:43,590 Epoch: 22/500, runtime: 24.749 s
2021-01-28 20:49:08,297 Epoch: 23/500, runtime: 24.707 s
2021-01-28 20:49:33,301 Epoch: 24/500, runtime: 25.004 s
2021-01-28 20:49:57,727 Epoch: 25/500, runtime: 24.426 s
2021-01-28 20:50:22,977 Epoch: 26/500, runtime: 25.251 s
2021-01-28 20:50:48,209 Epoch: 27/500, runtime: 25.232 s
2021-01-28 20:51:13,471 Epoch: 28/500, runtime: 25.261 s
2021-01-28 20:51:38,266 Epoch: 29/500, runtime: 24.795 s
2021-01-28 20:52:02,648 Epoch: 30/500, runtime: 24.382 s
2021-01-28 20:52:27,982 Epoch: 31/500, runtime: 25.333 s
2021-01-28 20:52:52,865 Epoch: 32/500, runtime: 24.883 s
2021-01-28 20:53:17,187 Epoch: 33/500, runtime: 24.322 s
2021-01-28 20:53:41,557 Epoch: 34/500, runtime: 24.369 s
2021-01-28 20:54:05,970 Epoch: 35/500, runtime: 24.413 s
2021-01-28 20:54:30,292 Epoch: 36/500, runtime: 24.322 s
2021-01-28 20:54:54,663 Epoch: 37/500, runtime: 24.371 s
2021-01-28 20:55:19,010 Epoch: 38/500, runtime: 24.347 s
2021-01-28 20:55:43,338 Epoch: 39/500, runtime: 24.328 s
2021-01-28 20:56:07,633 Epoch: 40/500, runtime: 24.295 s
2021-01-28 20:56:31,948 Epoch: 41/500, runtime: 24.315 s
2021-01-28 20:56:56,249 Epoch: 42/500, runtime: 24.300 s
2021-01-28 20:57:20,646 Epoch: 43/500, runtime: 24.397 s
2021-01-28 20:57:45,222 Epoch: 44/500, runtime: 24.576 s
2021-01-28 20:58:09,670 Epoch: 45/500, runtime: 24.448 s
2021-01-28 20:58:34,001 Epoch: 46/500, runtime: 24.331 s
2021-01-28 20:58:58,486 Epoch: 47/500, runtime: 24.484 s
2021-01-28 20:59:22,927 Epoch: 48/500, runtime: 24.441 s
2021-01-28 20:59:47,347 Epoch: 49/500, runtime: 24.420 s
2021-01-28 21:00:11,818 Epoch: 50/500, runtime: 24.472 s
2021-01-28 21:00:36,764 Epoch: 51/500, runtime: 24.945 s
2021-01-28 21:01:01,510 Epoch: 52/500, runtime: 24.746 s
2021-01-28 21:01:26,209 Epoch: 53/500, runtime: 24.699 s
2021-01-28 21:01:50,648 Epoch: 54/500, runtime: 24.438 s
2021-01-28 21:02:14,945 Epoch: 55/500, runtime: 24.297 s
2021-01-28 21:02:39,227 Epoch: 56/500, runtime: 24.282 s
2021-01-28 21:03:03,981 Epoch: 57/500, runtime: 24.754 s
2021-01-28 21:03:28,208 Epoch: 58/500, runtime: 24.227 s
2021-01-28 21:03:52,383 Epoch: 59/500, runtime: 24.174 s
2021-01-28 21:04:16,512 Epoch: 60/500, runtime: 24.130 s
2021-01-28 21:04:41,443 Epoch: 61/500, runtime: 24.931 s
2021-01-28 21:05:06,378 Epoch: 62/500, runtime: 24.935 s
2021-01-28 21:05:30,513 Epoch: 63/500, runtime: 24.135 s
2021-01-28 21:05:55,864 Epoch: 64/500, runtime: 25.351 s
2021-01-28 21:06:21,492 Epoch: 65/500, runtime: 25.628 s
2021-01-28 21:06:46,105 Epoch: 66/500, runtime: 24.613 s
2021-01-28 21:07:11,188 Epoch: 67/500, runtime: 25.082 s
2021-01-28 21:07:36,400 Epoch: 68/500, runtime: 25.212 s
2021-01-28 21:08:02,274 Epoch: 69/500, runtime: 25.874 s
2021-01-28 21:08:28,447 Epoch: 70/500, runtime: 26.172 s
2021-01-28 21:08:54,608 Epoch: 71/500, runtime: 26.161 s
2021-01-28 21:09:20,761 Epoch: 72/500, runtime: 26.153 s
2021-01-28 21:09:46,883 Epoch: 73/500, runtime: 26.122 s
2021-01-28 21:10:11,888 Epoch: 74/500, runtime: 25.004 s
2021-01-28 21:10:36,967 Epoch: 75/500, runtime: 25.079 s
2021-01-28 21:11:02,205 Epoch: 76/500, runtime: 25.238 s
2021-01-28 21:11:27,735 Epoch: 77/500, runtime: 25.530 s
2021-01-28 21:11:53,082 Epoch: 78/500, runtime: 25.347 s
2021-01-28 21:12:18,552 Epoch: 79/500, runtime: 25.470 s
2021-01-28 21:12:43,916 Epoch: 80/500, runtime: 25.364 s
2021-01-28 21:13:09,529 Epoch: 81/500, runtime: 25.613 s
2021-01-28 21:13:35,676 Epoch: 82/500, runtime: 26.147 s
2021-01-28 21:14:01,807 Epoch: 83/500, runtime: 26.130 s
2021-01-28 21:14:28,035 Epoch: 84/500, runtime: 26.228 s
2021-01-28 21:14:53,545 Epoch: 85/500, runtime: 25.510 s
2021-01-28 21:15:18,671 Epoch: 86/500, runtime: 25.127 s
2021-01-28 21:15:43,541 Epoch: 87/500, runtime: 24.869 s
2021-01-28 21:16:08,606 Epoch: 88/500, runtime: 25.065 s
2021-01-28 21:16:34,138 Epoch: 89/500, runtime: 25.532 s
2021-01-28 21:17:00,501 Epoch: 90/500, runtime: 26.363 s
2021-01-28 21:17:26,792 Epoch: 91/500, runtime: 26.291 s
2021-01-28 21:17:53,156 Epoch: 92/500, runtime: 26.364 s
2021-01-28 21:18:18,613 Epoch: 93/500, runtime: 25.457 s
2021-01-28 21:18:44,019 Epoch: 94/500, runtime: 25.406 s
2021-01-28 21:19:09,673 Epoch: 95/500, runtime: 25.654 s
2021-01-28 21:19:34,584 Epoch: 96/500, runtime: 24.910 s
2021-01-28 21:20:00,340 Epoch: 97/500, runtime: 25.756 s
2021-01-28 21:20:26,276 Epoch: 98/500, runtime: 25.936 s
2021-01-28 21:20:52,693 Epoch: 99/500, runtime: 26.417 s
2021-01-28 21:21:19,037 Epoch: 100/500, runtime: 26.343 s
2021-01-28 21:21:45,489 Epoch: 101/500, runtime: 26.452 s
2021-01-28 21:22:11,261 Epoch: 102/500, runtime: 25.772 s
2021-01-28 21:22:35,872 Epoch: 103/500, runtime: 24.610 s
2021-01-28 21:23:00,349 Epoch: 104/500, runtime: 24.477 s
2021-01-28 21:23:24,756 Epoch: 105/500, runtime: 24.407 s
2021-01-28 21:23:49,121 Epoch: 106/500, runtime: 24.365 s
2021-01-28 21:24:13,670 Epoch: 107/500, runtime: 24.548 s
2021-01-28 21:24:38,231 Epoch: 108/500, runtime: 24.561 s
2021-01-28 21:25:02,943 Epoch: 109/500, runtime: 24.712 s
2021-01-28 21:25:28,419 Epoch: 110/500, runtime: 25.439 s
2021-01-28 21:25:54,282 Epoch: 111/500, runtime: 25.862 s
2021-01-28 21:26:18,942 Epoch: 112/500, runtime: 24.661 s
2021-01-28 21:26:43,663 Epoch: 113/500, runtime: 24.624 s
2021-01-28 21:27:10,523 Epoch: 114/500, runtime: 26.859 s
2021-01-28 21:27:36,124 Epoch: 115/500, runtime: 25.490 s
2021-01-28 21:28:01,848 Epoch: 116/500, runtime: 25.724 s
2021-01-28 21:28:28,251 Epoch: 117/500, runtime: 26.403 s
2021-01-28 21:28:53,109 Epoch: 118/500, runtime: 24.857 s
2021-01-28 21:29:18,485 Epoch: 119/500, runtime: 25.376 s
2021-01-28 21:29:44,026 Epoch: 120/500, runtime: 25.540 s
2021-01-28 21:30:09,287 Epoch: 121/500, runtime: 25.261 s
2021-01-28 21:30:34,739 Epoch: 122/500, runtime: 25.452 s
2021-01-28 21:31:00,113 Epoch: 123/500, runtime: 25.374 s
2021-01-28 21:31:25,573 Epoch: 124/500, runtime: 25.460 s
2021-01-28 21:31:51,109 Epoch: 125/500, runtime: 25.535 s
2021-01-28 21:32:16,092 Epoch: 126/500, runtime: 24.983 s
2021-01-28 21:32:41,075 Epoch: 127/500, runtime: 24.983 s
2021-01-28 21:33:06,420 Epoch: 128/500, runtime: 25.345 s
2021-01-28 21:33:31,451 Epoch: 129/500, runtime: 25.030 s
2021-01-28 21:33:56,573 Epoch: 130/500, runtime: 25.122 s
2021-01-28 21:34:21,930 Epoch: 131/500, runtime: 25.358 s
2021-01-28 21:34:46,597 Epoch: 132/500, runtime: 24.666 s
2021-01-28 21:35:11,349 Epoch: 133/500, runtime: 24.752 s
2021-01-28 21:35:36,186 Epoch: 134/500, runtime: 24.837 s
2021-01-28 21:36:01,127 Epoch: 135/500, runtime: 24.940 s
2021-01-28 21:36:26,071 Epoch: 136/500, runtime: 24.944 s
2021-01-28 21:36:50,809 Epoch: 137/500, runtime: 24.737 s
2021-01-28 21:37:15,214 Epoch: 138/500, runtime: 24.405 s
2021-01-28 21:37:40,175 Epoch: 139/500, runtime: 24.961 s
2021-01-28 21:38:05,172 Epoch: 140/500, runtime: 24.997 s
2021-01-28 21:38:29,862 Epoch: 141/500, runtime: 24.690 s
2021-01-28 21:38:54,336 Epoch: 142/500, runtime: 24.474 s
2021-01-28 21:39:18,983 Epoch: 143/500, runtime: 24.646 s
2021-01-28 21:39:43,857 Epoch: 144/500, runtime: 24.875 s
2021-01-28 21:40:08,396 Epoch: 145/500, runtime: 24.538 s
2021-01-28 21:40:33,045 Epoch: 146/500, runtime: 24.650 s
2021-01-28 21:40:57,688 Epoch: 147/500, runtime: 24.642 s
2021-01-28 21:41:22,319 Epoch: 148/500, runtime: 24.631 s
2021-01-28 21:41:46,957 Epoch: 149/500, runtime: 24.638 s
2021-01-28 21:42:11,451 Epoch: 150/500, runtime: 24.493 s
2021-01-28 21:42:35,881 Epoch: 151/500, runtime: 24.430 s
2021-01-28 21:43:01,168 Epoch: 152/500, runtime: 25.287 s
2021-01-28 21:43:25,632 Epoch: 153/500, runtime: 24.464 s
2021-01-28 21:43:50,884 Epoch: 154/500, runtime: 25.252 s
2021-01-28 21:44:15,944 Epoch: 155/500, runtime: 25.060 s
2021-01-28 21:44:40,460 Epoch: 156/500, runtime: 24.516 s
2021-01-28 21:45:05,275 Epoch: 157/500, runtime: 24.814 s
2021-01-28 21:45:30,036 Epoch: 158/500, runtime: 24.762 s
2021-01-28 21:45:55,563 Epoch: 159/500, runtime: 25.526 s
2021-01-28 21:46:20,295 Epoch: 160/500, runtime: 24.732 s
2021-01-28 21:46:45,236 Epoch: 161/500, runtime: 24.941 s
2021-01-28 21:47:09,967 Epoch: 162/500, runtime: 24.730 s
2021-01-28 21:47:34,643 Epoch: 163/500, runtime: 24.677 s
2021-01-28 21:47:59,038 Epoch: 164/500, runtime: 24.394 s
2021-01-28 21:48:23,458 Epoch: 165/500, runtime: 24.421 s
2021-01-28 21:48:47,947 Epoch: 166/500, runtime: 24.489 s
2021-01-28 21:49:12,582 Epoch: 167/500, runtime: 24.634 s
2021-01-28 21:49:37,123 Epoch: 168/500, runtime: 24.541 s
2021-01-28 21:50:01,920 Epoch: 169/500, runtime: 24.797 s
2021-01-28 21:50:26,476 Epoch: 170/500, runtime: 24.556 s
2021-01-28 21:50:52,312 Epoch: 171/500, runtime: 25.835 s
2021-01-28 21:51:16,763 Epoch: 172/500, runtime: 24.451 s
2021-01-28 21:51:41,772 Epoch: 173/500, runtime: 25.009 s
2021-01-28 21:52:07,075 Epoch: 174/500, runtime: 25.303 s
2021-01-28 21:52:32,482 Epoch: 175/500, runtime: 25.407 s
2021-01-28 21:52:57,538 Epoch: 176/500, runtime: 25.056 s
2021-01-28 21:53:22,665 Epoch: 177/500, runtime: 25.126 s
2021-01-28 21:53:48,658 Epoch: 178/500, runtime: 25.993 s
2021-01-28 21:54:13,374 Epoch: 179/500, runtime: 24.716 s
2021-01-28 21:54:37,910 Epoch: 180/500, runtime: 24.535 s
2021-01-28 21:55:02,510 Epoch: 181/500, runtime: 24.600 s
2021-01-28 21:55:27,115 Epoch: 182/500, runtime: 24.605 s
2021-01-28 21:55:51,783 Epoch: 183/500, runtime: 24.668 s
2021-01-28 21:56:16,225 Epoch: 184/500, runtime: 24.441 s
2021-01-28 21:56:40,548 Epoch: 185/500, runtime: 24.323 s
2021-01-28 21:57:04,868 Epoch: 186/500, runtime: 24.320 s
2021-01-28 21:57:29,277 Epoch: 187/500, runtime: 24.409 s
2021-01-28 21:57:53,762 Epoch: 188/500, runtime: 24.485 s
2021-01-28 21:58:18,303 Epoch: 189/500, runtime: 24.540 s
2021-01-28 21:58:42,829 Epoch: 190/500, runtime: 24.526 s
2021-01-28 21:59:07,390 Epoch: 191/500, runtime: 24.561 s
2021-01-28 21:59:32,003 Epoch: 192/500, runtime: 24.613 s
2021-01-28 21:59:56,430 Epoch: 193/500, runtime: 24.427 s
2021-01-28 22:00:20,894 Epoch: 194/500, runtime: 24.463 s
2021-01-28 22:00:45,668 Epoch: 195/500, runtime: 24.774 s
2021-01-28 22:01:10,478 Epoch: 196/500, runtime: 24.810 s
2021-01-28 22:01:35,245 Epoch: 197/500, runtime: 24.767 s
2021-01-28 22:01:59,848 Epoch: 198/500, runtime: 24.603 s
2021-01-28 22:02:24,527 Epoch: 199/500, runtime: 24.679 s
2021-01-28 22:02:49,268 Epoch: 200/500, runtime: 24.740 s
2021-01-28 22:03:14,567 Epoch: 201/500, runtime: 25.299 s
2021-01-28 22:03:40,102 Epoch: 202/500, runtime: 25.535 s
2021-01-28 22:04:06,212 Epoch: 203/500, runtime: 26.110 s
2021-01-28 22:04:31,302 Epoch: 204/500, runtime: 25.089 s
2021-01-28 22:04:56,754 Epoch: 205/500, runtime: 25.452 s
2021-01-28 22:05:21,211 Epoch: 206/500, runtime: 24.456 s
2021-01-28 22:05:45,710 Epoch: 207/500, runtime: 24.499 s
2021-01-28 22:06:10,121 Epoch: 208/500, runtime: 24.411 s
2021-01-28 22:06:34,812 Epoch: 209/500, runtime: 24.691 s
2021-01-28 22:06:59,494 Epoch: 210/500, runtime: 24.681 s
2021-01-28 22:07:23,928 Epoch: 211/500, runtime: 24.434 s
2021-01-28 22:07:49,363 Epoch: 212/500, runtime: 25.434 s
2021-01-28 22:08:15,785 Epoch: 213/500, runtime: 26.422 s
2021-01-28 22:08:41,493 Epoch: 214/500, runtime: 25.708 s
2021-01-28 22:09:06,259 Epoch: 215/500, runtime: 24.766 s
2021-01-28 22:09:31,046 Epoch: 216/500, runtime: 24.787 s
2021-01-28 22:09:56,465 Epoch: 217/500, runtime: 25.418 s
2021-01-28 22:10:21,248 Epoch: 218/500, runtime: 24.783 s
2021-01-28 22:10:46,499 Epoch: 219/500, runtime: 25.251 s
2021-01-28 22:11:12,206 Epoch: 220/500, runtime: 25.707 s
2021-01-28 22:11:37,357 Epoch: 221/500, runtime: 25.151 s
2021-01-28 22:12:03,590 Epoch: 222/500, runtime: 26.233 s
2021-01-28 22:12:28,952 Epoch: 223/500, runtime: 25.361 s
2021-01-28 22:12:53,853 Epoch: 224/500, runtime: 24.902 s
2021-01-28 22:13:18,953 Epoch: 225/500, runtime: 25.100 s
2021-01-28 22:13:43,714 Epoch: 226/500, runtime: 24.760 s
2021-01-28 22:14:08,423 Epoch: 227/500, runtime: 24.709 s
2021-01-28 22:14:33,161 Epoch: 228/500, runtime: 24.737 s
2021-01-28 22:14:57,830 Epoch: 229/500, runtime: 24.669 s
2021-01-28 22:15:22,432 Epoch: 230/500, runtime: 24.602 s
2021-01-28 22:15:47,415 Epoch: 231/500, runtime: 24.983 s
2021-01-28 22:16:11,972 Epoch: 232/500, runtime: 24.557 s
2021-01-28 22:16:36,462 Epoch: 233/500, runtime: 24.490 s
2021-01-28 22:17:00,831 Epoch: 234/500, runtime: 24.368 s
2021-01-28 22:17:25,207 Epoch: 235/500, runtime: 24.376 s
2021-01-28 22:17:50,241 Epoch: 236/500, runtime: 25.034 s
2021-01-28 22:18:14,806 Epoch: 237/500, runtime: 24.565 s
2021-01-28 22:18:39,307 Epoch: 238/500, runtime: 24.501 s
2021-01-28 22:19:03,842 Epoch: 239/500, runtime: 24.534 s
2021-01-28 22:19:28,425 Epoch: 240/500, runtime: 24.583 s
2021-01-28 22:19:53,295 Epoch: 241/500, runtime: 24.870 s
2021-01-28 22:20:18,550 Epoch: 242/500, runtime: 25.255 s
2021-01-28 22:20:43,903 Epoch: 243/500, runtime: 25.353 s
2021-01-28 22:21:09,270 Epoch: 244/500, runtime: 25.366 s
2021-01-28 22:21:33,930 Epoch: 245/500, runtime: 24.660 s
2021-01-28 22:21:59,019 Epoch: 246/500, runtime: 25.089 s
2021-01-28 22:22:24,539 Epoch: 247/500, runtime: 25.520 s
2021-01-28 22:22:51,292 Epoch: 248/500, runtime: 26.752 s
2021-01-28 22:23:17,753 Epoch: 249/500, runtime: 26.461 s
2021-01-28 22:23:43,421 Epoch: 250/500, runtime: 25.668 s
2021-01-28 22:24:09,217 Epoch: 251/500, runtime: 25.795 s
2021-01-28 22:24:35,889 Epoch: 252/500, runtime: 26.672 s
2021-01-28 22:25:02,211 Epoch: 253/500, runtime: 26.322 s
2021-01-28 22:25:28,466 Epoch: 254/500, runtime: 26.254 s
2021-01-28 22:25:54,404 Epoch: 255/500, runtime: 25.938 s
2021-01-28 22:26:19,383 Epoch: 256/500, runtime: 24.979 s
2021-01-28 22:26:45,616 Epoch: 257/500, runtime: 26.233 s
2021-01-28 22:27:11,244 Epoch: 258/500, runtime: 25.628 s
2021-01-28 22:27:36,324 Epoch: 259/500, runtime: 25.079 s
2021-01-28 22:28:00,995 Epoch: 260/500, runtime: 24.671 s
2021-01-28 22:28:26,718 Epoch: 261/500, runtime: 25.723 s
2021-01-28 22:28:52,531 Epoch: 262/500, runtime: 25.813 s
2021-01-28 22:29:17,067 Epoch: 263/500, runtime: 24.536 s
2021-01-28 22:29:41,543 Epoch: 264/500, runtime: 24.475 s
2021-01-28 22:30:06,186 Epoch: 265/500, runtime: 24.644 s
2021-01-28 22:30:31,117 Epoch: 266/500, runtime: 24.931 s
2021-01-28 22:30:55,722 Epoch: 267/500, runtime: 24.604 s
2021-01-28 22:31:21,493 Epoch: 268/500, runtime: 25.771 s
2021-01-28 22:31:47,001 Epoch: 269/500, runtime: 25.508 s
2021-01-28 22:32:11,522 Epoch: 270/500, runtime: 24.521 s
2021-01-28 22:32:36,707 Epoch: 271/500, runtime: 25.185 s
2021-01-28 22:33:01,027 Epoch: 272/500, runtime: 24.320 s
2021-01-28 22:33:27,137 Epoch: 273/500, runtime: 26.110 s
2021-01-28 22:33:51,578 Epoch: 274/500, runtime: 24.441 s
2021-01-28 22:34:16,164 Epoch: 275/500, runtime: 24.585 s
2021-01-28 22:34:40,523 Epoch: 276/500, runtime: 24.358 s
2021-01-28 22:35:04,986 Epoch: 277/500, runtime: 24.463 s
2021-01-28 22:35:29,839 Epoch: 278/500, runtime: 24.853 s
2021-01-28 22:35:55,153 Epoch: 279/500, runtime: 25.314 s
2021-01-28 22:36:19,469 Epoch: 280/500, runtime: 24.316 s
2021-01-28 22:36:43,886 Epoch: 281/500, runtime: 24.417 s
2021-01-28 22:37:08,973 Epoch: 282/500, runtime: 25.086 s
2021-01-28 22:37:33,243 Epoch: 283/500, runtime: 24.270 s
2021-01-28 22:37:57,451 Epoch: 284/500, runtime: 24.208 s
2021-01-28 22:38:21,728 Epoch: 285/500, runtime: 24.276 s
2021-01-28 22:38:45,861 Epoch: 286/500, runtime: 24.133 s
2021-01-28 22:39:10,003 Epoch: 287/500, runtime: 24.141 s
2021-01-28 22:39:34,253 Epoch: 288/500, runtime: 24.250 s
2021-01-28 22:39:58,274 Epoch: 289/500, runtime: 24.021 s
2021-01-28 22:40:22,142 Epoch: 290/500, runtime: 23.868 s
2021-01-28 22:40:45,951 Epoch: 291/500, runtime: 23.808 s
2021-01-28 22:41:09,772 Epoch: 292/500, runtime: 23.821 s
2021-01-28 22:41:33,730 Epoch: 293/500, runtime: 23.958 s
2021-01-28 22:41:57,896 Epoch: 294/500, runtime: 24.165 s
2021-01-28 22:42:21,976 Epoch: 295/500, runtime: 24.080 s
2021-01-28 22:42:46,170 Epoch: 296/500, runtime: 24.194 s
2021-01-28 22:43:10,502 Epoch: 297/500, runtime: 24.333 s
2021-01-28 22:43:34,664 Epoch: 298/500, runtime: 24.162 s
2021-01-28 22:43:58,635 Epoch: 299/500, runtime: 23.971 s
2021-01-28 22:44:22,966 Epoch: 300/500, runtime: 24.331 s
2021-01-28 22:44:47,085 Epoch: 301/500, runtime: 24.119 s
2021-01-28 22:45:11,544 Epoch: 302/500, runtime: 24.459 s
2021-01-28 22:45:36,032 Epoch: 303/500, runtime: 24.487 s
2021-01-28 22:46:00,880 Epoch: 304/500, runtime: 24.848 s
2021-01-28 22:46:25,268 Epoch: 305/500, runtime: 24.388 s
2021-01-28 22:46:49,969 Epoch: 306/500, runtime: 24.700 s
2021-01-28 22:47:14,826 Epoch: 307/500, runtime: 24.857 s
2021-01-28 22:47:39,135 Epoch: 308/500, runtime: 24.309 s
2021-01-28 22:48:03,090 Epoch: 309/500, runtime: 23.955 s
2021-01-28 22:48:26,877 Epoch: 310/500, runtime: 23.786 s
2021-01-28 22:48:50,759 Epoch: 311/500, runtime: 23.882 s
2021-01-28 22:49:14,639 Epoch: 312/500, runtime: 23.879 s
2021-01-28 22:49:38,674 Epoch: 313/500, runtime: 24.036 s
2021-01-28 22:50:02,512 Epoch: 314/500, runtime: 23.837 s
2021-01-28 22:50:26,921 Epoch: 315/500, runtime: 24.409 s
2021-01-28 22:50:51,024 Epoch: 316/500, runtime: 24.103 s
2021-01-28 22:51:15,273 Epoch: 317/500, runtime: 24.248 s
2021-01-28 22:51:39,486 Epoch: 318/500, runtime: 24.213 s
2021-01-28 22:52:03,510 Epoch: 319/500, runtime: 24.024 s
2021-01-28 22:52:27,488 Epoch: 320/500, runtime: 23.978 s
2021-01-28 22:52:51,400 Epoch: 321/500, runtime: 23.912 s
2021-01-28 22:53:16,448 Epoch: 322/500, runtime: 25.048 s
2021-01-28 22:53:40,610 Epoch: 323/500, runtime: 24.161 s
2021-01-28 22:54:04,491 Epoch: 324/500, runtime: 23.881 s
2021-01-28 22:54:30,074 Epoch: 325/500, runtime: 25.583 s
2021-01-28 22:54:56,089 Epoch: 326/500, runtime: 26.015 s
2021-01-28 22:55:21,611 Epoch: 327/500, runtime: 25.522 s
2021-01-28 22:55:45,898 Epoch: 328/500, runtime: 24.287 s
2021-01-28 22:56:09,868 Epoch: 329/500, runtime: 23.970 s
2021-01-28 22:56:34,336 Epoch: 330/500, runtime: 24.468 s
2021-01-28 22:56:58,718 Epoch: 331/500, runtime: 24.381 s
2021-01-28 22:57:23,713 Epoch: 332/500, runtime: 24.995 s
2021-01-28 22:57:48,716 Epoch: 333/500, runtime: 25.003 s
2021-01-28 22:58:13,749 Epoch: 334/500, runtime: 25.032 s
2021-01-28 22:58:38,450 Epoch: 335/500, runtime: 24.701 s
2021-01-28 22:59:04,569 Epoch: 336/500, runtime: 26.118 s
2021-01-28 22:59:30,046 Epoch: 337/500, runtime: 25.477 s
2021-01-28 22:59:56,056 Epoch: 338/500, runtime: 26.009 s
2021-01-28 23:00:20,971 Epoch: 339/500, runtime: 24.915 s
2021-01-28 23:00:45,429 Epoch: 340/500, runtime: 24.458 s
2021-01-28 23:01:11,175 Epoch: 341/500, runtime: 25.745 s
2021-01-28 23:01:36,278 Epoch: 342/500, runtime: 25.103 s
2021-01-28 23:02:00,722 Epoch: 343/500, runtime: 24.445 s
2021-01-28 23:02:25,162 Epoch: 344/500, runtime: 24.440 s
2021-01-28 23:02:49,396 Epoch: 345/500, runtime: 24.234 s
2021-01-28 23:03:14,507 Epoch: 346/500, runtime: 25.111 s
2021-01-28 23:03:38,986 Epoch: 347/500, runtime: 24.479 s
2021-01-28 23:04:02,800 Epoch: 348/500, runtime: 23.813 s
2021-01-28 23:04:26,710 Epoch: 349/500, runtime: 23.910 s
2021-01-28 23:04:51,259 Epoch: 350/500, runtime: 24.549 s
2021-01-28 23:05:15,428 Epoch: 351/500, runtime: 24.169 s
2021-01-28 23:05:39,525 Epoch: 352/500, runtime: 24.097 s
2021-01-28 23:06:04,140 Epoch: 353/500, runtime: 24.615 s
2021-01-28 23:06:29,063 Epoch: 354/500, runtime: 24.923 s
2021-01-28 23:06:53,840 Epoch: 355/500, runtime: 24.777 s
2021-01-28 23:07:18,292 Epoch: 356/500, runtime: 24.451 s
2021-01-28 23:07:43,682 Epoch: 357/500, runtime: 25.390 s
2021-01-28 23:08:07,924 Epoch: 358/500, runtime: 24.242 s
2021-01-28 23:08:32,973 Epoch: 359/500, runtime: 25.050 s
2021-01-28 23:08:58,326 Epoch: 360/500, runtime: 25.352 s
2021-01-28 23:09:24,223 Epoch: 361/500, runtime: 25.897 s
2021-01-28 23:09:49,823 Epoch: 362/500, runtime: 25.600 s
2021-01-28 23:10:14,161 Epoch: 363/500, runtime: 24.337 s
2021-01-28 23:10:38,103 Epoch: 364/500, runtime: 23.942 s
2021-01-28 23:11:02,937 Epoch: 365/500, runtime: 24.834 s
2021-01-28 23:11:28,559 Epoch: 366/500, runtime: 25.621 s
2021-01-28 23:11:53,463 Epoch: 367/500, runtime: 24.904 s
2021-01-28 23:12:17,834 Epoch: 368/500, runtime: 24.371 s
2021-01-28 23:12:42,115 Epoch: 369/500, runtime: 24.281 s
2021-01-28 23:13:06,363 Epoch: 370/500, runtime: 24.248 s
2021-01-28 23:13:30,544 Epoch: 371/500, runtime: 24.180 s
2021-01-28 23:13:54,967 Epoch: 372/500, runtime: 24.423 s
2021-01-28 23:14:19,880 Epoch: 373/500, runtime: 24.913 s
2021-01-28 23:14:44,920 Epoch: 374/500, runtime: 25.040 s
2021-01-28 23:15:09,886 Epoch: 375/500, runtime: 24.966 s
2021-01-28 23:15:35,002 Epoch: 376/500, runtime: 25.116 s
2021-01-28 23:15:59,896 Epoch: 377/500, runtime: 24.894 s
2021-01-28 23:16:25,815 Epoch: 378/500, runtime: 25.919 s
2021-01-28 23:16:50,897 Epoch: 379/500, runtime: 25.081 s
2021-01-28 23:17:15,444 Epoch: 380/500, runtime: 24.547 s
2021-01-28 23:17:39,734 Epoch: 381/500, runtime: 24.290 s
2021-01-28 23:18:03,925 Epoch: 382/500, runtime: 24.191 s
2021-01-28 23:18:29,073 Epoch: 383/500, runtime: 25.148 s
2021-01-28 23:18:53,833 Epoch: 384/500, runtime: 24.761 s
2021-01-28 23:19:17,959 Epoch: 385/500, runtime: 24.125 s
2021-01-28 23:19:42,201 Epoch: 386/500, runtime: 24.242 s
2021-01-28 23:20:07,534 Epoch: 387/500, runtime: 25.333 s
2021-01-28 23:20:33,606 Epoch: 388/500, runtime: 26.071 s
2021-01-28 23:20:58,260 Epoch: 389/500, runtime: 24.655 s
2021-01-28 23:21:23,059 Epoch: 390/500, runtime: 24.798 s
2021-01-28 23:21:47,057 Epoch: 391/500, runtime: 23.998 s
2021-01-28 23:22:10,953 Epoch: 392/500, runtime: 23.896 s
2021-01-28 23:22:35,066 Epoch: 393/500, runtime: 24.112 s
2021-01-28 23:22:59,527 Epoch: 394/500, runtime: 24.462 s
2021-01-28 23:23:23,643 Epoch: 395/500, runtime: 24.115 s
2021-01-28 23:23:47,651 Epoch: 396/500, runtime: 24.008 s
2021-01-28 23:24:11,781 Epoch: 397/500, runtime: 24.130 s
2021-01-28 23:24:36,309 Epoch: 398/500, runtime: 24.527 s
2021-01-28 23:25:01,113 Epoch: 399/500, runtime: 24.804 s
2021-01-28 23:25:25,491 Epoch: 400/500, runtime: 24.378 s
2021-01-28 23:25:49,745 Epoch: 401/500, runtime: 24.253 s
2021-01-28 23:26:13,947 Epoch: 402/500, runtime: 24.203 s
2021-01-28 23:26:37,842 Epoch: 403/500, runtime: 23.895 s
2021-01-28 23:27:01,616 Epoch: 404/500, runtime: 23.774 s
2021-01-28 23:27:25,418 Epoch: 405/500, runtime: 23.802 s
2021-01-28 23:27:49,280 Epoch: 406/500, runtime: 23.861 s
2021-01-28 23:28:14,026 Epoch: 407/500, runtime: 24.746 s
2021-01-28 23:28:39,092 Epoch: 408/500, runtime: 25.066 s
2021-01-28 23:29:04,030 Epoch: 409/500, runtime: 24.938 s
2021-01-28 23:29:28,303 Epoch: 410/500, runtime: 24.272 s
2021-01-28 23:29:52,655 Epoch: 411/500, runtime: 24.352 s
2021-01-28 23:30:16,687 Epoch: 412/500, runtime: 24.032 s
2021-01-28 23:30:41,362 Epoch: 413/500, runtime: 24.674 s
2021-01-28 23:31:05,344 Epoch: 414/500, runtime: 23.982 s
2021-01-28 23:31:30,012 Epoch: 415/500, runtime: 24.668 s
2021-01-28 23:31:54,858 Epoch: 416/500, runtime: 24.846 s
2021-01-28 23:32:18,769 Epoch: 417/500, runtime: 23.911 s
2021-01-28 23:32:42,949 Epoch: 418/500, runtime: 24.180 s
2021-01-28 23:33:06,730 Epoch: 419/500, runtime: 23.780 s
2021-01-28 23:33:30,542 Epoch: 420/500, runtime: 23.812 s
2021-01-28 23:33:54,377 Epoch: 421/500, runtime: 23.835 s
2021-01-28 23:34:18,111 Epoch: 422/500, runtime: 23.734 s
2021-01-28 23:34:42,157 Epoch: 423/500, runtime: 24.045 s
2021-01-28 23:35:05,964 Epoch: 424/500, runtime: 23.807 s
2021-01-28 23:35:30,393 Epoch: 425/500, runtime: 24.429 s
2021-01-28 23:35:55,109 Epoch: 426/500, runtime: 24.715 s
2021-01-28 23:36:20,011 Epoch: 427/500, runtime: 24.902 s
2021-01-28 23:36:44,410 Epoch: 428/500, runtime: 24.399 s
2021-01-28 23:37:08,431 Epoch: 429/500, runtime: 24.021 s
2021-01-28 23:37:32,920 Epoch: 430/500, runtime: 24.488 s
2021-01-28 23:37:57,542 Epoch: 431/500, runtime: 24.622 s
2021-01-28 23:38:22,151 Epoch: 432/500, runtime: 24.609 s
2021-01-28 23:38:46,318 Epoch: 433/500, runtime: 24.166 s
2021-01-28 23:39:10,534 Epoch: 434/500, runtime: 24.216 s
2021-01-28 23:39:34,665 Epoch: 435/500, runtime: 24.131 s
2021-01-28 23:39:59,666 Epoch: 436/500, runtime: 25.001 s
2021-01-28 23:40:23,609 Epoch: 437/500, runtime: 23.942 s
2021-01-28 23:40:48,001 Epoch: 438/500, runtime: 24.393 s
2021-01-28 23:41:12,193 Epoch: 439/500, runtime: 24.191 s
2021-01-28 23:41:36,667 Epoch: 440/500, runtime: 24.474 s
2021-01-28 23:42:00,562 Epoch: 441/500, runtime: 23.895 s
2021-01-28 23:42:24,790 Epoch: 442/500, runtime: 24.228 s
2021-01-28 23:42:49,520 Epoch: 443/500, runtime: 24.730 s
2021-01-28 23:43:14,136 Epoch: 444/500, runtime: 24.616 s
2021-01-28 23:43:38,209 Epoch: 445/500, runtime: 24.072 s
2021-01-28 23:44:03,360 Epoch: 446/500, runtime: 25.151 s
2021-01-28 23:44:27,371 Epoch: 447/500, runtime: 24.010 s
2021-01-28 23:44:51,255 Epoch: 448/500, runtime: 23.884 s
2021-01-28 23:45:15,425 Epoch: 449/500, runtime: 24.170 s
2021-01-28 23:45:39,742 Epoch: 450/500, runtime: 24.316 s
2021-01-28 23:46:04,120 Epoch: 451/500, runtime: 24.378 s
2021-01-28 23:46:28,156 Epoch: 452/500, runtime: 24.036 s
2021-01-28 23:46:52,802 Epoch: 453/500, runtime: 24.647 s
2021-01-28 23:47:17,242 Epoch: 454/500, runtime: 24.439 s
2021-01-28 23:47:41,811 Epoch: 455/500, runtime: 24.569 s
2021-01-28 23:48:06,020 Epoch: 456/500, runtime: 24.208 s
2021-01-28 23:48:30,405 Epoch: 457/500, runtime: 24.385 s
2021-01-28 23:48:54,695 Epoch: 458/500, runtime: 24.290 s
2021-01-28 23:49:19,134 Epoch: 459/500, runtime: 24.439 s
2021-01-28 23:49:43,752 Epoch: 460/500, runtime: 24.618 s
2021-01-28 23:50:09,010 Epoch: 461/500, runtime: 25.257 s
2021-01-28 23:50:33,495 Epoch: 462/500, runtime: 24.485 s
2021-01-28 23:50:57,462 Epoch: 463/500, runtime: 23.967 s
2021-01-28 23:51:22,250 Epoch: 464/500, runtime: 24.787 s
2021-01-28 23:51:46,456 Epoch: 465/500, runtime: 24.206 s
2021-01-28 23:52:11,106 Epoch: 466/500, runtime: 24.650 s
2021-01-28 23:52:36,119 Epoch: 467/500, runtime: 25.013 s
2021-01-28 23:53:00,713 Epoch: 468/500, runtime: 24.594 s
2021-01-28 23:53:25,642 Epoch: 469/500, runtime: 24.929 s
2021-01-28 23:53:50,066 Epoch: 470/500, runtime: 24.424 s
2021-01-28 23:54:14,549 Epoch: 471/500, runtime: 24.483 s
2021-01-28 23:54:40,421 Epoch: 472/500, runtime: 25.871 s
2021-01-28 23:55:04,865 Epoch: 473/500, runtime: 24.444 s
2021-01-28 23:55:29,549 Epoch: 474/500, runtime: 24.684 s
2021-01-28 23:55:53,426 Epoch: 475/500, runtime: 23.877 s
2021-01-28 23:56:17,339 Epoch: 476/500, runtime: 23.913 s
2021-01-28 23:56:41,233 Epoch: 477/500, runtime: 23.893 s
2021-01-28 23:57:05,182 Epoch: 478/500, runtime: 23.949 s
2021-01-28 23:57:29,378 Epoch: 479/500, runtime: 24.196 s
2021-01-28 23:57:53,514 Epoch: 480/500, runtime: 24.135 s
2021-01-28 23:58:17,805 Epoch: 481/500, runtime: 24.292 s
2021-01-28 23:58:41,741 Epoch: 482/500, runtime: 23.936 s
2021-01-28 23:59:05,525 Epoch: 483/500, runtime: 23.784 s
2021-01-28 23:59:29,279 Epoch: 484/500, runtime: 23.753 s
2021-01-28 23:59:53,450 Epoch: 485/500, runtime: 24.171 s
2021-01-29 00:00:17,596 Epoch: 486/500, runtime: 24.145 s
2021-01-29 00:00:42,276 Epoch: 487/500, runtime: 24.680 s
2021-01-29 00:01:06,572 Epoch: 488/500, runtime: 24.296 s
2021-01-29 00:01:31,101 Epoch: 489/500, runtime: 24.529 s
2021-01-29 00:01:54,905 Epoch: 490/500, runtime: 23.804 s
2021-01-29 00:02:19,027 Epoch: 491/500, runtime: 24.121 s
2021-01-29 00:02:43,414 Epoch: 492/500, runtime: 24.387 s
2021-01-29 00:03:07,943 Epoch: 493/500, runtime: 24.528 s
2021-01-29 00:03:32,497 Epoch: 494/500, runtime: 24.554 s
2021-01-29 00:03:56,764 Epoch: 495/500, runtime: 24.267 s
2021-01-29 00:04:21,126 Epoch: 496/500, runtime: 24.362 s
2021-01-29 00:04:44,460 Epoch: 497/500, runtime: 23.333 s
2021-01-29 00:05:07,458 Epoch: 498/500, runtime: 22.998 s
2021-01-29 00:05:30,783 Epoch: 499/500, runtime: 23.325 s
2021-01-29 00:05:54,258 Epoch: 500/500, runtime: 23.475 s
2021-01-29 00:05:54,285 Total runtime: 3.437 hrs.
2021-01-29 00:05:54,286 Results saved to:: results6//topicwise_words.txt
2021-01-29 00:05:54,286 -- Done --
