2021-01-28 20:34:58,616 Expected runtime: 3.3 hrs
2021-01-28 20:35:09,350 Expected runtime: 3.3 hrs
2021-01-28 20:35:09,515 
Data loading runtime: 0.165 s
2021-01-28 20:35:12,949 Initialization runtime: 3.425 s

2021-01-28 20:35:37,228 Epoch: 1/500, runtime: 24.279 s
2021-01-28 20:36:01,477 Epoch: 2/500, runtime: 24.249 s
2021-01-28 20:36:25,274 Epoch: 3/500, runtime: 23.796 s
2021-01-28 20:36:49,102 Epoch: 4/500, runtime: 23.828 s
2021-01-28 20:37:13,251 Epoch: 5/500, runtime: 24.149 s
2021-01-28 20:37:37,346 Epoch: 6/500, runtime: 24.094 s
2021-01-28 20:38:01,993 Epoch: 7/500, runtime: 24.647 s
2021-01-28 20:38:25,810 Epoch: 8/500, runtime: 23.817 s
2021-01-28 20:38:49,835 Epoch: 9/500, runtime: 24.025 s
2021-01-28 20:39:13,887 Epoch: 10/500, runtime: 24.052 s
2021-01-28 20:39:38,004 Epoch: 11/500, runtime: 24.116 s
2021-01-28 20:40:02,335 Epoch: 12/500, runtime: 24.331 s
2021-01-28 20:40:26,728 Epoch: 13/500, runtime: 24.393 s
2021-01-28 20:40:50,984 Epoch: 14/500, runtime: 24.256 s
2021-01-28 20:41:16,644 Epoch: 15/500, runtime: 25.660 s
2021-01-28 20:41:42,194 Epoch: 16/500, runtime: 25.550 s
2021-01-28 20:42:07,102 Epoch: 17/500, runtime: 24.908 s
2021-01-28 20:42:32,401 Epoch: 18/500, runtime: 25.298 s
2021-01-28 20:42:57,699 Epoch: 19/500, runtime: 25.298 s
2021-01-28 20:43:22,709 Epoch: 20/500, runtime: 25.010 s
2021-01-28 20:43:47,349 Epoch: 21/500, runtime: 24.640 s
2021-01-28 20:44:11,494 Epoch: 22/500, runtime: 24.145 s
2021-01-28 20:44:35,723 Epoch: 23/500, runtime: 24.229 s
2021-01-28 20:44:59,991 Epoch: 24/500, runtime: 24.267 s
2021-01-28 20:45:24,318 Epoch: 25/500, runtime: 24.327 s
2021-01-28 20:45:48,747 Epoch: 26/500, runtime: 24.429 s
2021-01-28 20:46:13,392 Epoch: 27/500, runtime: 24.645 s
2021-01-28 20:46:38,322 Epoch: 28/500, runtime: 24.930 s
2021-01-28 20:47:03,167 Epoch: 29/500, runtime: 24.845 s
2021-01-28 20:47:28,285 Epoch: 30/500, runtime: 25.117 s
2021-01-28 20:47:52,838 Epoch: 31/500, runtime: 24.554 s
2021-01-28 20:48:16,905 Epoch: 32/500, runtime: 24.066 s
2021-01-28 20:48:42,757 Epoch: 33/500, runtime: 25.851 s
2021-01-28 20:49:08,923 Epoch: 34/500, runtime: 26.166 s
2021-01-28 20:49:34,158 Epoch: 35/500, runtime: 25.236 s
2021-01-28 20:50:00,254 Epoch: 36/500, runtime: 26.095 s
2021-01-28 20:50:26,755 Epoch: 37/500, runtime: 26.501 s
2021-01-28 20:50:53,253 Epoch: 38/500, runtime: 26.498 s
2021-01-28 20:51:19,835 Epoch: 39/500, runtime: 26.581 s
2021-01-28 20:51:46,263 Epoch: 40/500, runtime: 26.428 s
2021-01-28 20:52:12,552 Epoch: 41/500, runtime: 26.289 s
2021-01-28 20:52:37,886 Epoch: 42/500, runtime: 25.333 s
2021-01-28 20:53:02,671 Epoch: 43/500, runtime: 24.785 s
2021-01-28 20:53:26,901 Epoch: 44/500, runtime: 24.230 s
2021-01-28 20:53:51,153 Epoch: 45/500, runtime: 24.252 s
2021-01-28 20:54:15,633 Epoch: 46/500, runtime: 24.480 s
2021-01-28 20:54:40,389 Epoch: 47/500, runtime: 24.755 s
2021-01-28 20:55:04,867 Epoch: 48/500, runtime: 24.478 s
2021-01-28 20:55:29,314 Epoch: 49/500, runtime: 24.447 s
2021-01-28 20:55:53,739 Epoch: 50/500, runtime: 24.425 s
2021-01-28 20:56:18,177 Epoch: 51/500, runtime: 24.438 s
2021-01-28 20:56:42,670 Epoch: 52/500, runtime: 24.493 s
2021-01-28 20:57:07,137 Epoch: 53/500, runtime: 24.467 s
2021-01-28 20:57:31,890 Epoch: 54/500, runtime: 24.753 s
2021-01-28 20:57:57,869 Epoch: 55/500, runtime: 25.979 s
2021-01-28 20:58:22,295 Epoch: 56/500, runtime: 24.426 s
2021-01-28 20:58:46,765 Epoch: 57/500, runtime: 24.469 s
2021-01-28 20:59:11,193 Epoch: 58/500, runtime: 24.428 s
2021-01-28 20:59:35,442 Epoch: 59/500, runtime: 24.248 s
2021-01-28 20:59:59,714 Epoch: 60/500, runtime: 24.272 s
2021-01-28 21:00:23,994 Epoch: 61/500, runtime: 24.280 s
2021-01-28 21:00:48,430 Epoch: 62/500, runtime: 24.437 s
2021-01-28 21:01:12,812 Epoch: 63/500, runtime: 24.382 s
2021-01-28 21:01:37,121 Epoch: 64/500, runtime: 24.308 s
2021-01-28 21:02:01,413 Epoch: 65/500, runtime: 24.292 s
2021-01-28 21:02:25,711 Epoch: 66/500, runtime: 24.298 s
2021-01-28 21:02:50,094 Epoch: 67/500, runtime: 24.382 s
2021-01-28 21:03:14,323 Epoch: 68/500, runtime: 24.229 s
2021-01-28 21:03:38,380 Epoch: 69/500, runtime: 24.057 s
2021-01-28 21:04:02,484 Epoch: 70/500, runtime: 24.105 s
2021-01-28 21:04:26,521 Epoch: 71/500, runtime: 24.037 s
2021-01-28 21:04:50,791 Epoch: 72/500, runtime: 24.269 s
2021-01-28 21:05:15,061 Epoch: 73/500, runtime: 24.269 s
2021-01-28 21:05:39,504 Epoch: 74/500, runtime: 24.443 s
2021-01-28 21:06:04,166 Epoch: 75/500, runtime: 24.662 s
2021-01-28 21:06:28,557 Epoch: 76/500, runtime: 24.391 s
2021-01-28 21:06:52,881 Epoch: 77/500, runtime: 24.325 s
2021-01-28 21:07:17,154 Epoch: 78/500, runtime: 24.272 s
2021-01-28 21:07:41,531 Epoch: 79/500, runtime: 24.377 s
2021-01-28 21:08:06,080 Epoch: 80/500, runtime: 24.548 s
2021-01-28 21:08:30,565 Epoch: 81/500, runtime: 24.485 s
2021-01-28 21:08:55,008 Epoch: 82/500, runtime: 24.443 s
2021-01-28 21:09:19,395 Epoch: 83/500, runtime: 24.387 s
2021-01-28 21:09:43,832 Epoch: 84/500, runtime: 24.437 s
2021-01-28 21:10:08,305 Epoch: 85/500, runtime: 24.473 s
2021-01-28 21:10:32,699 Epoch: 86/500, runtime: 24.394 s
2021-01-28 21:10:57,019 Epoch: 87/500, runtime: 24.319 s
2021-01-28 21:11:21,343 Epoch: 88/500, runtime: 24.324 s
2021-01-28 21:11:45,688 Epoch: 89/500, runtime: 24.345 s
2021-01-28 21:12:09,978 Epoch: 90/500, runtime: 24.290 s
2021-01-28 21:12:34,206 Epoch: 91/500, runtime: 24.228 s
2021-01-28 21:12:58,549 Epoch: 92/500, runtime: 24.343 s
2021-01-28 21:13:22,788 Epoch: 93/500, runtime: 24.239 s
2021-01-28 21:13:46,955 Epoch: 94/500, runtime: 24.167 s
2021-01-28 21:14:11,142 Epoch: 95/500, runtime: 24.186 s
2021-01-28 21:14:35,572 Epoch: 96/500, runtime: 24.430 s
2021-01-28 21:15:00,080 Epoch: 97/500, runtime: 24.508 s
2021-01-28 21:15:24,607 Epoch: 98/500, runtime: 24.526 s
2021-01-28 21:15:49,034 Epoch: 99/500, runtime: 24.427 s
2021-01-28 21:16:13,479 Epoch: 100/500, runtime: 24.445 s
2021-01-28 21:16:37,989 Epoch: 101/500, runtime: 24.510 s
2021-01-28 21:17:03,562 Epoch: 102/500, runtime: 25.573 s
2021-01-28 21:17:28,672 Epoch: 103/500, runtime: 25.109 s
2021-01-28 21:17:53,193 Epoch: 104/500, runtime: 24.521 s
2021-01-28 21:18:17,691 Epoch: 105/500, runtime: 24.498 s
2021-01-28 21:18:42,834 Epoch: 106/500, runtime: 25.144 s
2021-01-28 21:19:07,488 Epoch: 107/500, runtime: 24.653 s
2021-01-28 21:19:31,921 Epoch: 108/500, runtime: 24.433 s
2021-01-28 21:19:56,444 Epoch: 109/500, runtime: 24.523 s
2021-01-28 21:20:20,797 Epoch: 110/500, runtime: 24.353 s
2021-01-28 21:20:45,431 Epoch: 111/500, runtime: 24.634 s
2021-01-28 21:21:09,924 Epoch: 112/500, runtime: 24.493 s
2021-01-28 21:21:34,892 Epoch: 113/500, runtime: 24.967 s
2021-01-28 21:21:59,623 Epoch: 114/500, runtime: 24.731 s
2021-01-28 21:22:24,520 Epoch: 115/500, runtime: 24.897 s
2021-01-28 21:22:48,851 Epoch: 116/500, runtime: 24.331 s
2021-01-28 21:23:13,090 Epoch: 117/500, runtime: 24.239 s
2021-01-28 21:23:37,295 Epoch: 118/500, runtime: 24.205 s
2021-01-28 21:24:01,697 Epoch: 119/500, runtime: 24.402 s
2021-01-28 21:24:26,181 Epoch: 120/500, runtime: 24.484 s
2021-01-28 21:24:50,673 Epoch: 121/500, runtime: 24.492 s
2021-01-28 21:25:15,100 Epoch: 122/500, runtime: 24.427 s
2021-01-28 21:25:39,950 Epoch: 123/500, runtime: 24.726 s
2021-01-28 21:26:05,070 Epoch: 124/500, runtime: 25.119 s
2021-01-28 21:26:29,466 Epoch: 125/500, runtime: 24.396 s
2021-01-28 21:26:54,489 Epoch: 126/500, runtime: 24.879 s
2021-01-28 21:27:19,391 Epoch: 127/500, runtime: 24.578 s
2021-01-28 21:27:43,855 Epoch: 128/500, runtime: 24.464 s
2021-01-28 21:28:09,210 Epoch: 129/500, runtime: 25.355 s
2021-01-28 21:28:33,835 Epoch: 130/500, runtime: 24.624 s
2021-01-28 21:28:58,702 Epoch: 131/500, runtime: 24.868 s
2021-01-28 21:29:24,158 Epoch: 132/500, runtime: 25.456 s
2021-01-28 21:29:48,880 Epoch: 133/500, runtime: 24.722 s
2021-01-28 21:30:13,786 Epoch: 134/500, runtime: 24.906 s
2021-01-28 21:30:38,680 Epoch: 135/500, runtime: 24.894 s
2021-01-28 21:31:03,653 Epoch: 136/500, runtime: 24.973 s
2021-01-28 21:31:28,204 Epoch: 137/500, runtime: 24.551 s
2021-01-28 21:31:52,749 Epoch: 138/500, runtime: 24.545 s
2021-01-28 21:32:17,872 Epoch: 139/500, runtime: 25.123 s
2021-01-28 21:32:42,616 Epoch: 140/500, runtime: 24.744 s
2021-01-28 21:33:08,446 Epoch: 141/500, runtime: 25.830 s
2021-01-28 21:33:33,924 Epoch: 142/500, runtime: 25.478 s
2021-01-28 21:33:59,243 Epoch: 143/500, runtime: 25.318 s
2021-01-28 21:34:25,952 Epoch: 144/500, runtime: 26.709 s
2021-01-28 21:34:52,581 Epoch: 145/500, runtime: 26.628 s
2021-01-28 21:35:18,968 Epoch: 146/500, runtime: 26.387 s
2021-01-28 21:35:44,322 Epoch: 147/500, runtime: 25.354 s
2021-01-28 21:36:10,657 Epoch: 148/500, runtime: 26.335 s
2021-01-28 21:36:36,815 Epoch: 149/500, runtime: 26.157 s
2021-01-28 21:37:01,845 Epoch: 150/500, runtime: 25.030 s
2021-01-28 21:37:26,996 Epoch: 151/500, runtime: 25.150 s
2021-01-28 21:37:53,176 Epoch: 152/500, runtime: 26.180 s
2021-01-28 21:38:18,539 Epoch: 153/500, runtime: 25.363 s
2021-01-28 21:38:44,132 Epoch: 154/500, runtime: 25.592 s
2021-01-28 21:39:10,256 Epoch: 155/500, runtime: 26.124 s
2021-01-28 21:39:35,868 Epoch: 156/500, runtime: 25.612 s
2021-01-28 21:40:02,640 Epoch: 157/500, runtime: 26.772 s
2021-01-28 21:40:27,780 Epoch: 158/500, runtime: 25.140 s
2021-01-28 21:40:53,800 Epoch: 159/500, runtime: 26.019 s
2021-01-28 21:41:18,640 Epoch: 160/500, runtime: 24.840 s
2021-01-28 21:41:43,746 Epoch: 161/500, runtime: 25.106 s
2021-01-28 21:42:09,272 Epoch: 162/500, runtime: 25.525 s
2021-01-28 21:42:35,441 Epoch: 163/500, runtime: 26.169 s
2021-01-28 21:43:00,404 Epoch: 164/500, runtime: 24.962 s
2021-01-28 21:43:25,457 Epoch: 165/500, runtime: 25.053 s
2021-01-28 21:43:51,997 Epoch: 166/500, runtime: 26.540 s
2021-01-28 21:44:18,580 Epoch: 167/500, runtime: 26.583 s
2021-01-28 21:44:44,053 Epoch: 168/500, runtime: 25.472 s
2021-01-28 21:45:10,320 Epoch: 169/500, runtime: 26.267 s
2021-01-28 21:45:35,568 Epoch: 170/500, runtime: 25.248 s
2021-01-28 21:46:00,842 Epoch: 171/500, runtime: 25.274 s
2021-01-28 21:46:26,246 Epoch: 172/500, runtime: 25.404 s
2021-01-28 21:46:51,006 Epoch: 173/500, runtime: 24.759 s
2021-01-28 21:47:16,413 Epoch: 174/500, runtime: 25.406 s
2021-01-28 21:47:41,656 Epoch: 175/500, runtime: 25.243 s
2021-01-28 21:48:06,931 Epoch: 176/500, runtime: 25.275 s
2021-01-28 21:48:31,675 Epoch: 177/500, runtime: 24.744 s
2021-01-28 21:48:56,976 Epoch: 178/500, runtime: 25.301 s
2021-01-28 21:49:21,782 Epoch: 179/500, runtime: 24.805 s
2021-01-28 21:49:46,348 Epoch: 180/500, runtime: 24.566 s
2021-01-28 21:50:10,913 Epoch: 181/500, runtime: 24.565 s
2021-01-28 21:50:35,471 Epoch: 182/500, runtime: 24.558 s
2021-01-28 21:51:00,127 Epoch: 183/500, runtime: 24.655 s
2021-01-28 21:51:24,987 Epoch: 184/500, runtime: 24.861 s
2021-01-28 21:51:49,690 Epoch: 185/500, runtime: 24.702 s
2021-01-28 21:52:14,448 Epoch: 186/500, runtime: 24.758 s
2021-01-28 21:52:39,283 Epoch: 187/500, runtime: 24.835 s
2021-01-28 21:53:03,848 Epoch: 188/500, runtime: 24.566 s
2021-01-28 21:53:28,767 Epoch: 189/500, runtime: 24.919 s
2021-01-28 21:53:53,769 Epoch: 190/500, runtime: 25.002 s
2021-01-28 21:54:19,126 Epoch: 191/500, runtime: 25.357 s
2021-01-28 21:54:45,221 Epoch: 192/500, runtime: 26.095 s
2021-01-28 21:55:11,713 Epoch: 193/500, runtime: 26.492 s
2021-01-28 21:55:36,959 Epoch: 194/500, runtime: 25.246 s
2021-01-28 21:56:02,156 Epoch: 195/500, runtime: 25.197 s
2021-01-28 21:56:26,648 Epoch: 196/500, runtime: 24.491 s
2021-01-28 21:56:51,128 Epoch: 197/500, runtime: 24.480 s
2021-01-28 21:57:15,660 Epoch: 198/500, runtime: 24.532 s
2021-01-28 21:57:40,605 Epoch: 199/500, runtime: 24.944 s
2021-01-28 21:58:05,957 Epoch: 200/500, runtime: 25.352 s
2021-01-28 21:58:31,668 Epoch: 201/500, runtime: 25.710 s
2021-01-28 21:58:56,761 Epoch: 202/500, runtime: 25.093 s
2021-01-28 21:59:22,030 Epoch: 203/500, runtime: 25.269 s
2021-01-28 21:59:46,917 Epoch: 204/500, runtime: 24.887 s
2021-01-28 22:00:11,504 Epoch: 205/500, runtime: 24.586 s
2021-01-28 22:00:35,923 Epoch: 206/500, runtime: 24.419 s
2021-01-28 22:01:00,362 Epoch: 207/500, runtime: 24.439 s
2021-01-28 22:01:24,697 Epoch: 208/500, runtime: 24.334 s
2021-01-28 22:01:49,043 Epoch: 209/500, runtime: 24.346 s
2021-01-28 22:02:13,563 Epoch: 210/500, runtime: 24.519 s
2021-01-28 22:02:38,090 Epoch: 211/500, runtime: 24.527 s
2021-01-28 22:03:02,571 Epoch: 212/500, runtime: 24.481 s
2021-01-28 22:03:26,966 Epoch: 213/500, runtime: 24.395 s
2021-01-28 22:03:51,430 Epoch: 214/500, runtime: 24.464 s
2021-01-28 22:04:16,052 Epoch: 215/500, runtime: 24.621 s
2021-01-28 22:04:40,640 Epoch: 216/500, runtime: 24.588 s
2021-01-28 22:05:05,256 Epoch: 217/500, runtime: 24.616 s
2021-01-28 22:05:29,730 Epoch: 218/500, runtime: 24.474 s
2021-01-28 22:05:54,219 Epoch: 219/500, runtime: 24.489 s
2021-01-28 22:06:18,683 Epoch: 220/500, runtime: 24.464 s
2021-01-28 22:06:43,287 Epoch: 221/500, runtime: 24.604 s
2021-01-28 22:07:07,781 Epoch: 222/500, runtime: 24.494 s
2021-01-28 22:07:32,359 Epoch: 223/500, runtime: 24.577 s
2021-01-28 22:07:58,502 Epoch: 224/500, runtime: 26.143 s
2021-01-28 22:08:24,115 Epoch: 225/500, runtime: 25.612 s
2021-01-28 22:08:48,964 Epoch: 226/500, runtime: 24.849 s
2021-01-28 22:09:13,591 Epoch: 227/500, runtime: 24.627 s
2021-01-28 22:09:38,321 Epoch: 228/500, runtime: 24.730 s
2021-01-28 22:10:03,396 Epoch: 229/500, runtime: 25.075 s
2021-01-28 22:10:27,963 Epoch: 230/500, runtime: 24.567 s
2021-01-28 22:10:53,324 Epoch: 231/500, runtime: 25.361 s
2021-01-28 22:11:17,625 Epoch: 232/500, runtime: 24.301 s
2021-01-28 22:11:42,303 Epoch: 233/500, runtime: 24.678 s
2021-01-28 22:12:07,250 Epoch: 234/500, runtime: 24.947 s
2021-01-28 22:12:32,612 Epoch: 235/500, runtime: 25.362 s
2021-01-28 22:12:59,186 Epoch: 236/500, runtime: 26.575 s
2021-01-28 22:13:25,849 Epoch: 237/500, runtime: 26.662 s
2021-01-28 22:13:51,808 Epoch: 238/500, runtime: 25.959 s
2021-01-28 22:14:18,340 Epoch: 239/500, runtime: 26.532 s
2021-01-28 22:14:44,339 Epoch: 240/500, runtime: 25.998 s
2021-01-28 22:15:09,081 Epoch: 241/500, runtime: 24.742 s
2021-01-28 22:15:35,556 Epoch: 242/500, runtime: 26.475 s
2021-01-28 22:16:01,142 Epoch: 243/500, runtime: 25.586 s
2021-01-28 22:16:26,950 Epoch: 244/500, runtime: 25.808 s
2021-01-28 22:16:53,641 Epoch: 245/500, runtime: 26.690 s
2021-01-28 22:17:18,951 Epoch: 246/500, runtime: 25.310 s
2021-01-28 22:17:44,315 Epoch: 247/500, runtime: 25.364 s
2021-01-28 22:18:09,730 Epoch: 248/500, runtime: 25.415 s
2021-01-28 22:18:34,984 Epoch: 249/500, runtime: 25.254 s
2021-01-28 22:19:00,375 Epoch: 250/500, runtime: 25.390 s
2021-01-28 22:19:25,896 Epoch: 251/500, runtime: 25.521 s
2021-01-28 22:19:50,387 Epoch: 252/500, runtime: 24.491 s
2021-01-28 22:20:15,043 Epoch: 253/500, runtime: 24.655 s
2021-01-28 22:20:40,442 Epoch: 254/500, runtime: 25.399 s
2021-01-28 22:21:06,095 Epoch: 255/500, runtime: 25.652 s
2021-01-28 22:21:32,189 Epoch: 256/500, runtime: 26.094 s
2021-01-28 22:21:58,925 Epoch: 257/500, runtime: 26.736 s
2021-01-28 22:22:24,571 Epoch: 258/500, runtime: 25.646 s
2021-01-28 22:22:50,792 Epoch: 259/500, runtime: 26.220 s
2021-01-28 22:23:16,935 Epoch: 260/500, runtime: 26.143 s
2021-01-28 22:23:42,121 Epoch: 261/500, runtime: 25.185 s
2021-01-28 22:24:06,839 Epoch: 262/500, runtime: 24.718 s
2021-01-28 22:24:32,852 Epoch: 263/500, runtime: 26.013 s
2021-01-28 22:24:58,549 Epoch: 264/500, runtime: 25.697 s
2021-01-28 22:25:23,661 Epoch: 265/500, runtime: 25.111 s
2021-01-28 22:25:48,089 Epoch: 266/500, runtime: 24.428 s
2021-01-28 22:26:12,879 Epoch: 267/500, runtime: 24.790 s
2021-01-28 22:26:37,766 Epoch: 268/500, runtime: 24.887 s
2021-01-28 22:27:02,371 Epoch: 269/500, runtime: 24.604 s
2021-01-28 22:27:27,551 Epoch: 270/500, runtime: 25.180 s
2021-01-28 22:27:52,564 Epoch: 271/500, runtime: 25.013 s
2021-01-28 22:28:17,023 Epoch: 272/500, runtime: 24.458 s
2021-01-28 22:28:41,967 Epoch: 273/500, runtime: 24.944 s
2021-01-28 22:29:06,240 Epoch: 274/500, runtime: 24.273 s
2021-01-28 22:29:30,695 Epoch: 275/500, runtime: 24.455 s
2021-01-28 22:29:55,335 Epoch: 276/500, runtime: 24.640 s
2021-01-28 22:30:19,779 Epoch: 277/500, runtime: 24.444 s
2021-01-28 22:30:44,113 Epoch: 278/500, runtime: 24.335 s
2021-01-28 22:31:08,412 Epoch: 279/500, runtime: 24.299 s
2021-01-28 22:31:33,036 Epoch: 280/500, runtime: 24.624 s
2021-01-28 22:31:57,612 Epoch: 281/500, runtime: 24.575 s
2021-01-28 22:32:22,028 Epoch: 282/500, runtime: 24.416 s
2021-01-28 22:32:46,412 Epoch: 283/500, runtime: 24.384 s
2021-01-28 22:33:11,047 Epoch: 284/500, runtime: 24.634 s
2021-01-28 22:33:35,499 Epoch: 285/500, runtime: 24.452 s
2021-01-28 22:34:00,077 Epoch: 286/500, runtime: 24.578 s
2021-01-28 22:34:24,678 Epoch: 287/500, runtime: 24.601 s
2021-01-28 22:34:49,051 Epoch: 288/500, runtime: 24.373 s
2021-01-28 22:35:13,992 Epoch: 289/500, runtime: 24.940 s
2021-01-28 22:35:38,757 Epoch: 290/500, runtime: 24.765 s
2021-01-28 22:36:03,242 Epoch: 291/500, runtime: 24.485 s
2021-01-28 22:36:27,581 Epoch: 292/500, runtime: 24.339 s
2021-01-28 22:36:51,852 Epoch: 293/500, runtime: 24.270 s
2021-01-28 22:37:16,399 Epoch: 294/500, runtime: 24.547 s
2021-01-28 22:37:40,638 Epoch: 295/500, runtime: 24.239 s
2021-01-28 22:38:04,956 Epoch: 296/500, runtime: 24.318 s
2021-01-28 22:38:29,297 Epoch: 297/500, runtime: 24.341 s
2021-01-28 22:38:53,492 Epoch: 298/500, runtime: 24.195 s
2021-01-28 22:39:17,744 Epoch: 299/500, runtime: 24.251 s
2021-01-28 22:39:42,043 Epoch: 300/500, runtime: 24.299 s
2021-01-28 22:40:06,108 Epoch: 301/500, runtime: 24.065 s
2021-01-28 22:40:30,116 Epoch: 302/500, runtime: 24.007 s
2021-01-28 22:40:54,819 Epoch: 303/500, runtime: 24.703 s
2021-01-28 22:41:19,751 Epoch: 304/500, runtime: 24.932 s
2021-01-28 22:41:44,741 Epoch: 305/500, runtime: 24.990 s
2021-01-28 22:42:09,440 Epoch: 306/500, runtime: 24.699 s
2021-01-28 22:42:34,289 Epoch: 307/500, runtime: 24.848 s
2021-01-28 22:42:58,559 Epoch: 308/500, runtime: 24.270 s
2021-01-28 22:43:22,455 Epoch: 309/500, runtime: 23.896 s
2021-01-28 22:43:46,491 Epoch: 310/500, runtime: 24.036 s
2021-01-28 22:44:10,575 Epoch: 311/500, runtime: 24.084 s
2021-01-28 22:44:35,006 Epoch: 312/500, runtime: 24.430 s
2021-01-28 22:44:59,317 Epoch: 313/500, runtime: 24.311 s
2021-01-28 22:45:23,263 Epoch: 314/500, runtime: 23.946 s
2021-01-28 22:45:47,775 Epoch: 315/500, runtime: 24.512 s
2021-01-28 22:46:11,753 Epoch: 316/500, runtime: 23.977 s
2021-01-28 22:46:36,349 Epoch: 317/500, runtime: 24.597 s
2021-01-28 22:47:01,446 Epoch: 318/500, runtime: 25.096 s
2021-01-28 22:47:25,544 Epoch: 319/500, runtime: 24.098 s
2021-01-28 22:47:49,505 Epoch: 320/500, runtime: 23.961 s
2021-01-28 22:48:13,817 Epoch: 321/500, runtime: 24.312 s
2021-01-28 22:48:38,400 Epoch: 322/500, runtime: 24.583 s
2021-01-28 22:49:03,303 Epoch: 323/500, runtime: 24.903 s
2021-01-28 22:49:27,375 Epoch: 324/500, runtime: 24.073 s
2021-01-28 22:49:52,152 Epoch: 325/500, runtime: 24.776 s
2021-01-28 22:50:17,162 Epoch: 326/500, runtime: 25.010 s
2021-01-28 22:50:41,006 Epoch: 327/500, runtime: 23.844 s
2021-01-28 22:51:05,537 Epoch: 328/500, runtime: 24.531 s
2021-01-28 22:51:30,650 Epoch: 329/500, runtime: 25.113 s
2021-01-28 22:51:55,125 Epoch: 330/500, runtime: 24.475 s
2021-01-28 22:52:19,713 Epoch: 331/500, runtime: 24.588 s
2021-01-28 22:52:44,462 Epoch: 332/500, runtime: 24.749 s
2021-01-28 22:53:09,045 Epoch: 333/500, runtime: 24.582 s
2021-01-28 22:53:33,227 Epoch: 334/500, runtime: 24.182 s
2021-01-28 22:53:57,237 Epoch: 335/500, runtime: 24.010 s
2021-01-28 22:54:21,559 Epoch: 336/500, runtime: 24.322 s
2021-01-28 22:54:45,714 Epoch: 337/500, runtime: 24.155 s
2021-01-28 22:55:10,365 Epoch: 338/500, runtime: 24.651 s
2021-01-28 22:55:34,477 Epoch: 339/500, runtime: 24.112 s
2021-01-28 22:55:58,853 Epoch: 340/500, runtime: 24.375 s
2021-01-28 22:56:23,634 Epoch: 341/500, runtime: 24.781 s
2021-01-28 22:56:48,151 Epoch: 342/500, runtime: 24.517 s
2021-01-28 22:57:12,336 Epoch: 343/500, runtime: 24.184 s
2021-01-28 22:57:37,619 Epoch: 344/500, runtime: 25.283 s
2021-01-28 22:58:02,075 Epoch: 345/500, runtime: 24.455 s
2021-01-28 22:58:27,146 Epoch: 346/500, runtime: 25.072 s
2021-01-28 22:58:51,667 Epoch: 347/500, runtime: 24.520 s
2021-01-28 22:59:16,795 Epoch: 348/500, runtime: 25.128 s
2021-01-28 22:59:41,105 Epoch: 349/500, runtime: 24.310 s
2021-01-28 23:00:06,478 Epoch: 350/500, runtime: 25.373 s
2021-01-28 23:00:32,192 Epoch: 351/500, runtime: 25.714 s
2021-01-28 23:00:57,100 Epoch: 352/500, runtime: 24.907 s
2021-01-28 23:01:22,535 Epoch: 353/500, runtime: 25.435 s
2021-01-28 23:01:47,351 Epoch: 354/500, runtime: 24.816 s
2021-01-28 23:02:11,705 Epoch: 355/500, runtime: 24.354 s
2021-01-28 23:02:35,782 Epoch: 356/500, runtime: 24.077 s
2021-01-28 23:03:00,298 Epoch: 357/500, runtime: 24.516 s
2021-01-28 23:03:26,906 Epoch: 358/500, runtime: 26.608 s
2021-01-28 23:03:51,388 Epoch: 359/500, runtime: 24.482 s
2021-01-28 23:04:15,307 Epoch: 360/500, runtime: 23.919 s
2021-01-28 23:04:39,984 Epoch: 361/500, runtime: 24.676 s
2021-01-28 23:05:04,327 Epoch: 362/500, runtime: 24.343 s
2021-01-28 23:05:29,041 Epoch: 363/500, runtime: 24.714 s
2021-01-28 23:05:53,801 Epoch: 364/500, runtime: 24.760 s
2021-01-28 23:06:18,783 Epoch: 365/500, runtime: 24.982 s
2021-01-28 23:06:43,917 Epoch: 366/500, runtime: 25.134 s
2021-01-28 23:07:08,742 Epoch: 367/500, runtime: 24.825 s
2021-01-28 23:07:33,222 Epoch: 368/500, runtime: 24.480 s
2021-01-28 23:07:58,496 Epoch: 369/500, runtime: 25.274 s
2021-01-28 23:08:22,830 Epoch: 370/500, runtime: 24.334 s
2021-01-28 23:08:47,914 Epoch: 371/500, runtime: 25.084 s
2021-01-28 23:09:12,516 Epoch: 372/500, runtime: 24.602 s
2021-01-28 23:09:37,209 Epoch: 373/500, runtime: 24.693 s
2021-01-28 23:10:01,714 Epoch: 374/500, runtime: 24.505 s
2021-01-28 23:10:25,850 Epoch: 375/500, runtime: 24.136 s
2021-01-28 23:10:49,854 Epoch: 376/500, runtime: 24.003 s
2021-01-28 23:11:14,234 Epoch: 377/500, runtime: 24.380 s
2021-01-28 23:11:40,145 Epoch: 378/500, runtime: 25.911 s
2021-01-28 23:12:06,456 Epoch: 379/500, runtime: 26.311 s
2021-01-28 23:12:32,434 Epoch: 380/500, runtime: 25.978 s
2021-01-28 23:12:57,224 Epoch: 381/500, runtime: 24.789 s
2021-01-28 23:13:22,283 Epoch: 382/500, runtime: 25.059 s
2021-01-28 23:13:47,636 Epoch: 383/500, runtime: 25.353 s
2021-01-28 23:14:12,985 Epoch: 384/500, runtime: 25.348 s
2021-01-28 23:14:37,366 Epoch: 385/500, runtime: 24.381 s
2021-01-28 23:15:01,803 Epoch: 386/500, runtime: 24.436 s
2021-01-28 23:15:26,240 Epoch: 387/500, runtime: 24.437 s
2021-01-28 23:15:50,346 Epoch: 388/500, runtime: 24.106 s
2021-01-28 23:16:14,566 Epoch: 389/500, runtime: 24.219 s
2021-01-28 23:16:38,899 Epoch: 390/500, runtime: 24.333 s
2021-01-28 23:17:03,661 Epoch: 391/500, runtime: 24.762 s
2021-01-28 23:17:28,124 Epoch: 392/500, runtime: 24.463 s
2021-01-28 23:17:52,664 Epoch: 393/500, runtime: 24.540 s
2021-01-28 23:18:17,378 Epoch: 394/500, runtime: 24.714 s
2021-01-28 23:18:42,013 Epoch: 395/500, runtime: 24.634 s
2021-01-28 23:19:06,980 Epoch: 396/500, runtime: 24.967 s
2021-01-28 23:19:31,254 Epoch: 397/500, runtime: 24.273 s
2021-01-28 23:19:55,956 Epoch: 398/500, runtime: 24.702 s
2021-01-28 23:20:20,674 Epoch: 399/500, runtime: 24.718 s
2021-01-28 23:20:45,512 Epoch: 400/500, runtime: 24.838 s
2021-01-28 23:21:09,815 Epoch: 401/500, runtime: 24.303 s
2021-01-28 23:21:34,060 Epoch: 402/500, runtime: 24.245 s
2021-01-28 23:21:58,316 Epoch: 403/500, runtime: 24.255 s
2021-01-28 23:22:22,505 Epoch: 404/500, runtime: 24.189 s
2021-01-28 23:22:46,556 Epoch: 405/500, runtime: 24.051 s
2021-01-28 23:23:11,192 Epoch: 406/500, runtime: 24.635 s
2021-01-28 23:23:36,439 Epoch: 407/500, runtime: 25.247 s
2021-01-28 23:24:00,669 Epoch: 408/500, runtime: 24.230 s
2021-01-28 23:24:25,545 Epoch: 409/500, runtime: 24.875 s
2021-01-28 23:24:50,897 Epoch: 410/500, runtime: 25.353 s
2021-01-28 23:25:15,505 Epoch: 411/500, runtime: 24.608 s
2021-01-28 23:25:39,951 Epoch: 412/500, runtime: 24.446 s
2021-01-28 23:26:05,406 Epoch: 413/500, runtime: 25.454 s
2021-01-28 23:26:30,592 Epoch: 414/500, runtime: 25.186 s
2021-01-28 23:26:54,585 Epoch: 415/500, runtime: 23.992 s
2021-01-28 23:27:18,642 Epoch: 416/500, runtime: 24.057 s
2021-01-28 23:27:42,994 Epoch: 417/500, runtime: 24.353 s
2021-01-28 23:28:07,309 Epoch: 418/500, runtime: 24.314 s
2021-01-28 23:28:31,384 Epoch: 419/500, runtime: 24.075 s
2021-01-28 23:28:55,643 Epoch: 420/500, runtime: 24.259 s
2021-01-28 23:29:20,384 Epoch: 421/500, runtime: 24.740 s
2021-01-28 23:29:44,914 Epoch: 422/500, runtime: 24.530 s
2021-01-28 23:30:09,483 Epoch: 423/500, runtime: 24.569 s
2021-01-28 23:30:33,256 Epoch: 424/500, runtime: 23.773 s
2021-01-28 23:30:57,085 Epoch: 425/500, runtime: 23.828 s
2021-01-28 23:31:20,898 Epoch: 426/500, runtime: 23.813 s
2021-01-28 23:31:45,077 Epoch: 427/500, runtime: 24.180 s
2021-01-28 23:32:08,876 Epoch: 428/500, runtime: 23.798 s
2021-01-28 23:32:32,667 Epoch: 429/500, runtime: 23.791 s
2021-01-28 23:32:56,415 Epoch: 430/500, runtime: 23.748 s
2021-01-28 23:33:20,215 Epoch: 431/500, runtime: 23.800 s
2021-01-28 23:33:43,904 Epoch: 432/500, runtime: 23.688 s
2021-01-28 23:34:08,650 Epoch: 433/500, runtime: 24.746 s
2021-01-28 23:34:32,557 Epoch: 434/500, runtime: 23.907 s
2021-01-28 23:34:56,460 Epoch: 435/500, runtime: 23.903 s
2021-01-28 23:35:20,714 Epoch: 436/500, runtime: 24.254 s
2021-01-28 23:35:45,016 Epoch: 437/500, runtime: 24.302 s
2021-01-28 23:36:09,308 Epoch: 438/500, runtime: 24.291 s
2021-01-28 23:36:33,452 Epoch: 439/500, runtime: 24.144 s
2021-01-28 23:36:57,540 Epoch: 440/500, runtime: 24.088 s
2021-01-28 23:37:21,544 Epoch: 441/500, runtime: 24.004 s
2021-01-28 23:37:45,591 Epoch: 442/500, runtime: 24.047 s
2021-01-28 23:38:09,636 Epoch: 443/500, runtime: 24.045 s
2021-01-28 23:38:33,676 Epoch: 444/500, runtime: 24.040 s
2021-01-28 23:38:57,717 Epoch: 445/500, runtime: 24.041 s
2021-01-28 23:39:22,728 Epoch: 446/500, runtime: 25.010 s
2021-01-28 23:39:47,470 Epoch: 447/500, runtime: 24.743 s
2021-01-28 23:40:11,466 Epoch: 448/500, runtime: 23.995 s
2021-01-28 23:40:35,863 Epoch: 449/500, runtime: 24.397 s
2021-01-28 23:41:00,053 Epoch: 450/500, runtime: 24.190 s
2021-01-28 23:41:24,337 Epoch: 451/500, runtime: 24.284 s
2021-01-28 23:41:49,515 Epoch: 452/500, runtime: 25.178 s
2021-01-28 23:42:14,503 Epoch: 453/500, runtime: 24.988 s
2021-01-28 23:42:38,693 Epoch: 454/500, runtime: 24.190 s
2021-01-28 23:43:02,739 Epoch: 455/500, runtime: 24.046 s
2021-01-28 23:43:26,850 Epoch: 456/500, runtime: 24.110 s
2021-01-28 23:43:52,048 Epoch: 457/500, runtime: 25.198 s
2021-01-28 23:44:17,035 Epoch: 458/500, runtime: 24.987 s
2021-01-28 23:44:41,272 Epoch: 459/500, runtime: 24.237 s
2021-01-28 23:45:05,395 Epoch: 460/500, runtime: 24.122 s
2021-01-28 23:45:29,127 Epoch: 461/500, runtime: 23.732 s
2021-01-28 23:45:54,014 Epoch: 462/500, runtime: 24.886 s
2021-01-28 23:46:17,900 Epoch: 463/500, runtime: 23.886 s
2021-01-28 23:46:43,512 Epoch: 464/500, runtime: 25.611 s
2021-01-28 23:47:08,322 Epoch: 465/500, runtime: 24.810 s
2021-01-28 23:47:34,539 Epoch: 466/500, runtime: 26.217 s
2021-01-28 23:47:59,758 Epoch: 467/500, runtime: 25.218 s
2021-01-28 23:48:24,091 Epoch: 468/500, runtime: 24.333 s
2021-01-28 23:48:48,724 Epoch: 469/500, runtime: 24.633 s
2021-01-28 23:49:12,694 Epoch: 470/500, runtime: 23.969 s
2021-01-28 23:49:36,642 Epoch: 471/500, runtime: 23.948 s
2021-01-28 23:50:00,610 Epoch: 472/500, runtime: 23.967 s
2021-01-28 23:50:24,971 Epoch: 473/500, runtime: 24.362 s
2021-01-28 23:50:48,763 Epoch: 474/500, runtime: 23.792 s
2021-01-28 23:51:12,734 Epoch: 475/500, runtime: 23.970 s
2021-01-28 23:51:36,887 Epoch: 476/500, runtime: 24.152 s
2021-01-28 23:52:02,497 Epoch: 477/500, runtime: 25.610 s
2021-01-28 23:52:28,108 Epoch: 478/500, runtime: 25.610 s
2021-01-28 23:52:52,285 Epoch: 479/500, runtime: 24.177 s
2021-01-28 23:53:16,258 Epoch: 480/500, runtime: 23.973 s
2021-01-28 23:53:40,402 Epoch: 481/500, runtime: 24.144 s
2021-01-28 23:54:04,315 Epoch: 482/500, runtime: 23.913 s
2021-01-28 23:54:28,536 Epoch: 483/500, runtime: 24.221 s
2021-01-28 23:54:52,877 Epoch: 484/500, runtime: 24.341 s
2021-01-28 23:55:16,682 Epoch: 485/500, runtime: 23.805 s
2021-01-28 23:55:40,753 Epoch: 486/500, runtime: 24.070 s
2021-01-28 23:56:05,621 Epoch: 487/500, runtime: 24.868 s
2021-01-28 23:56:30,315 Epoch: 488/500, runtime: 24.694 s
2021-01-28 23:56:54,619 Epoch: 489/500, runtime: 24.303 s
2021-01-28 23:57:18,842 Epoch: 490/500, runtime: 24.223 s
2021-01-28 23:57:43,020 Epoch: 491/500, runtime: 24.177 s
2021-01-28 23:58:07,069 Epoch: 492/500, runtime: 24.049 s
2021-01-28 23:58:31,108 Epoch: 493/500, runtime: 24.038 s
2021-01-28 23:58:55,162 Epoch: 494/500, runtime: 24.054 s
2021-01-28 23:59:19,053 Epoch: 495/500, runtime: 23.891 s
2021-01-28 23:59:42,855 Epoch: 496/500, runtime: 23.801 s
2021-01-29 00:00:06,772 Epoch: 497/500, runtime: 23.917 s
2021-01-29 00:00:31,273 Epoch: 498/500, runtime: 24.501 s
2021-01-29 00:00:56,077 Epoch: 499/500, runtime: 24.804 s
2021-01-29 00:01:21,204 Epoch: 500/500, runtime: 25.126 s
2021-01-29 00:01:21,252 Total runtime: 3.437 hrs.
2021-01-29 00:01:21,252 Results saved to:: results4//topicwise_words.txt
2021-01-29 00:01:21,253 -- Done --
